Copyright 1986-2018 Xilinx, Inc. All Rights Reserved.
------------------------------------------------------------------------------------------------------------------------------------------
| Tool Version : Vivado v.2018.2 (win64) Build 2258646 Thu Jun 14 20:03:12 MDT 2018
| Date         : Wed May  1 15:20:57 2019
| Host         : N-5CD6281M34 running 64-bit major release  (build 9200)
| Command      : report_drc -file design_1_wrapper_drc_routed.rpt -pb design_1_wrapper_drc_routed.pb -rpx design_1_wrapper_drc_routed.rpx
| Design       : design_1_wrapper
| Device       : xc7z010clg400-1
| Speed File   : -1
| Design State : Routed
------------------------------------------------------------------------------------------------------------------------------------------

Report DRC

Table of Contents
-----------------
1. REPORT SUMMARY
2. REPORT DETAILS

1. REPORT SUMMARY
-----------------
            Netlist: netlist
          Floorplan: design_1
      Design limits: <entire design considered>
           Ruledeck: default
             Max violations: <unlimited>
             Violations found: 79
+-----------+----------+-------------------------------------------------------------------+------------+
| Rule      | Severity | Description                                                       | Violations |
+-----------+----------+-------------------------------------------------------------------+------------+
| DPBU-1    | Warning  | Clock leaf drivers                                                | 42         |
| RTSTAT-10 | Warning  | No routable loads                                                 | 1          |
| AVAL-4    | Advisory | enum_USE_DPORT_FALSE_enum_DREG_ADREG_0_connects_CED_CEAD_RSTD_GND | 24         |
| AVAL-5    | Advisory | enum_USE_MULT_NONE_enum_DREG_ADREG_0_connects_CED_CEAD_RSTD_GND   | 12         |
+-----------+----------+-------------------------------------------------------------------+------------+

2. REPORT DETAILS
-----------------
DPBU-1#1 Warning
Clock leaf drivers  
Invalid connection used for DSP48E1. Unroutable DSP connection found on design_1_i/KLT_2200_0/inst/disposition/ad_mult/U0/i_mult/gDSP.gDSP_only.iDSP/use_prim.appDSP48[0].bppDSP48[0].use_dsp.use_dsp48e1.iDSP48E1. Pin design_1_i/KLT_2200_0/inst/disposition/ad_mult/U0/i_mult/gDSP.gDSP_only.iDSP/use_prim.appDSP48[0].bppDSP48[0].use_dsp.use_dsp48e1.iDSP48E1/RSTCTRL is driven by BUFG/BUFH/BUFR design_1_i/KLT_2200_0/center_BUFG[0]_inst. This can lead to an unroutable situation.
Related violations: <none>

DPBU-1#2 Warning
Clock leaf drivers  
Invalid connection used for DSP48E1. Unroutable DSP connection found on design_1_i/KLT_2200_0/inst/disposition/ad_mult/U0/i_mult/gDSP.gDSP_only.iDSP/use_prim.appDSP48[0].bppDSP48[1].use_dsp.use_dsp48e1.iDSP48E1. Pin design_1_i/KLT_2200_0/inst/disposition/ad_mult/U0/i_mult/gDSP.gDSP_only.iDSP/use_prim.appDSP48[0].bppDSP48[1].use_dsp.use_dsp48e1.iDSP48E1/RSTALUMODE is driven by BUFG/BUFH/BUFR design_1_i/KLT_2200_0/center_BUFG[0]_inst. This can lead to an unroutable situation.
Related violations: <none>

DPBU-1#3 Warning
Clock leaf drivers  
Invalid connection used for DSP48E1. Unroutable DSP connection found on design_1_i/KLT_2200_0/inst/disposition/ad_mult/U0/i_mult/gDSP.gDSP_only.iDSP/use_prim.appDSP48[0].bppDSP48[1].use_dsp.use_dsp48e1.iDSP48E1. Pin design_1_i/KLT_2200_0/inst/disposition/ad_mult/U0/i_mult/gDSP.gDSP_only.iDSP/use_prim.appDSP48[0].bppDSP48[1].use_dsp.use_dsp48e1.iDSP48E1/RSTCTRL is driven by BUFG/BUFH/BUFR design_1_i/KLT_2200_0/center_BUFG[0]_inst. This can lead to an unroutable situation.
Related violations: <none>

DPBU-1#4 Warning
Clock leaf drivers  
Invalid connection used for DSP48E1. Unroutable DSP connection found on design_1_i/KLT_2200_0/inst/disposition/ad_mult/U0/i_mult/gDSP.gDSP_only.iDSP/use_prim.appDSP48[1].bppDSP48[0].use_dsp.use_dsp48e1.iDSP48E1. Pin design_1_i/KLT_2200_0/inst/disposition/ad_mult/U0/i_mult/gDSP.gDSP_only.iDSP/use_prim.appDSP48[1].bppDSP48[0].use_dsp.use_dsp48e1.iDSP48E1/RSTALUMODE is driven by BUFG/BUFH/BUFR design_1_i/KLT_2200_0/center_BUFG[0]_inst. This can lead to an unroutable situation.
Related violations: <none>

DPBU-1#5 Warning
Clock leaf drivers  
Invalid connection used for DSP48E1. Unroutable DSP connection found on design_1_i/KLT_2200_0/inst/disposition/ad_mult/U0/i_mult/gDSP.gDSP_only.iDSP/use_prim.appDSP48[1].bppDSP48[0].use_dsp.use_dsp48e1.iDSP48E1. Pin design_1_i/KLT_2200_0/inst/disposition/ad_mult/U0/i_mult/gDSP.gDSP_only.iDSP/use_prim.appDSP48[1].bppDSP48[0].use_dsp.use_dsp48e1.iDSP48E1/RSTCTRL is driven by BUFG/BUFH/BUFR design_1_i/KLT_2200_0/center_BUFG[0]_inst. This can lead to an unroutable situation.
Related violations: <none>

DPBU-1#6 Warning
Clock leaf drivers  
Invalid connection used for DSP48E1. Unroutable DSP connection found on design_1_i/KLT_2200_0/inst/disposition/ad_mult/U0/i_mult/gDSP.gDSP_only.iDSP/use_prim.appDSP48[1].bppDSP48[1].use_dsp.use_dsp48e1.iDSP48E1. Pin design_1_i/KLT_2200_0/inst/disposition/ad_mult/U0/i_mult/gDSP.gDSP_only.iDSP/use_prim.appDSP48[1].bppDSP48[1].use_dsp.use_dsp48e1.iDSP48E1/RSTALUMODE is driven by BUFG/BUFH/BUFR design_1_i/KLT_2200_0/center_BUFG[0]_inst. This can lead to an unroutable situation.
Related violations: <none>

DPBU-1#7 Warning
Clock leaf drivers  
Invalid connection used for DSP48E1. Unroutable DSP connection found on design_1_i/KLT_2200_0/inst/disposition/ad_mult/U0/i_mult/gDSP.gDSP_only.iDSP/use_prim.appDSP48[1].bppDSP48[1].use_dsp.use_dsp48e1.iDSP48E1. Pin design_1_i/KLT_2200_0/inst/disposition/ad_mult/U0/i_mult/gDSP.gDSP_only.iDSP/use_prim.appDSP48[1].bppDSP48[1].use_dsp.use_dsp48e1.iDSP48E1/RSTCTRL is driven by BUFG/BUFH/BUFR design_1_i/KLT_2200_0/center_BUFG[0]_inst. This can lead to an unroutable situation.
Related violations: <none>

DPBU-1#8 Warning
Clock leaf drivers  
Invalid connection used for DSP48E1. Unroutable DSP connection found on design_1_i/KLT_2200_0/inst/disposition/af_mult/U0/i_mult/gDSP.gDSP_only.iDSP/use_prim.appDSP48[0].bppDSP48[0].use_dsp.use_dsp48e1.iDSP48E1. Pin design_1_i/KLT_2200_0/inst/disposition/af_mult/U0/i_mult/gDSP.gDSP_only.iDSP/use_prim.appDSP48[0].bppDSP48[0].use_dsp.use_dsp48e1.iDSP48E1/RSTCTRL is driven by BUFG/BUFH/BUFR design_1_i/KLT_2200_0/center_BUFG[0]_inst. This can lead to an unroutable situation.
Related violations: <none>

DPBU-1#9 Warning
Clock leaf drivers  
Invalid connection used for DSP48E1. Unroutable DSP connection found on design_1_i/KLT_2200_0/inst/disposition/af_mult/U0/i_mult/gDSP.gDSP_only.iDSP/use_prim.appDSP48[0].bppDSP48[1].use_dsp.use_dsp48e1.iDSP48E1. Pin design_1_i/KLT_2200_0/inst/disposition/af_mult/U0/i_mult/gDSP.gDSP_only.iDSP/use_prim.appDSP48[0].bppDSP48[1].use_dsp.use_dsp48e1.iDSP48E1/RSTALUMODE is driven by BUFG/BUFH/BUFR design_1_i/KLT_2200_0/center_BUFG[0]_inst. This can lead to an unroutable situation.
Related violations: <none>

DPBU-1#10 Warning
Clock leaf drivers  
Invalid connection used for DSP48E1. Unroutable DSP connection found on design_1_i/KLT_2200_0/inst/disposition/af_mult/U0/i_mult/gDSP.gDSP_only.iDSP/use_prim.appDSP48[0].bppDSP48[1].use_dsp.use_dsp48e1.iDSP48E1. Pin design_1_i/KLT_2200_0/inst/disposition/af_mult/U0/i_mult/gDSP.gDSP_only.iDSP/use_prim.appDSP48[0].bppDSP48[1].use_dsp.use_dsp48e1.iDSP48E1/RSTCTRL is driven by BUFG/BUFH/BUFR design_1_i/KLT_2200_0/center_BUFG[0]_inst. This can lead to an unroutable situation.
Related violations: <none>

DPBU-1#11 Warning
Clock leaf drivers  
Invalid connection used for DSP48E1. Unroutable DSP connection found on design_1_i/KLT_2200_0/inst/disposition/af_mult/U0/i_mult/gDSP.gDSP_only.iDSP/use_prim.appDSP48[1].bppDSP48[0].use_dsp.use_dsp48e1.iDSP48E1. Pin design_1_i/KLT_2200_0/inst/disposition/af_mult/U0/i_mult/gDSP.gDSP_only.iDSP/use_prim.appDSP48[1].bppDSP48[0].use_dsp.use_dsp48e1.iDSP48E1/RSTALUMODE is driven by BUFG/BUFH/BUFR design_1_i/KLT_2200_0/center_BUFG[0]_inst. This can lead to an unroutable situation.
Related violations: <none>

DPBU-1#12 Warning
Clock leaf drivers  
Invalid connection used for DSP48E1. Unroutable DSP connection found on design_1_i/KLT_2200_0/inst/disposition/af_mult/U0/i_mult/gDSP.gDSP_only.iDSP/use_prim.appDSP48[1].bppDSP48[0].use_dsp.use_dsp48e1.iDSP48E1. Pin design_1_i/KLT_2200_0/inst/disposition/af_mult/U0/i_mult/gDSP.gDSP_only.iDSP/use_prim.appDSP48[1].bppDSP48[0].use_dsp.use_dsp48e1.iDSP48E1/RSTCTRL is driven by BUFG/BUFH/BUFR design_1_i/KLT_2200_0/center_BUFG[0]_inst. This can lead to an unroutable situation.
Related violations: <none>

DPBU-1#13 Warning
Clock leaf drivers  
Invalid connection used for DSP48E1. Unroutable DSP connection found on design_1_i/KLT_2200_0/inst/disposition/af_mult/U0/i_mult/gDSP.gDSP_only.iDSP/use_prim.appDSP48[1].bppDSP48[1].use_dsp.use_dsp48e1.iDSP48E1. Pin design_1_i/KLT_2200_0/inst/disposition/af_mult/U0/i_mult/gDSP.gDSP_only.iDSP/use_prim.appDSP48[1].bppDSP48[1].use_dsp.use_dsp48e1.iDSP48E1/RSTALUMODE is driven by BUFG/BUFH/BUFR design_1_i/KLT_2200_0/center_BUFG[0]_inst. This can lead to an unroutable situation.
Related violations: <none>

DPBU-1#14 Warning
Clock leaf drivers  
Invalid connection used for DSP48E1. Unroutable DSP connection found on design_1_i/KLT_2200_0/inst/disposition/af_mult/U0/i_mult/gDSP.gDSP_only.iDSP/use_prim.appDSP48[1].bppDSP48[1].use_dsp.use_dsp48e1.iDSP48E1. Pin design_1_i/KLT_2200_0/inst/disposition/af_mult/U0/i_mult/gDSP.gDSP_only.iDSP/use_prim.appDSP48[1].bppDSP48[1].use_dsp.use_dsp48e1.iDSP48E1/RSTCTRL is driven by BUFG/BUFH/BUFR design_1_i/KLT_2200_0/center_BUFG[0]_inst. This can lead to an unroutable situation.
Related violations: <none>

DPBU-1#15 Warning
Clock leaf drivers  
Invalid connection used for DSP48E1. Unroutable DSP connection found on design_1_i/KLT_2200_0/inst/disposition/bc_mult/U0/i_mult/gDSP.gDSP_only.iDSP/use_prim.appDSP48[0].bppDSP48[0].use_dsp.use_dsp48e1.iDSP48E1. Pin design_1_i/KLT_2200_0/inst/disposition/bc_mult/U0/i_mult/gDSP.gDSP_only.iDSP/use_prim.appDSP48[0].bppDSP48[0].use_dsp.use_dsp48e1.iDSP48E1/RSTCTRL is driven by BUFG/BUFH/BUFR design_1_i/KLT_2200_0/center_BUFG[0]_inst. This can lead to an unroutable situation.
Related violations: <none>

DPBU-1#16 Warning
Clock leaf drivers  
Invalid connection used for DSP48E1. Unroutable DSP connection found on design_1_i/KLT_2200_0/inst/disposition/bc_mult/U0/i_mult/gDSP.gDSP_only.iDSP/use_prim.appDSP48[0].bppDSP48[1].use_dsp.use_dsp48e1.iDSP48E1. Pin design_1_i/KLT_2200_0/inst/disposition/bc_mult/U0/i_mult/gDSP.gDSP_only.iDSP/use_prim.appDSP48[0].bppDSP48[1].use_dsp.use_dsp48e1.iDSP48E1/RSTALUMODE is driven by BUFG/BUFH/BUFR design_1_i/KLT_2200_0/center_BUFG[0]_inst. This can lead to an unroutable situation.
Related violations: <none>

DPBU-1#17 Warning
Clock leaf drivers  
Invalid connection used for DSP48E1. Unroutable DSP connection found on design_1_i/KLT_2200_0/inst/disposition/bc_mult/U0/i_mult/gDSP.gDSP_only.iDSP/use_prim.appDSP48[0].bppDSP48[1].use_dsp.use_dsp48e1.iDSP48E1. Pin design_1_i/KLT_2200_0/inst/disposition/bc_mult/U0/i_mult/gDSP.gDSP_only.iDSP/use_prim.appDSP48[0].bppDSP48[1].use_dsp.use_dsp48e1.iDSP48E1/RSTCTRL is driven by BUFG/BUFH/BUFR design_1_i/KLT_2200_0/center_BUFG[0]_inst. This can lead to an unroutable situation.
Related violations: <none>

DPBU-1#18 Warning
Clock leaf drivers  
Invalid connection used for DSP48E1. Unroutable DSP connection found on design_1_i/KLT_2200_0/inst/disposition/bc_mult/U0/i_mult/gDSP.gDSP_only.iDSP/use_prim.appDSP48[1].bppDSP48[0].use_dsp.use_dsp48e1.iDSP48E1. Pin design_1_i/KLT_2200_0/inst/disposition/bc_mult/U0/i_mult/gDSP.gDSP_only.iDSP/use_prim.appDSP48[1].bppDSP48[0].use_dsp.use_dsp48e1.iDSP48E1/RSTALUMODE is driven by BUFG/BUFH/BUFR design_1_i/KLT_2200_0/center_BUFG[0]_inst. This can lead to an unroutable situation.
Related violations: <none>

DPBU-1#19 Warning
Clock leaf drivers  
Invalid connection used for DSP48E1. Unroutable DSP connection found on design_1_i/KLT_2200_0/inst/disposition/bc_mult/U0/i_mult/gDSP.gDSP_only.iDSP/use_prim.appDSP48[1].bppDSP48[0].use_dsp.use_dsp48e1.iDSP48E1. Pin design_1_i/KLT_2200_0/inst/disposition/bc_mult/U0/i_mult/gDSP.gDSP_only.iDSP/use_prim.appDSP48[1].bppDSP48[0].use_dsp.use_dsp48e1.iDSP48E1/RSTCTRL is driven by BUFG/BUFH/BUFR design_1_i/KLT_2200_0/center_BUFG[0]_inst. This can lead to an unroutable situation.
Related violations: <none>

DPBU-1#20 Warning
Clock leaf drivers  
Invalid connection used for DSP48E1. Unroutable DSP connection found on design_1_i/KLT_2200_0/inst/disposition/bc_mult/U0/i_mult/gDSP.gDSP_only.iDSP/use_prim.appDSP48[1].bppDSP48[1].use_dsp.use_dsp48e1.iDSP48E1. Pin design_1_i/KLT_2200_0/inst/disposition/bc_mult/U0/i_mult/gDSP.gDSP_only.iDSP/use_prim.appDSP48[1].bppDSP48[1].use_dsp.use_dsp48e1.iDSP48E1/RSTALUMODE is driven by BUFG/BUFH/BUFR design_1_i/KLT_2200_0/center_BUFG[0]_inst. This can lead to an unroutable situation.
Related violations: <none>

DPBU-1#21 Warning
Clock leaf drivers  
Invalid connection used for DSP48E1. Unroutable DSP connection found on design_1_i/KLT_2200_0/inst/disposition/bc_mult/U0/i_mult/gDSP.gDSP_only.iDSP/use_prim.appDSP48[1].bppDSP48[1].use_dsp.use_dsp48e1.iDSP48E1. Pin design_1_i/KLT_2200_0/inst/disposition/bc_mult/U0/i_mult/gDSP.gDSP_only.iDSP/use_prim.appDSP48[1].bppDSP48[1].use_dsp.use_dsp48e1.iDSP48E1/RSTCTRL is driven by BUFG/BUFH/BUFR design_1_i/KLT_2200_0/center_BUFG[0]_inst. This can lead to an unroutable situation.
Related violations: <none>

DPBU-1#22 Warning
Clock leaf drivers  
Invalid connection used for DSP48E1. Unroutable DSP connection found on design_1_i/KLT_2200_0/inst/disposition/bf_mult/U0/i_mult/gDSP.gDSP_only.iDSP/use_prim.appDSP48[0].bppDSP48[0].use_dsp.use_dsp48e1.iDSP48E1. Pin design_1_i/KLT_2200_0/inst/disposition/bf_mult/U0/i_mult/gDSP.gDSP_only.iDSP/use_prim.appDSP48[0].bppDSP48[0].use_dsp.use_dsp48e1.iDSP48E1/RSTCTRL is driven by BUFG/BUFH/BUFR design_1_i/KLT_2200_0/center_BUFG[0]_inst. This can lead to an unroutable situation.
Related violations: <none>

DPBU-1#23 Warning
Clock leaf drivers  
Invalid connection used for DSP48E1. Unroutable DSP connection found on design_1_i/KLT_2200_0/inst/disposition/bf_mult/U0/i_mult/gDSP.gDSP_only.iDSP/use_prim.appDSP48[0].bppDSP48[1].use_dsp.use_dsp48e1.iDSP48E1. Pin design_1_i/KLT_2200_0/inst/disposition/bf_mult/U0/i_mult/gDSP.gDSP_only.iDSP/use_prim.appDSP48[0].bppDSP48[1].use_dsp.use_dsp48e1.iDSP48E1/RSTALUMODE is driven by BUFG/BUFH/BUFR design_1_i/KLT_2200_0/center_BUFG[0]_inst. This can lead to an unroutable situation.
Related violations: <none>

DPBU-1#24 Warning
Clock leaf drivers  
Invalid connection used for DSP48E1. Unroutable DSP connection found on design_1_i/KLT_2200_0/inst/disposition/bf_mult/U0/i_mult/gDSP.gDSP_only.iDSP/use_prim.appDSP48[0].bppDSP48[1].use_dsp.use_dsp48e1.iDSP48E1. Pin design_1_i/KLT_2200_0/inst/disposition/bf_mult/U0/i_mult/gDSP.gDSP_only.iDSP/use_prim.appDSP48[0].bppDSP48[1].use_dsp.use_dsp48e1.iDSP48E1/RSTCTRL is driven by BUFG/BUFH/BUFR design_1_i/KLT_2200_0/center_BUFG[0]_inst. This can lead to an unroutable situation.
Related violations: <none>

DPBU-1#25 Warning
Clock leaf drivers  
Invalid connection used for DSP48E1. Unroutable DSP connection found on design_1_i/KLT_2200_0/inst/disposition/bf_mult/U0/i_mult/gDSP.gDSP_only.iDSP/use_prim.appDSP48[1].bppDSP48[0].use_dsp.use_dsp48e1.iDSP48E1. Pin design_1_i/KLT_2200_0/inst/disposition/bf_mult/U0/i_mult/gDSP.gDSP_only.iDSP/use_prim.appDSP48[1].bppDSP48[0].use_dsp.use_dsp48e1.iDSP48E1/RSTALUMODE is driven by BUFG/BUFH/BUFR design_1_i/KLT_2200_0/center_BUFG[0]_inst. This can lead to an unroutable situation.
Related violations: <none>

DPBU-1#26 Warning
Clock leaf drivers  
Invalid connection used for DSP48E1. Unroutable DSP connection found on design_1_i/KLT_2200_0/inst/disposition/bf_mult/U0/i_mult/gDSP.gDSP_only.iDSP/use_prim.appDSP48[1].bppDSP48[0].use_dsp.use_dsp48e1.iDSP48E1. Pin design_1_i/KLT_2200_0/inst/disposition/bf_mult/U0/i_mult/gDSP.gDSP_only.iDSP/use_prim.appDSP48[1].bppDSP48[0].use_dsp.use_dsp48e1.iDSP48E1/RSTCTRL is driven by BUFG/BUFH/BUFR design_1_i/KLT_2200_0/center_BUFG[0]_inst. This can lead to an unroutable situation.
Related violations: <none>

DPBU-1#27 Warning
Clock leaf drivers  
Invalid connection used for DSP48E1. Unroutable DSP connection found on design_1_i/KLT_2200_0/inst/disposition/bf_mult/U0/i_mult/gDSP.gDSP_only.iDSP/use_prim.appDSP48[1].bppDSP48[1].use_dsp.use_dsp48e1.iDSP48E1. Pin design_1_i/KLT_2200_0/inst/disposition/bf_mult/U0/i_mult/gDSP.gDSP_only.iDSP/use_prim.appDSP48[1].bppDSP48[1].use_dsp.use_dsp48e1.iDSP48E1/RSTALUMODE is driven by BUFG/BUFH/BUFR design_1_i/KLT_2200_0/center_BUFG[0]_inst. This can lead to an unroutable situation.
Related violations: <none>

DPBU-1#28 Warning
Clock leaf drivers  
Invalid connection used for DSP48E1. Unroutable DSP connection found on design_1_i/KLT_2200_0/inst/disposition/bf_mult/U0/i_mult/gDSP.gDSP_only.iDSP/use_prim.appDSP48[1].bppDSP48[1].use_dsp.use_dsp48e1.iDSP48E1. Pin design_1_i/KLT_2200_0/inst/disposition/bf_mult/U0/i_mult/gDSP.gDSP_only.iDSP/use_prim.appDSP48[1].bppDSP48[1].use_dsp.use_dsp48e1.iDSP48E1/RSTCTRL is driven by BUFG/BUFH/BUFR design_1_i/KLT_2200_0/center_BUFG[0]_inst. This can lead to an unroutable situation.
Related violations: <none>

DPBU-1#29 Warning
Clock leaf drivers  
Invalid connection used for DSP48E1. Unroutable DSP connection found on design_1_i/KLT_2200_0/inst/disposition/ec_mult/U0/i_mult/gDSP.gDSP_only.iDSP/use_prim.appDSP48[0].bppDSP48[0].use_dsp.use_dsp48e1.iDSP48E1. Pin design_1_i/KLT_2200_0/inst/disposition/ec_mult/U0/i_mult/gDSP.gDSP_only.iDSP/use_prim.appDSP48[0].bppDSP48[0].use_dsp.use_dsp48e1.iDSP48E1/RSTCTRL is driven by BUFG/BUFH/BUFR design_1_i/KLT_2200_0/center_BUFG[0]_inst. This can lead to an unroutable situation.
Related violations: <none>

DPBU-1#30 Warning
Clock leaf drivers  
Invalid connection used for DSP48E1. Unroutable DSP connection found on design_1_i/KLT_2200_0/inst/disposition/ec_mult/U0/i_mult/gDSP.gDSP_only.iDSP/use_prim.appDSP48[0].bppDSP48[1].use_dsp.use_dsp48e1.iDSP48E1. Pin design_1_i/KLT_2200_0/inst/disposition/ec_mult/U0/i_mult/gDSP.gDSP_only.iDSP/use_prim.appDSP48[0].bppDSP48[1].use_dsp.use_dsp48e1.iDSP48E1/RSTALUMODE is driven by BUFG/BUFH/BUFR design_1_i/KLT_2200_0/center_BUFG[0]_inst. This can lead to an unroutable situation.
Related violations: <none>

DPBU-1#31 Warning
Clock leaf drivers  
Invalid connection used for DSP48E1. Unroutable DSP connection found on design_1_i/KLT_2200_0/inst/disposition/ec_mult/U0/i_mult/gDSP.gDSP_only.iDSP/use_prim.appDSP48[0].bppDSP48[1].use_dsp.use_dsp48e1.iDSP48E1. Pin design_1_i/KLT_2200_0/inst/disposition/ec_mult/U0/i_mult/gDSP.gDSP_only.iDSP/use_prim.appDSP48[0].bppDSP48[1].use_dsp.use_dsp48e1.iDSP48E1/RSTCTRL is driven by BUFG/BUFH/BUFR design_1_i/KLT_2200_0/center_BUFG[0]_inst. This can lead to an unroutable situation.
Related violations: <none>

DPBU-1#32 Warning
Clock leaf drivers  
Invalid connection used for DSP48E1. Unroutable DSP connection found on design_1_i/KLT_2200_0/inst/disposition/ec_mult/U0/i_mult/gDSP.gDSP_only.iDSP/use_prim.appDSP48[1].bppDSP48[0].use_dsp.use_dsp48e1.iDSP48E1. Pin design_1_i/KLT_2200_0/inst/disposition/ec_mult/U0/i_mult/gDSP.gDSP_only.iDSP/use_prim.appDSP48[1].bppDSP48[0].use_dsp.use_dsp48e1.iDSP48E1/RSTALUMODE is driven by BUFG/BUFH/BUFR design_1_i/KLT_2200_0/center_BUFG[0]_inst. This can lead to an unroutable situation.
Related violations: <none>

DPBU-1#33 Warning
Clock leaf drivers  
Invalid connection used for DSP48E1. Unroutable DSP connection found on design_1_i/KLT_2200_0/inst/disposition/ec_mult/U0/i_mult/gDSP.gDSP_only.iDSP/use_prim.appDSP48[1].bppDSP48[0].use_dsp.use_dsp48e1.iDSP48E1. Pin design_1_i/KLT_2200_0/inst/disposition/ec_mult/U0/i_mult/gDSP.gDSP_only.iDSP/use_prim.appDSP48[1].bppDSP48[0].use_dsp.use_dsp48e1.iDSP48E1/RSTCTRL is driven by BUFG/BUFH/BUFR design_1_i/KLT_2200_0/center_BUFG[0]_inst. This can lead to an unroutable situation.
Related violations: <none>

DPBU-1#34 Warning
Clock leaf drivers  
Invalid connection used for DSP48E1. Unroutable DSP connection found on design_1_i/KLT_2200_0/inst/disposition/ec_mult/U0/i_mult/gDSP.gDSP_only.iDSP/use_prim.appDSP48[1].bppDSP48[1].use_dsp.use_dsp48e1.iDSP48E1. Pin design_1_i/KLT_2200_0/inst/disposition/ec_mult/U0/i_mult/gDSP.gDSP_only.iDSP/use_prim.appDSP48[1].bppDSP48[1].use_dsp.use_dsp48e1.iDSP48E1/RSTALUMODE is driven by BUFG/BUFH/BUFR design_1_i/KLT_2200_0/center_BUFG[0]_inst. This can lead to an unroutable situation.
Related violations: <none>

DPBU-1#35 Warning
Clock leaf drivers  
Invalid connection used for DSP48E1. Unroutable DSP connection found on design_1_i/KLT_2200_0/inst/disposition/ec_mult/U0/i_mult/gDSP.gDSP_only.iDSP/use_prim.appDSP48[1].bppDSP48[1].use_dsp.use_dsp48e1.iDSP48E1. Pin design_1_i/KLT_2200_0/inst/disposition/ec_mult/U0/i_mult/gDSP.gDSP_only.iDSP/use_prim.appDSP48[1].bppDSP48[1].use_dsp.use_dsp48e1.iDSP48E1/RSTCTRL is driven by BUFG/BUFH/BUFR design_1_i/KLT_2200_0/center_BUFG[0]_inst. This can lead to an unroutable situation.
Related violations: <none>

DPBU-1#36 Warning
Clock leaf drivers  
Invalid connection used for DSP48E1. Unroutable DSP connection found on design_1_i/KLT_2200_0/inst/disposition/ed_mult/U0/i_mult/gDSP.gDSP_only.iDSP/use_prim.appDSP48[0].bppDSP48[0].use_dsp.use_dsp48e1.iDSP48E1. Pin design_1_i/KLT_2200_0/inst/disposition/ed_mult/U0/i_mult/gDSP.gDSP_only.iDSP/use_prim.appDSP48[0].bppDSP48[0].use_dsp.use_dsp48e1.iDSP48E1/RSTCTRL is driven by BUFG/BUFH/BUFR design_1_i/KLT_2200_0/center_BUFG[0]_inst. This can lead to an unroutable situation.
Related violations: <none>

DPBU-1#37 Warning
Clock leaf drivers  
Invalid connection used for DSP48E1. Unroutable DSP connection found on design_1_i/KLT_2200_0/inst/disposition/ed_mult/U0/i_mult/gDSP.gDSP_only.iDSP/use_prim.appDSP48[0].bppDSP48[1].use_dsp.use_dsp48e1.iDSP48E1. Pin design_1_i/KLT_2200_0/inst/disposition/ed_mult/U0/i_mult/gDSP.gDSP_only.iDSP/use_prim.appDSP48[0].bppDSP48[1].use_dsp.use_dsp48e1.iDSP48E1/RSTALUMODE is driven by BUFG/BUFH/BUFR design_1_i/KLT_2200_0/center_BUFG[0]_inst. This can lead to an unroutable situation.
Related violations: <none>

DPBU-1#38 Warning
Clock leaf drivers  
Invalid connection used for DSP48E1. Unroutable DSP connection found on design_1_i/KLT_2200_0/inst/disposition/ed_mult/U0/i_mult/gDSP.gDSP_only.iDSP/use_prim.appDSP48[0].bppDSP48[1].use_dsp.use_dsp48e1.iDSP48E1. Pin design_1_i/KLT_2200_0/inst/disposition/ed_mult/U0/i_mult/gDSP.gDSP_only.iDSP/use_prim.appDSP48[0].bppDSP48[1].use_dsp.use_dsp48e1.iDSP48E1/RSTCTRL is driven by BUFG/BUFH/BUFR design_1_i/KLT_2200_0/center_BUFG[0]_inst. This can lead to an unroutable situation.
Related violations: <none>

DPBU-1#39 Warning
Clock leaf drivers  
Invalid connection used for DSP48E1. Unroutable DSP connection found on design_1_i/KLT_2200_0/inst/disposition/ed_mult/U0/i_mult/gDSP.gDSP_only.iDSP/use_prim.appDSP48[1].bppDSP48[0].use_dsp.use_dsp48e1.iDSP48E1. Pin design_1_i/KLT_2200_0/inst/disposition/ed_mult/U0/i_mult/gDSP.gDSP_only.iDSP/use_prim.appDSP48[1].bppDSP48[0].use_dsp.use_dsp48e1.iDSP48E1/RSTALUMODE is driven by BUFG/BUFH/BUFR design_1_i/KLT_2200_0/center_BUFG[0]_inst. This can lead to an unroutable situation.
Related violations: <none>

DPBU-1#40 Warning
Clock leaf drivers  
Invalid connection used for DSP48E1. Unroutable DSP connection found on design_1_i/KLT_2200_0/inst/disposition/ed_mult/U0/i_mult/gDSP.gDSP_only.iDSP/use_prim.appDSP48[1].bppDSP48[0].use_dsp.use_dsp48e1.iDSP48E1. Pin design_1_i/KLT_2200_0/inst/disposition/ed_mult/U0/i_mult/gDSP.gDSP_only.iDSP/use_prim.appDSP48[1].bppDSP48[0].use_dsp.use_dsp48e1.iDSP48E1/RSTCTRL is driven by BUFG/BUFH/BUFR design_1_i/KLT_2200_0/center_BUFG[0]_inst. This can lead to an unroutable situation.
Related violations: <none>

DPBU-1#41 Warning
Clock leaf drivers  
Invalid connection used for DSP48E1. Unroutable DSP connection found on design_1_i/KLT_2200_0/inst/disposition/ed_mult/U0/i_mult/gDSP.gDSP_only.iDSP/use_prim.appDSP48[1].bppDSP48[1].use_dsp.use_dsp48e1.iDSP48E1. Pin design_1_i/KLT_2200_0/inst/disposition/ed_mult/U0/i_mult/gDSP.gDSP_only.iDSP/use_prim.appDSP48[1].bppDSP48[1].use_dsp.use_dsp48e1.iDSP48E1/RSTALUMODE is driven by BUFG/BUFH/BUFR design_1_i/KLT_2200_0/center_BUFG[0]_inst. This can lead to an unroutable situation.
Related violations: <none>

DPBU-1#42 Warning
Clock leaf drivers  
Invalid connection used for DSP48E1. Unroutable DSP connection found on design_1_i/KLT_2200_0/inst/disposition/ed_mult/U0/i_mult/gDSP.gDSP_only.iDSP/use_prim.appDSP48[1].bppDSP48[1].use_dsp.use_dsp48e1.iDSP48E1. Pin design_1_i/KLT_2200_0/inst/disposition/ed_mult/U0/i_mult/gDSP.gDSP_only.iDSP/use_prim.appDSP48[1].bppDSP48[1].use_dsp.use_dsp48e1.iDSP48E1/RSTCTRL is driven by BUFG/BUFH/BUFR design_1_i/KLT_2200_0/center_BUFG[0]_inst. This can lead to an unroutable situation.
Related violations: <none>

RTSTAT-10#1 Warning
No routable loads  
25 net(s) have no routable loads. The problem bus(es) and/or net(s) are dbg_hub/inst/BSCANID.u_xsdbm_id/CORE_XSDB.UUT_MASTER/U_ICON_INTERFACE/U_CMD6_RD/U_RD_FIFO/SUBCORE_FIFO.xsdbm_v3_0_0_rdfifo_inst/inst_fifo_gen/gconvfifo.rf/grf.rf/gntv_or_sync_fifo.gl0.rd/gr1.gr1_int.rfwft/aempty_fwft_i, dbg_hub/inst/BSCANID.u_xsdbm_id/CORE_XSDB.UUT_MASTER/U_ICON_INTERFACE/U_CMD7_CTL/ctl_reg[2:0], dbg_hub/inst/BSCANID.u_xsdbm_id/CORE_XSDB.UUT_MASTER/U_ICON_INTERFACE/U_CMD7_CTL/ctl_reg_en_2[1], dbg_hub/inst/BSCANID.u_xsdbm_id/CORE_XSDB.UUT_MASTER/U_ICON_INTERFACE/U_CMD1/ctl_reg_en_2[1], dbg_hub/inst/BSCANID.u_xsdbm_id/SWITCH_N_EXT_BSCAN.bscan_switch/m_bscan_capture[0], dbg_hub/inst/BSCANID.u_xsdbm_id/SWITCH_N_EXT_BSCAN.bscan_switch/m_bscan_drck[0], dbg_hub/inst/BSCANID.u_xsdbm_id/SWITCH_N_EXT_BSCAN.bscan_switch/m_bscan_runtest[0], dbg_hub/inst/BSCANID.u_xsdbm_id/CORE_XSDB.UUT_MASTER/U_ICON_INTERFACE/U_CMD6_RD/U_RD_FIFO/SUBCORE_FIFO.xsdbm_v3_0_0_rdfifo_inst/inst_fifo_gen/gconvfifo.rf/grf.rf/gntv_or_sync_fifo.gl0.wr/gwhf.whf/overflow, dbg_hub/inst/BSCANID.u_xsdbm_id/CORE_XSDB.UUT_MASTER/U_ICON_INTERFACE/U_CMD6_WR/U_WR_FIFO/SUBCORE_FIFO.xsdbm_v3_0_0_wrfifo_inst/inst_fifo_gen/gconvfifo.rf/grf.rf/gntv_or_sync_fifo.gl0.wr/gwhf.whf/overflow, dbg_hub/inst/BSCANID.u_xsdbm_id/CORE_XSDB.UUT_MASTER/U_ICON_INTERFACE/U_CMD6_RD/U_RD_FIFO/SUBCORE_FIFO.xsdbm_v3_0_0_rdfifo_inst/inst_fifo_gen/gconvfifo.rf/grf.rf/gntv_or_sync_fifo.gl0.rd/gras.rsts/ram_empty_i, dbg_hub/inst/BSCANID.u_xsdbm_id/CORE_XSDB.UUT_MASTER/U_ICON_INTERFACE/U_CMD6_WR/U_WR_FIFO/SUBCORE_FIFO.xsdbm_v3_0_0_wrfifo_inst/inst_fifo_gen/gconvfifo.rf/grf.rf/gntv_or_sync_fifo.gl0.wr/gwas.wsts/ram_full_i, dbg_hub/inst/BSCANID.u_xsdbm_id/CORE_XSDB.UUT_MASTER/U_ICON_INTERFACE/U_CMD6_WR/U_WR_FIFO/SUBCORE_FIFO.xsdbm_v3_0_0_wrfifo_inst/inst_fifo_gen/gconvfifo.rf/grf.rf/rstblk/rd_rst_reg[0], dbg_hub/inst/BSCANID.u_xsdbm_id/SWITCH_N_EXT_BSCAN.bscan_inst/s_bscan_tms, design_1_i/system_ila_0/inst/ila_lib/inst/ila_core_inst/u_ila_regs/U_XSDB_SLAVE/s_daddr_o[13], design_1_i/system_ila_0/inst/ila_lib/inst/ila_core_inst/u_ila_regs/U_XSDB_SLAVE/s_daddr_o[14] (the first 15 of 23 listed).
Related violations: <none>

AVAL-4#1 Advisory
enum_USE_DPORT_FALSE_enum_DREG_ADREG_0_connects_CED_CEAD_RSTD_GND  
design_1_i/KLT_2200_0/inst/disposition/x_divider/U0/i_synth/i_nonzero_fract.i_synth/opt_high_radix.i_nonzero_fract.i_high_radix/i_estimator/i_multadd/i_synth_option.i_synth_model/opt_vx7.i_uniwrap/i_primitive: DSP48E1 is not using the D port (USE_DPORT = FALSE). For improved power characteristics, set DREG and ADREG to '1', tie CED, CEAD, and RSTD to logic '0'.
Related violations: <none>

AVAL-4#2 Advisory
enum_USE_DPORT_FALSE_enum_DREG_ADREG_0_connects_CED_CEAD_RSTD_GND  
design_1_i/KLT_2200_0/inst/disposition/x_divider/U0/i_synth/i_nonzero_fract.i_synth/opt_high_radix.i_nonzero_fract.i_high_radix/i_iterative_unit/i_extra_digits.i_add/i_synth_option.i_synth_model/opt_vx7.i_uniwrap/i_primitive: DSP48E1 is not using the D port (USE_DPORT = FALSE). For improved power characteristics, set DREG and ADREG to '1', tie CED, CEAD, and RSTD to logic '0'.
Related violations: <none>

AVAL-4#3 Advisory
enum_USE_DPORT_FALSE_enum_DREG_ADREG_0_connects_CED_CEAD_RSTD_GND  
design_1_i/KLT_2200_0/inst/disposition/x_divider/U0/i_synth/i_nonzero_fract.i_synth/opt_high_radix.i_nonzero_fract.i_high_radix/i_iterative_unit/i_extra_digits.i_multadd/i_synth_option.i_synth_model/opt_vx7.i_uniwrap/i_primitive: DSP48E1 is not using the D port (USE_DPORT = FALSE). For improved power characteristics, set DREG and ADREG to '1', tie CED, CEAD, and RSTD to logic '0'.
Related violations: <none>

AVAL-4#4 Advisory
enum_USE_DPORT_FALSE_enum_DREG_ADREG_0_connects_CED_CEAD_RSTD_GND  
design_1_i/KLT_2200_0/inst/disposition/x_divider/U0/i_synth/i_nonzero_fract.i_synth/opt_high_radix.i_nonzero_fract.i_high_radix/i_iterative_unit/i_splice[1].i_add/i_synth_option.i_synth_model/opt_vx7.i_uniwrap/i_primitive: DSP48E1 is not using the D port (USE_DPORT = FALSE). For improved power characteristics, set DREG and ADREG to '1', tie CED, CEAD, and RSTD to logic '0'.
Related violations: <none>

AVAL-4#5 Advisory
enum_USE_DPORT_FALSE_enum_DREG_ADREG_0_connects_CED_CEAD_RSTD_GND  
design_1_i/KLT_2200_0/inst/disposition/x_divider/U0/i_synth/i_nonzero_fract.i_synth/opt_high_radix.i_nonzero_fract.i_high_radix/i_iterative_unit/i_splice[1].i_mult/i_synth_option.i_synth_model/opt_vx7.i_uniwrap/i_primitive: DSP48E1 is not using the D port (USE_DPORT = FALSE). For improved power characteristics, set DREG and ADREG to '1', tie CED, CEAD, and RSTD to logic '0'.
Related violations: <none>

AVAL-4#6 Advisory
enum_USE_DPORT_FALSE_enum_DREG_ADREG_0_connects_CED_CEAD_RSTD_GND  
design_1_i/KLT_2200_0/inst/disposition/x_divider/U0/i_synth/i_nonzero_fract.i_synth/opt_high_radix.i_nonzero_fract.i_high_radix/i_iterative_unit/i_splice[2].i_add/i_synth_option.i_synth_model/opt_vx7.i_uniwrap/i_primitive: DSP48E1 is not using the D port (USE_DPORT = FALSE). For improved power characteristics, set DREG and ADREG to '1', tie CED, CEAD, and RSTD to logic '0'.
Related violations: <none>

AVAL-4#7 Advisory
enum_USE_DPORT_FALSE_enum_DREG_ADREG_0_connects_CED_CEAD_RSTD_GND  
design_1_i/KLT_2200_0/inst/disposition/x_divider/U0/i_synth/i_nonzero_fract.i_synth/opt_high_radix.i_nonzero_fract.i_high_radix/i_iterative_unit/i_splice[2].i_mult/i_synth_option.i_synth_model/opt_vx7.i_uniwrap/i_primitive: DSP48E1 is not using the D port (USE_DPORT = FALSE). For improved power characteristics, set DREG and ADREG to '1', tie CED, CEAD, and RSTD to logic '0'.
Related violations: <none>

AVAL-4#8 Advisory
enum_USE_DPORT_FALSE_enum_DREG_ADREG_0_connects_CED_CEAD_RSTD_GND  
design_1_i/KLT_2200_0/inst/disposition/x_divider/U0/i_synth/i_nonzero_fract.i_synth/opt_high_radix.i_nonzero_fract.i_high_radix/i_iterative_unit/i_splice[3].i_add/i_synth_option.i_synth_model/opt_vx7.i_uniwrap/i_primitive: DSP48E1 is not using the D port (USE_DPORT = FALSE). For improved power characteristics, set DREG and ADREG to '1', tie CED, CEAD, and RSTD to logic '0'.
Related violations: <none>

AVAL-4#9 Advisory
enum_USE_DPORT_FALSE_enum_DREG_ADREG_0_connects_CED_CEAD_RSTD_GND  
design_1_i/KLT_2200_0/inst/disposition/x_divider/U0/i_synth/i_nonzero_fract.i_synth/opt_high_radix.i_nonzero_fract.i_high_radix/i_iterative_unit/i_splice[3].i_mult/i_synth_option.i_synth_model/opt_vx7.i_uniwrap/i_primitive: DSP48E1 is not using the D port (USE_DPORT = FALSE). For improved power characteristics, set DREG and ADREG to '1', tie CED, CEAD, and RSTD to logic '0'.
Related violations: <none>

AVAL-4#10 Advisory
enum_USE_DPORT_FALSE_enum_DREG_ADREG_0_connects_CED_CEAD_RSTD_GND  
design_1_i/KLT_2200_0/inst/disposition/x_divider/U0/i_synth/i_nonzero_fract.i_synth/opt_high_radix.i_nonzero_fract.i_high_radix/i_iterative_unit/i_splice[4].i_add/i_synth_option.i_synth_model/opt_vx7.i_uniwrap/i_primitive: DSP48E1 is not using the D port (USE_DPORT = FALSE). For improved power characteristics, set DREG and ADREG to '1', tie CED, CEAD, and RSTD to logic '0'.
Related violations: <none>

AVAL-4#11 Advisory
enum_USE_DPORT_FALSE_enum_DREG_ADREG_0_connects_CED_CEAD_RSTD_GND  
design_1_i/KLT_2200_0/inst/disposition/x_divider/U0/i_synth/i_nonzero_fract.i_synth/opt_high_radix.i_nonzero_fract.i_high_radix/i_iterative_unit/i_splice[4].i_mult/i_synth_option.i_synth_model/opt_vx7.i_uniwrap/i_primitive: DSP48E1 is not using the D port (USE_DPORT = FALSE). For improved power characteristics, set DREG and ADREG to '1', tie CED, CEAD, and RSTD to logic '0'.
Related violations: <none>

AVAL-4#12 Advisory
enum_USE_DPORT_FALSE_enum_DREG_ADREG_0_connects_CED_CEAD_RSTD_GND  
design_1_i/KLT_2200_0/inst/disposition/x_divider/U0/i_synth/i_nonzero_fract.i_synth/opt_high_radix.i_nonzero_fract.i_high_radix/i_quotient_collector/i_typical_case.i_addsub/i_vx5_sp3.i_casc_dsp48.i_lower_addsub/i_synth_option.i_synth_model/opt_vx7.i_uniwrap/i_primitive: DSP48E1 is not using the D port (USE_DPORT = FALSE). For improved power characteristics, set DREG and ADREG to '1', tie CED, CEAD, and RSTD to logic '0'.
Related violations: <none>

AVAL-4#13 Advisory
enum_USE_DPORT_FALSE_enum_DREG_ADREG_0_connects_CED_CEAD_RSTD_GND  
design_1_i/KLT_2200_0/inst/disposition/y_divider/U0/i_synth/i_nonzero_fract.i_synth/opt_high_radix.i_nonzero_fract.i_high_radix/i_estimator/i_multadd/i_synth_option.i_synth_model/opt_vx7.i_uniwrap/i_primitive: DSP48E1 is not using the D port (USE_DPORT = FALSE). For improved power characteristics, set DREG and ADREG to '1', tie CED, CEAD, and RSTD to logic '0'.
Related violations: <none>

AVAL-4#14 Advisory
enum_USE_DPORT_FALSE_enum_DREG_ADREG_0_connects_CED_CEAD_RSTD_GND  
design_1_i/KLT_2200_0/inst/disposition/y_divider/U0/i_synth/i_nonzero_fract.i_synth/opt_high_radix.i_nonzero_fract.i_high_radix/i_iterative_unit/i_extra_digits.i_add/i_synth_option.i_synth_model/opt_vx7.i_uniwrap/i_primitive: DSP48E1 is not using the D port (USE_DPORT = FALSE). For improved power characteristics, set DREG and ADREG to '1', tie CED, CEAD, and RSTD to logic '0'.
Related violations: <none>

AVAL-4#15 Advisory
enum_USE_DPORT_FALSE_enum_DREG_ADREG_0_connects_CED_CEAD_RSTD_GND  
design_1_i/KLT_2200_0/inst/disposition/y_divider/U0/i_synth/i_nonzero_fract.i_synth/opt_high_radix.i_nonzero_fract.i_high_radix/i_iterative_unit/i_extra_digits.i_multadd/i_synth_option.i_synth_model/opt_vx7.i_uniwrap/i_primitive: DSP48E1 is not using the D port (USE_DPORT = FALSE). For improved power characteristics, set DREG and ADREG to '1', tie CED, CEAD, and RSTD to logic '0'.
Related violations: <none>

AVAL-4#16 Advisory
enum_USE_DPORT_FALSE_enum_DREG_ADREG_0_connects_CED_CEAD_RSTD_GND  
design_1_i/KLT_2200_0/inst/disposition/y_divider/U0/i_synth/i_nonzero_fract.i_synth/opt_high_radix.i_nonzero_fract.i_high_radix/i_iterative_unit/i_splice[1].i_add/i_synth_option.i_synth_model/opt_vx7.i_uniwrap/i_primitive: DSP48E1 is not using the D port (USE_DPORT = FALSE). For improved power characteristics, set DREG and ADREG to '1', tie CED, CEAD, and RSTD to logic '0'.
Related violations: <none>

AVAL-4#17 Advisory
enum_USE_DPORT_FALSE_enum_DREG_ADREG_0_connects_CED_CEAD_RSTD_GND  
design_1_i/KLT_2200_0/inst/disposition/y_divider/U0/i_synth/i_nonzero_fract.i_synth/opt_high_radix.i_nonzero_fract.i_high_radix/i_iterative_unit/i_splice[1].i_mult/i_synth_option.i_synth_model/opt_vx7.i_uniwrap/i_primitive: DSP48E1 is not using the D port (USE_DPORT = FALSE). For improved power characteristics, set DREG and ADREG to '1', tie CED, CEAD, and RSTD to logic '0'.
Related violations: <none>

AVAL-4#18 Advisory
enum_USE_DPORT_FALSE_enum_DREG_ADREG_0_connects_CED_CEAD_RSTD_GND  
design_1_i/KLT_2200_0/inst/disposition/y_divider/U0/i_synth/i_nonzero_fract.i_synth/opt_high_radix.i_nonzero_fract.i_high_radix/i_iterative_unit/i_splice[2].i_add/i_synth_option.i_synth_model/opt_vx7.i_uniwrap/i_primitive: DSP48E1 is not using the D port (USE_DPORT = FALSE). For improved power characteristics, set DREG and ADREG to '1', tie CED, CEAD, and RSTD to logic '0'.
Related violations: <none>

AVAL-4#19 Advisory
enum_USE_DPORT_FALSE_enum_DREG_ADREG_0_connects_CED_CEAD_RSTD_GND  
design_1_i/KLT_2200_0/inst/disposition/y_divider/U0/i_synth/i_nonzero_fract.i_synth/opt_high_radix.i_nonzero_fract.i_high_radix/i_iterative_unit/i_splice[2].i_mult/i_synth_option.i_synth_model/opt_vx7.i_uniwrap/i_primitive: DSP48E1 is not using the D port (USE_DPORT = FALSE). For improved power characteristics, set DREG and ADREG to '1', tie CED, CEAD, and RSTD to logic '0'.
Related violations: <none>

AVAL-4#20 Advisory
enum_USE_DPORT_FALSE_enum_DREG_ADREG_0_connects_CED_CEAD_RSTD_GND  
design_1_i/KLT_2200_0/inst/disposition/y_divider/U0/i_synth/i_nonzero_fract.i_synth/opt_high_radix.i_nonzero_fract.i_high_radix/i_iterative_unit/i_splice[3].i_add/i_synth_option.i_synth_model/opt_vx7.i_uniwrap/i_primitive: DSP48E1 is not using the D port (USE_DPORT = FALSE). For improved power characteristics, set DREG and ADREG to '1', tie CED, CEAD, and RSTD to logic '0'.
Related violations: <none>

AVAL-4#21 Advisory
enum_USE_DPORT_FALSE_enum_DREG_ADREG_0_connects_CED_CEAD_RSTD_GND  
design_1_i/KLT_2200_0/inst/disposition/y_divider/U0/i_synth/i_nonzero_fract.i_synth/opt_high_radix.i_nonzero_fract.i_high_radix/i_iterative_unit/i_splice[3].i_mult/i_synth_option.i_synth_model/opt_vx7.i_uniwrap/i_primitive: DSP48E1 is not using the D port (USE_DPORT = FALSE). For improved power characteristics, set DREG and ADREG to '1', tie CED, CEAD, and RSTD to logic '0'.
Related violations: <none>

AVAL-4#22 Advisory
enum_USE_DPORT_FALSE_enum_DREG_ADREG_0_connects_CED_CEAD_RSTD_GND  
design_1_i/KLT_2200_0/inst/disposition/y_divider/U0/i_synth/i_nonzero_fract.i_synth/opt_high_radix.i_nonzero_fract.i_high_radix/i_iterative_unit/i_splice[4].i_add/i_synth_option.i_synth_model/opt_vx7.i_uniwrap/i_primitive: DSP48E1 is not using the D port (USE_DPORT = FALSE). For improved power characteristics, set DREG and ADREG to '1', tie CED, CEAD, and RSTD to logic '0'.
Related violations: <none>

AVAL-4#23 Advisory
enum_USE_DPORT_FALSE_enum_DREG_ADREG_0_connects_CED_CEAD_RSTD_GND  
design_1_i/KLT_2200_0/inst/disposition/y_divider/U0/i_synth/i_nonzero_fract.i_synth/opt_high_radix.i_nonzero_fract.i_high_radix/i_iterative_unit/i_splice[4].i_mult/i_synth_option.i_synth_model/opt_vx7.i_uniwrap/i_primitive: DSP48E1 is not using the D port (USE_DPORT = FALSE). For improved power characteristics, set DREG and ADREG to '1', tie CED, CEAD, and RSTD to logic '0'.
Related violations: <none>

AVAL-4#24 Advisory
enum_USE_DPORT_FALSE_enum_DREG_ADREG_0_connects_CED_CEAD_RSTD_GND  
design_1_i/KLT_2200_0/inst/disposition/y_divider/U0/i_synth/i_nonzero_fract.i_synth/opt_high_radix.i_nonzero_fract.i_high_radix/i_quotient_collector/i_typical_case.i_addsub/i_vx5_sp3.i_casc_dsp48.i_lower_addsub/i_synth_option.i_synth_model/opt_vx7.i_uniwrap/i_primitive: DSP48E1 is not using the D port (USE_DPORT = FALSE). For improved power characteristics, set DREG and ADREG to '1', tie CED, CEAD, and RSTD to logic '0'.
Related violations: <none>

AVAL-5#1 Advisory
enum_USE_MULT_NONE_enum_DREG_ADREG_0_connects_CED_CEAD_RSTD_GND  
design_1_i/KLT_2200_0/inst/disposition/x_divider/U0/i_synth/i_nonzero_fract.i_synth/opt_high_radix.i_nonzero_fract.i_high_radix/i_iterative_unit/i_extra_digits.i_add/i_synth_option.i_synth_model/opt_vx7.i_uniwrap/i_primitive: DSP48E1 is not using the Multiplier (USE_MULT = NONE). For improved power characteristics, set DREG and ADREG to '1', tie CED, CEAD, and RSTD to logic '0'.
Related violations: <none>

AVAL-5#2 Advisory
enum_USE_MULT_NONE_enum_DREG_ADREG_0_connects_CED_CEAD_RSTD_GND  
design_1_i/KLT_2200_0/inst/disposition/x_divider/U0/i_synth/i_nonzero_fract.i_synth/opt_high_radix.i_nonzero_fract.i_high_radix/i_iterative_unit/i_splice[1].i_add/i_synth_option.i_synth_model/opt_vx7.i_uniwrap/i_primitive: DSP48E1 is not using the Multiplier (USE_MULT = NONE). For improved power characteristics, set DREG and ADREG to '1', tie CED, CEAD, and RSTD to logic '0'.
Related violations: <none>

AVAL-5#3 Advisory
enum_USE_MULT_NONE_enum_DREG_ADREG_0_connects_CED_CEAD_RSTD_GND  
design_1_i/KLT_2200_0/inst/disposition/x_divider/U0/i_synth/i_nonzero_fract.i_synth/opt_high_radix.i_nonzero_fract.i_high_radix/i_iterative_unit/i_splice[2].i_add/i_synth_option.i_synth_model/opt_vx7.i_uniwrap/i_primitive: DSP48E1 is not using the Multiplier (USE_MULT = NONE). For improved power characteristics, set DREG and ADREG to '1', tie CED, CEAD, and RSTD to logic '0'.
Related violations: <none>

AVAL-5#4 Advisory
enum_USE_MULT_NONE_enum_DREG_ADREG_0_connects_CED_CEAD_RSTD_GND  
design_1_i/KLT_2200_0/inst/disposition/x_divider/U0/i_synth/i_nonzero_fract.i_synth/opt_high_radix.i_nonzero_fract.i_high_radix/i_iterative_unit/i_splice[3].i_add/i_synth_option.i_synth_model/opt_vx7.i_uniwrap/i_primitive: DSP48E1 is not using the Multiplier (USE_MULT = NONE). For improved power characteristics, set DREG and ADREG to '1', tie CED, CEAD, and RSTD to logic '0'.
Related violations: <none>

AVAL-5#5 Advisory
enum_USE_MULT_NONE_enum_DREG_ADREG_0_connects_CED_CEAD_RSTD_GND  
design_1_i/KLT_2200_0/inst/disposition/x_divider/U0/i_synth/i_nonzero_fract.i_synth/opt_high_radix.i_nonzero_fract.i_high_radix/i_iterative_unit/i_splice[4].i_add/i_synth_option.i_synth_model/opt_vx7.i_uniwrap/i_primitive: DSP48E1 is not using the Multiplier (USE_MULT = NONE). For improved power characteristics, set DREG and ADREG to '1', tie CED, CEAD, and RSTD to logic '0'.
Related violations: <none>

AVAL-5#6 Advisory
enum_USE_MULT_NONE_enum_DREG_ADREG_0_connects_CED_CEAD_RSTD_GND  
design_1_i/KLT_2200_0/inst/disposition/x_divider/U0/i_synth/i_nonzero_fract.i_synth/opt_high_radix.i_nonzero_fract.i_high_radix/i_quotient_collector/i_typical_case.i_addsub/i_vx5_sp3.i_casc_dsp48.i_lower_addsub/i_synth_option.i_synth_model/opt_vx7.i_uniwrap/i_primitive: DSP48E1 is not using the Multiplier (USE_MULT = NONE). For improved power characteristics, set DREG and ADREG to '1', tie CED, CEAD, and RSTD to logic '0'.
Related violations: <none>

AVAL-5#7 Advisory
enum_USE_MULT_NONE_enum_DREG_ADREG_0_connects_CED_CEAD_RSTD_GND  
design_1_i/KLT_2200_0/inst/disposition/y_divider/U0/i_synth/i_nonzero_fract.i_synth/opt_high_radix.i_nonzero_fract.i_high_radix/i_iterative_unit/i_extra_digits.i_add/i_synth_option.i_synth_model/opt_vx7.i_uniwrap/i_primitive: DSP48E1 is not using the Multiplier (USE_MULT = NONE). For improved power characteristics, set DREG and ADREG to '1', tie CED, CEAD, and RSTD to logic '0'.
Related violations: <none>

AVAL-5#8 Advisory
enum_USE_MULT_NONE_enum_DREG_ADREG_0_connects_CED_CEAD_RSTD_GND  
design_1_i/KLT_2200_0/inst/disposition/y_divider/U0/i_synth/i_nonzero_fract.i_synth/opt_high_radix.i_nonzero_fract.i_high_radix/i_iterative_unit/i_splice[1].i_add/i_synth_option.i_synth_model/opt_vx7.i_uniwrap/i_primitive: DSP48E1 is not using the Multiplier (USE_MULT = NONE). For improved power characteristics, set DREG and ADREG to '1', tie CED, CEAD, and RSTD to logic '0'.
Related violations: <none>

AVAL-5#9 Advisory
enum_USE_MULT_NONE_enum_DREG_ADREG_0_connects_CED_CEAD_RSTD_GND  
design_1_i/KLT_2200_0/inst/disposition/y_divider/U0/i_synth/i_nonzero_fract.i_synth/opt_high_radix.i_nonzero_fract.i_high_radix/i_iterative_unit/i_splice[2].i_add/i_synth_option.i_synth_model/opt_vx7.i_uniwrap/i_primitive: DSP48E1 is not using the Multiplier (USE_MULT = NONE). For improved power characteristics, set DREG and ADREG to '1', tie CED, CEAD, and RSTD to logic '0'.
Related violations: <none>

AVAL-5#10 Advisory
enum_USE_MULT_NONE_enum_DREG_ADREG_0_connects_CED_CEAD_RSTD_GND  
design_1_i/KLT_2200_0/inst/disposition/y_divider/U0/i_synth/i_nonzero_fract.i_synth/opt_high_radix.i_nonzero_fract.i_high_radix/i_iterative_unit/i_splice[3].i_add/i_synth_option.i_synth_model/opt_vx7.i_uniwrap/i_primitive: DSP48E1 is not using the Multiplier (USE_MULT = NONE). For improved power characteristics, set DREG and ADREG to '1', tie CED, CEAD, and RSTD to logic '0'.
Related violations: <none>

AVAL-5#11 Advisory
enum_USE_MULT_NONE_enum_DREG_ADREG_0_connects_CED_CEAD_RSTD_GND  
design_1_i/KLT_2200_0/inst/disposition/y_divider/U0/i_synth/i_nonzero_fract.i_synth/opt_high_radix.i_nonzero_fract.i_high_radix/i_iterative_unit/i_splice[4].i_add/i_synth_option.i_synth_model/opt_vx7.i_uniwrap/i_primitive: DSP48E1 is not using the Multiplier (USE_MULT = NONE). For improved power characteristics, set DREG and ADREG to '1', tie CED, CEAD, and RSTD to logic '0'.
Related violations: <none>

AVAL-5#12 Advisory
enum_USE_MULT_NONE_enum_DREG_ADREG_0_connects_CED_CEAD_RSTD_GND  
design_1_i/KLT_2200_0/inst/disposition/y_divider/U0/i_synth/i_nonzero_fract.i_synth/opt_high_radix.i_nonzero_fract.i_high_radix/i_quotient_collector/i_typical_case.i_addsub/i_vx5_sp3.i_casc_dsp48.i_lower_addsub/i_synth_option.i_synth_model/opt_vx7.i_uniwrap/i_primitive: DSP48E1 is not using the Multiplier (USE_MULT = NONE). For improved power characteristics, set DREG and ADREG to '1', tie CED, CEAD, and RSTD to logic '0'.
Related violations: <none>


