Copyright 1986-2018 Xilinx, Inc. All Rights Reserved.
-------------------------------------------------------------------------------------------------------------------------------------------------------------------------------------------
| Tool Version     : Vivado v.2018.2 (win64) Build 2258646 Thu Jun 14 20:03:12 MDT 2018
| Date             : Sun Apr 28 23:56:44 2019
| Host             : N-5CD6281M34 running 64-bit major release  (build 9200)
| Command          : report_power -file mainBlockDesign_wrapper_power_routed.rpt -pb mainBlockDesign_wrapper_power_summary_routed.pb -rpx mainBlockDesign_wrapper_power_routed.rpx
| Design           : mainBlockDesign_wrapper
| Device           : xc7z020clg400-1
| Design State     : routed
| Grade            : commercial
| Process          : typical
| Characterization : Production
-------------------------------------------------------------------------------------------------------------------------------------------------------------------------------------------

Power Report

Table of Contents
-----------------
1. Summary
1.1 On-Chip Components
1.2 Power Supply Summary
1.3 Confidence Level
2. Settings
2.1 Environment
2.2 Clock Constraints
3. Detailed Reports
3.1 By Hierarchy

1. Summary
----------

+--------------------------+--------------+
| Total On-Chip Power (W)  | 0.739        |
| Design Power Budget (W)  | Unspecified* |
| Power Budget Margin (W)  | NA           |
| Dynamic (W)              | 0.622        |
| Device Static (W)        | 0.116        |
| Effective TJA (C/W)      | 11.5         |
| Max Ambient (C)          | 76.5         |
| Junction Temperature (C) | 33.5         |
| Confidence Level         | Low          |
| Setting File             | ---          |
| Simulation Activity File | ---          |
| Design Nets Matched      | NA           |
+--------------------------+--------------+
* Specify Design Power Budget using, set_operating_conditions -design_power_budget <value in Watts>


1.1 On-Chip Components
----------------------

+--------------------------+-----------+----------+-----------+-----------------+
| On-Chip                  | Power (W) | Used     | Available | Utilization (%) |
+--------------------------+-----------+----------+-----------+-----------------+
| Clocks                   |     0.005 |        8 |       --- |             --- |
| Slice Logic              |     0.051 |    10965 |       --- |             --- |
|   LUT as Logic           |     0.033 |     2636 |     53200 |            4.95 |
|   Register               |     0.008 |     5843 |    106400 |            5.49 |
|   LUT as Shift Register  |     0.007 |      420 |     17400 |            2.41 |
|   CARRY4                 |     0.003 |      300 |     13300 |            2.26 |
|   BUFG                   |    <0.001 |        4 |        32 |           12.50 |
|   F7/F8 Muxes            |    <0.001 |       39 |     53200 |            0.07 |
|   LUT as Distributed RAM |    <0.001 |       24 |     17400 |            0.14 |
|   Others                 |    <0.001 |      909 |       --- |             --- |
|   BUFR                   |     0.000 |        1 |        88 |            1.14 |
| Signals                  |     0.095 |    10177 |       --- |             --- |
| Block RAM                |     0.001 |        4 |       140 |            2.86 |
| MMCM                     |     0.055 |        1 |         4 |           25.00 |
| PLL                      |     0.164 |        2 |         4 |           50.00 |
| DSPs                     |     0.087 |       64 |       220 |           29.09 |
| I/O                      |     0.163 |       20 |       125 |           16.00 |
| Static Power             |     0.116 |          |           |                 |
| Total                    |     0.739 |          |           |                 |
+--------------------------+-----------+----------+-----------+-----------------+


1.2 Power Supply Summary
------------------------

+-----------+-------------+-----------+-------------+------------+
| Source    | Voltage (V) | Total (A) | Dynamic (A) | Static (A) |
+-----------+-------------+-----------+-------------+------------+
| Vccint    |       1.000 |     0.265 |       0.255 |      0.010 |
| Vccaux    |       1.800 |     0.144 |       0.132 |      0.012 |
| Vcco33    |       3.300 |     0.041 |       0.040 |      0.001 |
| Vcco25    |       2.500 |     0.000 |       0.000 |      0.000 |
| Vcco18    |       1.800 |     0.000 |       0.000 |      0.000 |
| Vcco15    |       1.500 |     0.000 |       0.000 |      0.000 |
| Vcco135   |       1.350 |     0.000 |       0.000 |      0.000 |
| Vcco12    |       1.200 |     0.000 |       0.000 |      0.000 |
| Vccaux_io |       1.800 |     0.000 |       0.000 |      0.000 |
| Vccbram   |       1.000 |     0.001 |       0.000 |      0.001 |
| MGTAVcc   |       1.000 |     0.000 |       0.000 |      0.000 |
| MGTAVtt   |       1.200 |     0.000 |       0.000 |      0.000 |
| MGTVccaux |       1.800 |     0.000 |       0.000 |      0.000 |
| Vccpint   |       1.000 |     0.021 |       0.000 |      0.021 |
| Vccpaux   |       1.800 |     0.010 |       0.000 |      0.010 |
| Vccpll    |       1.800 |     0.003 |       0.000 |      0.003 |
| Vcco_ddr  |       1.500 |     0.000 |       0.000 |      0.000 |
| Vcco_mio0 |       1.800 |     0.000 |       0.000 |      0.000 |
| Vcco_mio1 |       1.800 |     0.000 |       0.000 |      0.000 |
| Vccadc    |       1.800 |     0.020 |       0.000 |      0.020 |
+-----------+-------------+-----------+-------------+------------+


1.3 Confidence Level
--------------------

+-----------------------------+------------+--------------------------------------------------------+--------------------------------------------------------------------------------------------------------------------+
| User Input Data             | Confidence | Details                                                | Action                                                                                                             |
+-----------------------------+------------+--------------------------------------------------------+--------------------------------------------------------------------------------------------------------------------+
| Design implementation state | High       | Design is routed                                       |                                                                                                                    |
| Clock nodes activity        | Low        | User specified less than 75% of clocks                 | Provide missing clock activity with a constraint file, simulation results or by editing the "By Clock Domain" view |
| I/O nodes activity          | Low        | More than 75% of inputs are missing user specification | Provide missing input activity with simulation results or by editing the "By Resource Type -> I/Os" view           |
| Internal nodes activity     | Medium     | User specified less than 25% of internal nodes         | Provide missing internal nodes activity with simulation results or by editing the "By Resource Type" views         |
| Device models               | High       | Device models are Production                           |                                                                                                                    |
|                             |            |                                                        |                                                                                                                    |
| Overall confidence level    | Low        |                                                        |                                                                                                                    |
+-----------------------------+------------+--------------------------------------------------------+--------------------------------------------------------------------------------------------------------------------+


2. Settings
-----------

2.1 Environment
---------------

+-----------------------+------------------------+
| Ambient Temp (C)      | 25.0                   |
| ThetaJA (C/W)         | 11.5                   |
| Airflow (LFM)         | 250                    |
| Heat Sink             | none                   |
| ThetaSA (C/W)         | 0.0                    |
| Board Selection       | medium (10"x10")       |
| # of Board Layers     | 8to11 (8 to 11 Layers) |
| Board Temperature (C) | 25.0                   |
+-----------------------+------------------------+


2.2 Clock Constraints
---------------------

+----------------------------------------+-----------------------------------------------------------------------+-----------------+
| Clock                                  | Domain                                                                | Constraint (ns) |
+----------------------------------------+-----------------------------------------------------------------------+-----------------+
| clk_out1_mainBlockDesign_clk_wiz_0_0   | mainBlockDesign_i/clk_wiz_0/inst/clk_out1_mainBlockDesign_clk_wiz_0_0 |             5.0 |
| clk_out1_mainBlockDesign_clk_wiz_0_0_1 | mainBlockDesign_i/clk_wiz_0/inst/clk_out1_mainBlockDesign_clk_wiz_0_0 |             5.0 |
| clkfbout_mainBlockDesign_clk_wiz_0_0   | mainBlockDesign_i/clk_wiz_0/inst/clkfbout_mainBlockDesign_clk_wiz_0_0 |             8.0 |
| clkfbout_mainBlockDesign_clk_wiz_0_0_1 | mainBlockDesign_i/clk_wiz_0/inst/clkfbout_mainBlockDesign_clk_wiz_0_0 |             8.0 |
| sys_clk_pin                            | sys_clock                                                             |             8.0 |
| sys_clock                              | sys_clock                                                             |             8.0 |
+----------------------------------------+-----------------------------------------------------------------------+-----------------+


3. Detailed Reports
-------------------

3.1 By Hierarchy
----------------

+-----------------------------------------------------------------------------------------------+-----------+
| Name                                                                                          | Power (W) |
+-----------------------------------------------------------------------------------------------+-----------+
| mainBlockDesign_wrapper                                                                       |     0.622 |
|   hdmi_rx_ddc_scl_iobuf                                                                       |     0.000 |
|   hdmi_rx_ddc_sda_iobuf                                                                       |     0.000 |
|   mainBlockDesign_i                                                                           |     0.622 |
|     KLT_sim_0                                                                                 |     0.229 |
|       inst                                                                                    |     0.229 |
|         context                                                                               |     0.006 |
|           line1                                                                               |    <0.001 |
|             BRAM                                                                              |    <0.001 |
|               U0                                                                              |    <0.001 |
|                 inst_blk_mem_gen                                                              |    <0.001 |
|                   gnbram.gnativebmg.native_blk_mem_gen                                        |    <0.001 |
|                     valid.cstr                                                                |    <0.001 |
|                       ramloop[0].ram.r                                                        |    <0.001 |
|                         prim_noinit.ram                                                       |    <0.001 |
|           line2                                                                               |    <0.001 |
|             BRAM                                                                              |    <0.001 |
|               U0                                                                              |    <0.001 |
|                 inst_blk_mem_gen                                                              |    <0.001 |
|                   gnbram.gnativebmg.native_blk_mem_gen                                        |    <0.001 |
|                     valid.cstr                                                                |    <0.001 |
|                       ramloop[0].ram.r                                                        |    <0.001 |
|                         prim_noinit.ram                                                       |    <0.001 |
|         context_pos                                                                           |    <0.001 |
|         disposition                                                                           |     0.208 |
|           ad_mult                                                                             |     0.008 |
|             U0                                                                                |     0.008 |
|               i_mult                                                                          |     0.008 |
|                 gDSP.gDSP_only.iDSP                                                           |     0.008 |
|                   use_prim.appDSP48[0].bppDSP48[0].need_output_delay.output_delay             |    <0.001 |
|                   use_prim.appDSP48[1].bppDSP48[0].need_output_delay.output_delay             |    <0.001 |
|                   use_prim.iBdelx[1].iBdely[0].need_delay_line.Bdelay                         |    <0.001 |
|                   use_prim.iBdelx[1].iBdely[1].need_delay_line.Bdelay                         |    <0.001 |
|           af_mult                                                                             |     0.009 |
|             U0                                                                                |     0.009 |
|               i_mult                                                                          |     0.009 |
|                 gDSP.gDSP_only.iDSP                                                           |     0.009 |
|                   use_prim.appDSP48[0].bppDSP48[0].need_output_delay.output_delay             |    <0.001 |
|                   use_prim.appDSP48[1].bppDSP48[0].need_output_delay.output_delay             |    <0.001 |
|                   use_prim.iBdelx[1].iBdely[0].need_delay_line.Bdelay                         |    <0.001 |
|                   use_prim.iBdelx[1].iBdely[1].need_delay_line.Bdelay                         |    <0.001 |
|           bc_mult                                                                             |     0.008 |
|             U0                                                                                |     0.008 |
|               i_mult                                                                          |     0.008 |
|                 gDSP.gDSP_only.iDSP                                                           |     0.008 |
|                   use_prim.appDSP48[0].bppDSP48[0].need_output_delay.output_delay             |    <0.001 |
|                   use_prim.appDSP48[1].bppDSP48[0].need_output_delay.output_delay             |    <0.001 |
|                   use_prim.iBdelx[1].iBdely[0].need_delay_line.Bdelay                         |    <0.001 |
|                   use_prim.iBdelx[1].iBdely[1].need_delay_line.Bdelay                         |    <0.001 |
|           bf_mult                                                                             |     0.008 |
|             U0                                                                                |     0.008 |
|               i_mult                                                                          |     0.008 |
|                 gDSP.gDSP_only.iDSP                                                           |     0.008 |
|                   use_prim.appDSP48[0].bppDSP48[0].need_output_delay.output_delay             |    <0.001 |
|                   use_prim.appDSP48[1].bppDSP48[0].need_output_delay.output_delay             |    <0.001 |
|                   use_prim.iBdelx[1].iBdely[0].need_delay_line.Bdelay                         |    <0.001 |
|                   use_prim.iBdelx[1].iBdely[1].need_delay_line.Bdelay                         |    <0.001 |
|           denom_sub                                                                           |     0.005 |
|             U0                                                                                |     0.005 |
|               xst_addsub                                                                      |     0.005 |
|                 i_baseblox.i_baseblox_addsub                                                  |     0.005 |
|                   pipelining.stages[1].slices[1].first.first_stage_adder                      |    <0.001 |
|                     i_lut6.i_lut6_addsub                                                      |    <0.001 |
|                       i_q_c_out.i_simple.sub_q_cout.q_c_outreg                                |    <0.001 |
|                   pipelining.stages[1].slices[2].first.first_stage_adder                      |    <0.001 |
|                     i_lut6.i_lut6_addsub                                                      |    <0.001 |
|                       i_q.i_simple.qreg                                                       |    <0.001 |
|                       i_q_c_out.i_simple.sub_q_cout.q_c_outreg                                |    <0.001 |
|                   pipelining.stages[1].slices[3].first.first_stage_adder                      |    <0.001 |
|                     i_lut6.i_lut6_addsub                                                      |    <0.001 |
|                       i_q.i_simple.qreg                                                       |    <0.001 |
|                       i_q_c_out.i_simple.sub_q_cout.q_c_outreg                                |    <0.001 |
|                   pipelining.stages[1].slices[4].first.first_stage_adder                      |    <0.001 |
|                     i_lut6.i_lut6_addsub                                                      |    <0.001 |
|                       i_q.i_simple.qreg                                                       |    <0.001 |
|                       i_q_c_out.i_simple.sub_q_cout.q_c_outreg                                |    <0.001 |
|                   pipelining.stages[1].slices[5].first.first_stage_adder                      |    <0.001 |
|                     i_lut6.i_lut6_addsub                                                      |    <0.001 |
|                   pipelining.stages[2].slices[2].middlestages.diagonal.diagonal_adder         |    <0.001 |
|                     i_lut6.i_lut6_addsub                                                      |    <0.001 |
|                   pipelining.stages[2].slices[2].middlestages.diagonal.i_sub.subcarryregister |    <0.001 |
|                   pipelining.stages[2].slices[3].middlestages.abovediagonal.carryregister     |    <0.001 |
|                   pipelining.stages[2].slices[3].middlestages.abovediagonal.piperegister      |    <0.001 |
|                   pipelining.stages[2].slices[4].middlestages.abovediagonal.carryregister     |    <0.001 |
|                   pipelining.stages[2].slices[4].middlestages.abovediagonal.piperegister      |    <0.001 |
|                   pipelining.stages[2].slices[5].middlestages.abovediagonal.piperegister      |    <0.001 |
|                   pipelining.stages[3].slices[1].middlestages.belowdiagonal.piperegister      |    <0.001 |
|                   pipelining.stages[3].slices[2].middlestages.belowdiagonal.piperegister      |    <0.001 |
|                   pipelining.stages[3].slices[3].middlestages.diagonal.diagonal_adder         |    <0.001 |
|                     i_lut6.i_lut6_addsub                                                      |    <0.001 |
|                       i_q.i_simple.qreg                                                       |    <0.001 |
|                   pipelining.stages[3].slices[3].middlestages.diagonal.i_sub.subcarryregister |    <0.001 |
|                   pipelining.stages[3].slices[4].middlestages.abovediagonal.carryregister     |    <0.001 |
|                   pipelining.stages[3].slices[4].middlestages.abovediagonal.piperegister      |    <0.001 |
|                   pipelining.stages[3].slices[5].middlestages.abovediagonal.piperegister      |    <0.001 |
|                   pipelining.stages[4].slices[1].middlestages.belowdiagonal.piperegister      |    <0.001 |
|                   pipelining.stages[4].slices[2].middlestages.belowdiagonal.piperegister      |    <0.001 |
|                   pipelining.stages[4].slices[3].middlestages.belowdiagonal.piperegister      |    <0.001 |
|                   pipelining.stages[4].slices[4].middlestages.diagonal.diagonal_adder         |    <0.001 |
|                     i_lut6.i_lut6_addsub                                                      |    <0.001 |
|                       i_q.i_simple.qreg                                                       |    <0.001 |
|                   pipelining.stages[4].slices[4].middlestages.diagonal.i_sub.subcarryregister |    <0.001 |
|                   pipelining.stages[4].slices[5].middlestages.abovediagonal.piperegister      |    <0.001 |
|                   pipelining.stages[5].slices[1].laststage.belowdiagonal.piperegister         |    <0.001 |
|                   pipelining.stages[5].slices[2].laststage.belowdiagonal.piperegister         |    <0.001 |
|                   pipelining.stages[5].slices[3].laststage.belowdiagonal.piperegister         |    <0.001 |
|                   pipelining.stages[5].slices[4].laststage.belowdiagonal.piperegister         |    <0.001 |
|                   pipelining.stages[5].slices[5].laststage.diagonal.diagonal_adder            |    <0.001 |
|                     i_lut6.i_lut6_addsub                                                      |    <0.001 |
|                       i_q.i_simple.qreg                                                       |    <0.001 |
|           division_ready                                                                      |    <0.001 |
|             genblk1[10].puz_i                                                                 |    <0.001 |
|             genblk1[11].puz_i                                                                 |    <0.001 |
|           ec_mult                                                                             |     0.009 |
|             U0                                                                                |     0.009 |
|               i_mult                                                                          |     0.009 |
|                 gDSP.gDSP_only.iDSP                                                           |     0.009 |
|                   use_prim.appDSP48[0].bppDSP48[0].need_output_delay.output_delay             |    <0.001 |
|                   use_prim.appDSP48[1].bppDSP48[0].need_output_delay.output_delay             |    <0.001 |
|                   use_prim.iBdelx[1].iBdely[0].need_delay_line.Bdelay                         |    <0.001 |
|                   use_prim.iBdelx[1].iBdely[1].need_delay_line.Bdelay                         |    <0.001 |
|           ed_mult                                                                             |     0.009 |
|             U0                                                                                |     0.009 |
|               i_mult                                                                          |     0.009 |
|                 gDSP.gDSP_only.iDSP                                                           |     0.009 |
|                   use_prim.appDSP48[0].bppDSP48[0].need_output_delay.output_delay             |    <0.001 |
|                   use_prim.appDSP48[1].bppDSP48[0].need_output_delay.output_delay             |    <0.001 |
|                   use_prim.iBdelx[1].iBdely[0].need_delay_line.Bdelay                         |    <0.001 |
|                   use_prim.iBdelx[1].iBdely[1].need_delay_line.Bdelay                         |    <0.001 |
|           x_divider                                                                           |     0.073 |
|             U0                                                                                |     0.073 |
|               i_synth                                                                         |     0.073 |
|                 i_nd_to_rdy                                                                   |    <0.001 |
|                 i_nonzero_fract.i_synth                                                       |     0.073 |
|                   opt_high_radix.i_nonzero_fract.i_high_radix                                 |     0.073 |
|                     i_denom_est_bypass                                                        |     0.002 |
|                     i_est_prescale_balance                                                    |     0.001 |
|                     i_estimator                                                               |     0.005 |
|                       i_coarse_est                                                            |    <0.001 |
|                       i_lut                                                                   |    <0.001 |
|                         i_synth_opt.i_synth                                                   |    <0.001 |
|                       i_multadd                                                               |     0.003 |
|                         i_synth_option.i_synth_model                                          |     0.003 |
|                           opt_vx7.i_uniwrap                                                   |     0.003 |
|                       i_x_bypass                                                              |    <0.001 |
|                     i_fix_prenorm.i_prenormalizer                                             |     0.010 |
|                       i_layer[2].i_shift_ctrl                                                 |    <0.001 |
|                       i_layer[2].i_shift_data                                                 |    <0.001 |
|                       i_layer[4].i_shift_ctrl                                                 |    <0.001 |
|                       i_layer[4].i_shift_data                                                 |     0.001 |
|                       i_layer[6].i_shift_ctrl                                                 |    <0.001 |
|                       i_layer[6].i_shift_data                                                 |     0.001 |
|                       i_layer[7].i_shift_data                                                 |     0.003 |
|                     i_fix_prenorm.i_shift_del                                                 |    <0.001 |
|                     i_fixed.i_fix_to_flt                                                      |     0.013 |
|                       i_fpo                                                                   |     0.013 |
|                         FIX_TO_FLT_OP.SPD.OP                                                  |     0.013 |
|                           EXP                                                                 |    <0.001 |
|                             EXP_MOD_DEL                                                       |    <0.001 |
|                               i_pipe                                                          |    <0.001 |
|                             IP_SIGN_DELAY                                                     |    <0.001 |
|                               i_pipe                                                          |    <0.001 |
|                             ZERO_DELAY                                                        |    <0.001 |
|                               i_pipe                                                          |    <0.001 |
|                           LZE                                                                 |    <0.001 |
|                             ENCODE[0].DIST_DEL                                                |    <0.001 |
|                               i_pipe                                                          |    <0.001 |
|                             ENCODE[0].MUX_0                                                   |    <0.001 |
|                               OP_DEL                                                          |    <0.001 |
|                                 i_pipe                                                        |    <0.001 |
|                             ENCODE[0].MUX_Z                                                   |    <0.001 |
|                               OP_DEL                                                          |    <0.001 |
|                                 i_pipe                                                        |    <0.001 |
|                             ENCODE[1].DIST_DEL                                                |    <0.001 |
|                               i_pipe                                                          |    <0.001 |
|                             ENCODE[1].MUX_0                                                   |    <0.001 |
|                               OP_DEL                                                          |    <0.001 |
|                                 i_pipe                                                        |    <0.001 |
|                             TWO.DIST_DEL                                                      |    <0.001 |
|                               i_pipe                                                          |    <0.001 |
|                             ZERO_DET_CC_1                                                     |    <0.001 |
|                             ZERO_DET_CC_2.CC                                                  |    <0.001 |
|                           M_ABS                                                               |     0.001 |
|                             Q_DEL                                                             |     0.001 |
|                               i_pipe                                                          |     0.001 |
|                           NORM_SHIFT                                                          |     0.005 |
|                             MUX_LOOP[0].DEL_SHIFT                                             |     0.002 |
|                               i_pipe                                                          |     0.002 |
|                             MUX_LOOP[1].DEL_SHIFT                                             |     0.001 |
|                               i_pipe                                                          |     0.001 |
|                             MUX_LOOP[2].DEL_SHIFT                                             |    <0.001 |
|                               i_pipe                                                          |    <0.001 |
|                           OP                                                                  |     0.001 |
|                           ROUND                                                               |    <0.001 |
|                             LOGIC.RND1                                                        |    <0.001 |
|                               Q_DEL                                                           |    <0.001 |
|                                 i_pipe                                                        |    <0.001 |
|                             LOGIC.RND2                                                        |    <0.001 |
|                               Q_DEL                                                           |    <0.001 |
|                                 i_pipe                                                        |    <0.001 |
|                             RND_BIT_GEN                                                       |    <0.001 |
|                               NORM_1_OR_0.STRUCT_REQ.GENERAL.RND1                             |    <0.001 |
|                           Z_C_DEL                                                             |     0.002 |
|                             i_pipe                                                            |     0.002 |
|                     i_fixed.i_negate_del                                                      |    <0.001 |
|                     i_flow_ctrl                                                               |    <0.001 |
|                     i_iterative_unit                                                          |     0.027 |
|                       i_est_reg                                                               |     0.002 |
|                       i_extra_digits.i_add                                                    |    <0.001 |
|                         i_synth_option.i_synth_model                                          |    <0.001 |
|                           opt_vx7.i_uniwrap                                                   |    <0.001 |
|                       i_extra_digits.i_est_carousel                                           |    <0.001 |
|                       i_extra_digits.i_est_reg                                                |    <0.001 |
|                       i_extra_digits.i_extra_digit_carrysave_carousel                         |    <0.001 |
|                       i_extra_digits.i_extra_digit_subtract_del                               |    <0.001 |
|                       i_extra_digits.i_extra_digits[1].lower_digits.i_extra_digit_carousel    |    <0.001 |
|                       i_extra_digits.i_extra_digits[2].top_digit.i_extra_digit_reg            |    <0.001 |
|                       i_extra_digits.i_extra_pp_digit.i_extra_pp_digit_reg                    |    <0.001 |
|                       i_extra_digits.i_multadd                                                |     0.002 |
|                         i_synth_option.i_synth_model                                          |     0.002 |
|                           opt_vx7.i_uniwrap                                                   |     0.002 |
|                       i_nd_del                                                                |    <0.001 |
|                       i_nd_pipe                                                               |    <0.001 |
|                       i_nd_pipe2                                                              |    <0.001 |
|                       i_splice[1].i_add                                                       |    <0.001 |
|                         i_synth_option.i_synth_model                                          |    <0.001 |
|                           opt_vx7.i_uniwrap                                                   |    <0.001 |
|                       i_splice[1].i_carrysave_del                                             |    <0.001 |
|                       i_splice[1].i_denom_pipe                                                |    <0.001 |
|                       i_splice[1].i_denom_reg                                                 |    <0.001 |
|                       i_splice[1].i_denommux_reg                                              |    <0.001 |
|                       i_splice[1].i_mult                                                      |     0.002 |
|                         i_synth_option.i_synth_model                                          |     0.002 |
|                           opt_vx7.i_uniwrap                                                   |     0.002 |
|                       i_splice[1].i_residue_reg                                               |    <0.001 |
|                       i_splice[2].i_add                                                       |     0.001 |
|                         i_synth_option.i_synth_model                                          |     0.001 |
|                           opt_vx7.i_uniwrap                                                   |     0.001 |
|                       i_splice[2].i_carrysave_del                                             |    <0.001 |
|                       i_splice[2].i_denom_pipe                                                |    <0.001 |
|                       i_splice[2].i_denom_reg                                                 |    <0.001 |
|                       i_splice[2].i_denommux_reg                                              |    <0.001 |
|                       i_splice[2].i_mult                                                      |     0.002 |
|                         i_synth_option.i_synth_model                                          |     0.002 |
|                           opt_vx7.i_uniwrap                                                   |     0.002 |
|                       i_splice[2].i_residue_reg                                               |    <0.001 |
|                       i_splice[3].i_add                                                       |     0.001 |
|                         i_synth_option.i_synth_model                                          |     0.001 |
|                           opt_vx7.i_uniwrap                                                   |     0.001 |
|                       i_splice[3].i_carrysave_del                                             |    <0.001 |
|                       i_splice[3].i_denom_pipe                                                |    <0.001 |
|                       i_splice[3].i_denom_reg                                                 |    <0.001 |
|                       i_splice[3].i_denommux_reg                                              |    <0.001 |
|                       i_splice[3].i_mult                                                      |     0.003 |
|                         i_synth_option.i_synth_model                                          |     0.003 |
|                           opt_vx7.i_uniwrap                                                   |     0.003 |
|                       i_splice[3].i_residue_reg                                               |    <0.001 |
|                       i_splice[4].i_add                                                       |     0.001 |
|                         i_synth_option.i_synth_model                                          |     0.001 |
|                           opt_vx7.i_uniwrap                                                   |     0.001 |
|                       i_splice[4].i_carrysave_del                                             |    <0.001 |
|                       i_splice[4].i_denom_pipe                                                |    <0.001 |
|                       i_splice[4].i_denom_reg                                                 |    <0.001 |
|                       i_splice[4].i_denommux_reg                                              |    <0.001 |
|                       i_splice[4].i_mult                                                      |     0.004 |
|                         i_synth_option.i_synth_model                                          |     0.004 |
|                           opt_vx7.i_uniwrap                                                   |     0.004 |
|                       i_splice[4].i_residue_reg                                               |    <0.001 |
|                       i_subtract_reg                                                          |    <0.001 |
|                     i_numer_del                                                               |     0.001 |
|                     i_prescaler                                                               |     0.008 |
|                       gDSP.gDSP_only.iDSP                                                     |     0.008 |
|                         use_prim.appDSP48[0].bppDSP48[0].need_output_delay.output_delay       |    <0.001 |
|                         use_prim.appDSP48[0].bppDSP48[1].need_output_delay.output_delay       |    <0.001 |
|                         use_prim.appDSP48[0].bppDSP48[2].need_output_delay.output_delay       |    <0.001 |
|                         use_prim.appDSP48[0].bppDSP48[3].need_output_delay.output_delay       |    <0.001 |
|                         use_prim.iBdelx[0].iBdely[2].need_delay_line.Bdelay                   |    <0.001 |
|                         use_prim.iBdelx[0].iBdely[3].need_delay_line.Bdelay                   |     0.000 |
|                     i_quotient_collector                                                      |     0.004 |
|                       i_typical_case.i_addsub                                                 |     0.004 |
|                         i_vx5_sp3.i_casc_dsp48.i_lower_addsub                                 |     0.003 |
|                           i_synth_option.i_synth_model                                        |     0.003 |
|                             opt_vx7.i_uniwrap                                                 |     0.003 |
|                         i_vx5_sp3.i_casc_dsp48.i_lower_p_balance                              |    <0.001 |
|                       i_typical_case.i_negate_carousel                                        |    <0.001 |
|                       i_typical_case.i_quot_carousel_balance                                  |    <0.001 |
|           x_sub                                                                               |     0.004 |
|             U0                                                                                |     0.004 |
|               xst_addsub                                                                      |     0.004 |
|                 i_baseblox.i_baseblox_addsub                                                  |     0.004 |
|                   pipelining.stages[1].slices[1].first.first_stage_adder                      |    <0.001 |
|                     i_lut6.i_lut6_addsub                                                      |    <0.001 |
|                       i_q_c_out.i_simple.sub_q_cout.q_c_outreg                                |    <0.001 |
|                   pipelining.stages[1].slices[2].first.first_stage_adder                      |    <0.001 |
|                     i_lut6.i_lut6_addsub                                                      |    <0.001 |
|                       i_q.i_simple.qreg                                                       |    <0.001 |
|                       i_q_c_out.i_simple.sub_q_cout.q_c_outreg                                |    <0.001 |
|                   pipelining.stages[1].slices[3].first.first_stage_adder                      |    <0.001 |
|                     i_lut6.i_lut6_addsub                                                      |    <0.001 |
|                       i_q.i_simple.qreg                                                       |    <0.001 |
|                       i_q_c_out.i_simple.sub_q_cout.q_c_outreg                                |    <0.001 |
|                   pipelining.stages[1].slices[4].first.first_stage_adder                      |    <0.001 |
|                     i_lut6.i_lut6_addsub                                                      |    <0.001 |
|                       i_q.i_simple.qreg                                                       |    <0.001 |
|                       i_q_c_out.i_simple.sub_q_cout.q_c_outreg                                |    <0.001 |
|                   pipelining.stages[1].slices[5].first.first_stage_adder                      |    <0.001 |
|                     i_lut6.i_lut6_addsub                                                      |    <0.001 |
|                   pipelining.stages[2].slices[2].middlestages.diagonal.diagonal_adder         |    <0.001 |
|                     i_lut6.i_lut6_addsub                                                      |    <0.001 |
|                   pipelining.stages[2].slices[2].middlestages.diagonal.i_sub.subcarryregister |    <0.001 |
|                   pipelining.stages[2].slices[3].middlestages.abovediagonal.carryregister     |    <0.001 |
|                   pipelining.stages[2].slices[3].middlestages.abovediagonal.piperegister      |    <0.001 |
|                   pipelining.stages[2].slices[4].middlestages.abovediagonal.carryregister     |    <0.001 |
|                   pipelining.stages[2].slices[4].middlestages.abovediagonal.piperegister      |    <0.001 |
|                   pipelining.stages[2].slices[5].middlestages.abovediagonal.piperegister      |    <0.001 |
|                   pipelining.stages[3].slices[1].middlestages.belowdiagonal.piperegister      |    <0.001 |
|                   pipelining.stages[3].slices[2].middlestages.belowdiagonal.piperegister      |    <0.001 |
|                   pipelining.stages[3].slices[3].middlestages.diagonal.diagonal_adder         |    <0.001 |
|                     i_lut6.i_lut6_addsub                                                      |    <0.001 |
|                       i_q.i_simple.qreg                                                       |    <0.001 |
|                   pipelining.stages[3].slices[3].middlestages.diagonal.i_sub.subcarryregister |    <0.001 |
|                   pipelining.stages[3].slices[4].middlestages.abovediagonal.carryregister     |    <0.001 |
|                   pipelining.stages[3].slices[4].middlestages.abovediagonal.piperegister      |    <0.001 |
|                   pipelining.stages[3].slices[5].middlestages.abovediagonal.piperegister      |    <0.001 |
|                   pipelining.stages[4].slices[1].middlestages.belowdiagonal.piperegister      |    <0.001 |
|                   pipelining.stages[4].slices[2].middlestages.belowdiagonal.piperegister      |    <0.001 |
|                   pipelining.stages[4].slices[3].middlestages.belowdiagonal.piperegister      |    <0.001 |
|                   pipelining.stages[4].slices[4].middlestages.diagonal.diagonal_adder         |    <0.001 |
|                     i_lut6.i_lut6_addsub                                                      |    <0.001 |
|                       i_q.i_simple.qreg                                                       |    <0.001 |
|                   pipelining.stages[4].slices[4].middlestages.diagonal.i_sub.subcarryregister |    <0.001 |
|                   pipelining.stages[4].slices[5].middlestages.abovediagonal.piperegister      |    <0.001 |
|                   pipelining.stages[5].slices[1].laststage.belowdiagonal.piperegister         |    <0.001 |
|                   pipelining.stages[5].slices[2].laststage.belowdiagonal.piperegister         |    <0.001 |
|                   pipelining.stages[5].slices[3].laststage.belowdiagonal.piperegister         |    <0.001 |
|                   pipelining.stages[5].slices[4].laststage.belowdiagonal.piperegister         |    <0.001 |
|                   pipelining.stages[5].slices[5].laststage.diagonal.diagonal_adder            |    <0.001 |
|                     i_lut6.i_lut6_addsub                                                      |    <0.001 |
|                       i_q.i_simple.qreg                                                       |    <0.001 |
|           y_divider                                                                           |     0.072 |
|             U0                                                                                |     0.072 |
|               i_synth                                                                         |     0.072 |
|                 i_nonzero_fract.i_synth                                                       |     0.072 |
|                   opt_high_radix.i_nonzero_fract.i_high_radix                                 |     0.072 |
|                     i_denom_est_bypass                                                        |     0.002 |
|                     i_est_prescale_balance                                                    |     0.001 |
|                     i_estimator                                                               |     0.005 |
|                       i_coarse_est                                                            |    <0.001 |
|                       i_lut                                                                   |    <0.001 |
|                         i_synth_opt.i_synth                                                   |    <0.001 |
|                       i_multadd                                                               |     0.003 |
|                         i_synth_option.i_synth_model                                          |     0.003 |
|                           opt_vx7.i_uniwrap                                                   |     0.003 |
|                       i_x_bypass                                                              |    <0.001 |
|                     i_fix_prenorm.i_prenormalizer                                             |     0.009 |
|                       i_layer[2].i_shift_ctrl                                                 |    <0.001 |
|                       i_layer[2].i_shift_data                                                 |    <0.001 |
|                       i_layer[4].i_shift_ctrl                                                 |    <0.001 |
|                       i_layer[4].i_shift_data                                                 |     0.001 |
|                       i_layer[6].i_shift_ctrl                                                 |    <0.001 |
|                       i_layer[6].i_shift_data                                                 |    <0.001 |
|                       i_layer[7].i_shift_data                                                 |     0.002 |
|                     i_fix_prenorm.i_shift_del                                                 |    <0.001 |
|                     i_fixed.i_fix_to_flt                                                      |     0.012 |
|                       i_fpo                                                                   |     0.012 |
|                         FIX_TO_FLT_OP.SPD.OP                                                  |     0.012 |
|                           EXP                                                                 |    <0.001 |
|                             EXP_MOD_DEL                                                       |    <0.001 |
|                               i_pipe                                                          |    <0.001 |
|                             IP_SIGN_DELAY                                                     |    <0.001 |
|                               i_pipe                                                          |    <0.001 |
|                             ZERO_DELAY                                                        |    <0.001 |
|                               i_pipe                                                          |    <0.001 |
|                           LZE                                                                 |    <0.001 |
|                             ENCODE[0].DIST_DEL                                                |    <0.001 |
|                               i_pipe                                                          |    <0.001 |
|                             ENCODE[0].MUX_0                                                   |    <0.001 |
|                               OP_DEL                                                          |    <0.001 |
|                                 i_pipe                                                        |    <0.001 |
|                             ENCODE[0].MUX_Z                                                   |    <0.001 |
|                               OP_DEL                                                          |    <0.001 |
|                                 i_pipe                                                        |    <0.001 |
|                             ENCODE[1].DIST_DEL                                                |    <0.001 |
|                               i_pipe                                                          |    <0.001 |
|                             ENCODE[1].MUX_0                                                   |    <0.001 |
|                               OP_DEL                                                          |    <0.001 |
|                                 i_pipe                                                        |    <0.001 |
|                             TWO.DIST_DEL                                                      |    <0.001 |
|                               i_pipe                                                          |    <0.001 |
|                             ZERO_DET_CC_1                                                     |    <0.001 |
|                             ZERO_DET_CC_2.CC                                                  |    <0.001 |
|                           M_ABS                                                               |     0.001 |
|                             Q_DEL                                                             |    <0.001 |
|                               i_pipe                                                          |    <0.001 |
|                           NORM_SHIFT                                                          |     0.005 |
|                             MUX_LOOP[0].DEL_SHIFT                                             |     0.002 |
|                               i_pipe                                                          |     0.002 |
|                             MUX_LOOP[1].DEL_SHIFT                                             |     0.001 |
|                               i_pipe                                                          |     0.001 |
|                             MUX_LOOP[2].DEL_SHIFT                                             |    <0.001 |
|                               i_pipe                                                          |    <0.001 |
|                           OP                                                                  |     0.001 |
|                           ROUND                                                               |    <0.001 |
|                             LOGIC.RND1                                                        |    <0.001 |
|                               Q_DEL                                                           |    <0.001 |
|                                 i_pipe                                                        |    <0.001 |
|                             LOGIC.RND2                                                        |    <0.001 |
|                               Q_DEL                                                           |    <0.001 |
|                                 i_pipe                                                        |    <0.001 |
|                             RND_BIT_GEN                                                       |    <0.001 |
|                               NORM_1_OR_0.STRUCT_REQ.GENERAL.RND1                             |    <0.001 |
|                           Z_C_DEL                                                             |     0.002 |
|                             i_pipe                                                            |     0.002 |
|                     i_fixed.i_negate_del                                                      |    <0.001 |
|                     i_flow_ctrl                                                               |    <0.001 |
|                     i_iterative_unit                                                          |     0.027 |
|                       i_est_reg                                                               |     0.002 |
|                       i_extra_digits.i_add                                                    |    <0.001 |
|                         i_synth_option.i_synth_model                                          |    <0.001 |
|                           opt_vx7.i_uniwrap                                                   |    <0.001 |
|                       i_extra_digits.i_est_carousel                                           |    <0.001 |
|                       i_extra_digits.i_est_reg                                                |    <0.001 |
|                       i_extra_digits.i_extra_digit_carrysave_carousel                         |    <0.001 |
|                       i_extra_digits.i_extra_digit_subtract_del                               |    <0.001 |
|                       i_extra_digits.i_extra_digits[1].lower_digits.i_extra_digit_carousel    |    <0.001 |
|                       i_extra_digits.i_extra_digits[2].top_digit.i_extra_digit_reg            |    <0.001 |
|                       i_extra_digits.i_extra_pp_digit.i_extra_pp_digit_reg                    |    <0.001 |
|                       i_extra_digits.i_multadd                                                |     0.002 |
|                         i_synth_option.i_synth_model                                          |     0.002 |
|                           opt_vx7.i_uniwrap                                                   |     0.002 |
|                       i_nd_del                                                                |    <0.001 |
|                       i_nd_pipe                                                               |    <0.001 |
|                       i_nd_pipe2                                                              |    <0.001 |
|                       i_splice[1].i_add                                                       |    <0.001 |
|                         i_synth_option.i_synth_model                                          |    <0.001 |
|                           opt_vx7.i_uniwrap                                                   |    <0.001 |
|                       i_splice[1].i_carrysave_del                                             |    <0.001 |
|                       i_splice[1].i_denom_pipe                                                |    <0.001 |
|                       i_splice[1].i_denom_reg                                                 |    <0.001 |
|                       i_splice[1].i_denommux_reg                                              |    <0.001 |
|                       i_splice[1].i_mult                                                      |     0.002 |
|                         i_synth_option.i_synth_model                                          |     0.002 |
|                           opt_vx7.i_uniwrap                                                   |     0.002 |
|                       i_splice[1].i_residue_reg                                               |    <0.001 |
|                       i_splice[2].i_add                                                       |     0.001 |
|                         i_synth_option.i_synth_model                                          |     0.001 |
|                           opt_vx7.i_uniwrap                                                   |     0.001 |
|                       i_splice[2].i_carrysave_del                                             |    <0.001 |
|                       i_splice[2].i_denom_pipe                                                |    <0.001 |
|                       i_splice[2].i_denom_reg                                                 |    <0.001 |
|                       i_splice[2].i_denommux_reg                                              |    <0.001 |
|                       i_splice[2].i_mult                                                      |     0.002 |
|                         i_synth_option.i_synth_model                                          |     0.002 |
|                           opt_vx7.i_uniwrap                                                   |     0.002 |
|                       i_splice[2].i_residue_reg                                               |    <0.001 |
|                       i_splice[3].i_add                                                       |     0.001 |
|                         i_synth_option.i_synth_model                                          |     0.001 |
|                           opt_vx7.i_uniwrap                                                   |     0.001 |
|                       i_splice[3].i_carrysave_del                                             |    <0.001 |
|                       i_splice[3].i_denom_pipe                                                |    <0.001 |
|                       i_splice[3].i_denom_reg                                                 |    <0.001 |
|                       i_splice[3].i_denommux_reg                                              |    <0.001 |
|                       i_splice[3].i_mult                                                      |     0.003 |
|                         i_synth_option.i_synth_model                                          |     0.003 |
|                           opt_vx7.i_uniwrap                                                   |     0.003 |
|                       i_splice[3].i_residue_reg                                               |    <0.001 |
|                       i_splice[4].i_add                                                       |     0.001 |
|                         i_synth_option.i_synth_model                                          |     0.001 |
|                           opt_vx7.i_uniwrap                                                   |     0.001 |
|                       i_splice[4].i_carrysave_del                                             |    <0.001 |
|                       i_splice[4].i_denom_pipe                                                |    <0.001 |
|                       i_splice[4].i_denom_reg                                                 |    <0.001 |
|                       i_splice[4].i_denommux_reg                                              |    <0.001 |
|                       i_splice[4].i_mult                                                      |     0.003 |
|                         i_synth_option.i_synth_model                                          |     0.003 |
|                           opt_vx7.i_uniwrap                                                   |     0.003 |
|                       i_splice[4].i_residue_reg                                               |    <0.001 |
|                       i_subtract_reg                                                          |    <0.001 |
|                     i_numer_del                                                               |     0.001 |
|                     i_prescaler                                                               |     0.009 |
|                       gDSP.gDSP_only.iDSP                                                     |     0.009 |
|                         use_prim.appDSP48[0].bppDSP48[0].need_output_delay.output_delay       |    <0.001 |
|                         use_prim.appDSP48[0].bppDSP48[1].need_output_delay.output_delay       |    <0.001 |
|                         use_prim.appDSP48[0].bppDSP48[2].need_output_delay.output_delay       |    <0.001 |
|                         use_prim.appDSP48[0].bppDSP48[3].need_output_delay.output_delay       |    <0.001 |
|                         use_prim.iBdelx[0].iBdely[2].need_delay_line.Bdelay                   |    <0.001 |
|                         use_prim.iBdelx[0].iBdely[3].need_delay_line.Bdelay                   |     0.000 |
|                     i_quotient_collector                                                      |     0.004 |
|                       i_typical_case.i_addsub                                                 |     0.003 |
|                         i_vx5_sp3.i_casc_dsp48.i_lower_addsub                                 |     0.002 |
|                           i_synth_option.i_synth_model                                        |     0.002 |
|                             opt_vx7.i_uniwrap                                                 |     0.002 |
|                         i_vx5_sp3.i_casc_dsp48.i_lower_p_balance                              |    <0.001 |
|                       i_typical_case.i_negate_carousel                                        |    <0.001 |
|                       i_typical_case.i_quot_carousel_balance                                  |    <0.001 |
|           y_sub                                                                               |     0.005 |
|             U0                                                                                |     0.005 |
|               xst_addsub                                                                      |     0.005 |
|                 i_baseblox.i_baseblox_addsub                                                  |     0.005 |
|                   pipelining.stages[1].slices[1].first.first_stage_adder                      |    <0.001 |
|                     i_lut6.i_lut6_addsub                                                      |    <0.001 |
|                       i_q_c_out.i_simple.sub_q_cout.q_c_outreg                                |    <0.001 |
|                   pipelining.stages[1].slices[2].first.first_stage_adder                      |    <0.001 |
|                     i_lut6.i_lut6_addsub                                                      |    <0.001 |
|                       i_q.i_simple.qreg                                                       |    <0.001 |
|                       i_q_c_out.i_simple.sub_q_cout.q_c_outreg                                |    <0.001 |
|                   pipelining.stages[1].slices[3].first.first_stage_adder                      |    <0.001 |
|                     i_lut6.i_lut6_addsub                                                      |    <0.001 |
|                       i_q.i_simple.qreg                                                       |    <0.001 |
|                       i_q_c_out.i_simple.sub_q_cout.q_c_outreg                                |    <0.001 |
|                   pipelining.stages[1].slices[4].first.first_stage_adder                      |    <0.001 |
|                     i_lut6.i_lut6_addsub                                                      |    <0.001 |
|                       i_q.i_simple.qreg                                                       |    <0.001 |
|                       i_q_c_out.i_simple.sub_q_cout.q_c_outreg                                |    <0.001 |
|                   pipelining.stages[1].slices[5].first.first_stage_adder                      |    <0.001 |
|                     i_lut6.i_lut6_addsub                                                      |    <0.001 |
|                   pipelining.stages[2].slices[2].middlestages.diagonal.diagonal_adder         |    <0.001 |
|                     i_lut6.i_lut6_addsub                                                      |    <0.001 |
|                   pipelining.stages[2].slices[2].middlestages.diagonal.i_sub.subcarryregister |    <0.001 |
|                   pipelining.stages[2].slices[3].middlestages.abovediagonal.carryregister     |    <0.001 |
|                   pipelining.stages[2].slices[3].middlestages.abovediagonal.piperegister      |    <0.001 |
|                   pipelining.stages[2].slices[4].middlestages.abovediagonal.carryregister     |    <0.001 |
|                   pipelining.stages[2].slices[4].middlestages.abovediagonal.piperegister      |    <0.001 |
|                   pipelining.stages[2].slices[5].middlestages.abovediagonal.piperegister      |    <0.001 |
|                   pipelining.stages[3].slices[1].middlestages.belowdiagonal.piperegister      |    <0.001 |
|                   pipelining.stages[3].slices[2].middlestages.belowdiagonal.piperegister      |    <0.001 |
|                   pipelining.stages[3].slices[3].middlestages.diagonal.diagonal_adder         |    <0.001 |
|                     i_lut6.i_lut6_addsub                                                      |    <0.001 |
|                       i_q.i_simple.qreg                                                       |    <0.001 |
|                   pipelining.stages[3].slices[3].middlestages.diagonal.i_sub.subcarryregister |    <0.001 |
|                   pipelining.stages[3].slices[4].middlestages.abovediagonal.carryregister     |    <0.001 |
|                   pipelining.stages[3].slices[4].middlestages.abovediagonal.piperegister      |    <0.001 |
|                   pipelining.stages[3].slices[5].middlestages.abovediagonal.piperegister      |    <0.001 |
|                   pipelining.stages[4].slices[1].middlestages.belowdiagonal.piperegister      |    <0.001 |
|                   pipelining.stages[4].slices[2].middlestages.belowdiagonal.piperegister      |    <0.001 |
|                   pipelining.stages[4].slices[3].middlestages.belowdiagonal.piperegister      |    <0.001 |
|                   pipelining.stages[4].slices[4].middlestages.diagonal.diagonal_adder         |    <0.001 |
|                     i_lut6.i_lut6_addsub                                                      |    <0.001 |
|                       i_q.i_simple.qreg                                                       |    <0.001 |
|                   pipelining.stages[4].slices[4].middlestages.diagonal.i_sub.subcarryregister |    <0.001 |
|                   pipelining.stages[4].slices[5].middlestages.abovediagonal.piperegister      |    <0.001 |
|                   pipelining.stages[5].slices[1].laststage.belowdiagonal.piperegister         |    <0.001 |
|                   pipelining.stages[5].slices[2].laststage.belowdiagonal.piperegister         |    <0.001 |
|                   pipelining.stages[5].slices[3].laststage.belowdiagonal.piperegister         |    <0.001 |
|                   pipelining.stages[5].slices[4].laststage.belowdiagonal.piperegister         |    <0.001 |
|                   pipelining.stages[5].slices[5].laststage.diagonal.diagonal_adder            |    <0.001 |
|                     i_lut6.i_lut6_addsub                                                      |    <0.001 |
|                       i_q.i_simple.qreg                                                       |    <0.001 |
|         inroi                                                                                 |     0.005 |
|           d_ready_delay                                                                       |    <0.001 |
|             genblk1[0].puz_i                                                                  |    <0.001 |
|           x_acc                                                                               |     0.001 |
|             U0                                                                                |     0.001 |
|               xst_addsub                                                                      |     0.001 |
|                 i_baseblox.i_baseblox_addsub                                                  |     0.001 |
|                   no_pipelining.the_addsub                                                    |     0.001 |
|                     i_lut6.i_lut6_addsub                                                      |     0.001 |
|                       i_q.i_simple.qreg                                                       |    <0.001 |
|           y_acc                                                                               |     0.001 |
|             U0                                                                                |     0.001 |
|               xst_addsub                                                                      |     0.001 |
|                 i_baseblox.i_baseblox_addsub                                                  |     0.001 |
|                   no_pipelining.the_addsub                                                    |     0.001 |
|                     i_lut6.i_lut6_addsub                                                      |     0.001 |
|                       i_q.i_simple.qreg                                                       |    <0.001 |
|         kltboy                                                                                |     0.008 |
|           G11_acc                                                                             |    <0.001 |
|             U0                                                                                |    <0.001 |
|               xst_addsub                                                                      |    <0.001 |
|                 i_baseblox.i_baseblox_addsub                                                  |    <0.001 |
|                   no_pipelining.the_addsub                                                    |    <0.001 |
|                     i_lut6.i_lut6_addsub                                                      |    <0.001 |
|           G12_acc                                                                             |    <0.001 |
|             U0                                                                                |    <0.001 |
|               xst_addsub                                                                      |    <0.001 |
|                 i_baseblox.i_baseblox_addsub                                                  |    <0.001 |
|                   no_pipelining.the_addsub                                                    |    <0.001 |
|                     i_lut6.i_lut6_addsub                                                      |    <0.001 |
|           G22_acc                                                                             |    <0.001 |
|             U0                                                                                |    <0.001 |
|               xst_addsub                                                                      |    <0.001 |
|                 i_baseblox.i_baseblox_addsub                                                  |    <0.001 |
|                   no_pipelining.the_addsub                                                    |    <0.001 |
|                     i_lut6.i_lut6_addsub                                                      |    <0.001 |
|           Ix_Iy                                                                               |     0.000 |
|             U0                                                                                |     0.000 |
|               i_mult                                                                          |     0.000 |
|                 gDSP.gDSP_only.iDSP                                                           |     0.000 |
|           Ix_sq                                                                               |     0.000 |
|             U0                                                                                |     0.000 |
|               i_mult                                                                          |     0.000 |
|                 gDSP.gDSP_only.iDSP                                                           |     0.000 |
|           Ix_sub                                                                              |    <0.001 |
|             U0                                                                                |    <0.001 |
|               xst_addsub                                                                      |    <0.001 |
|                 i_baseblox.i_baseblox_addsub                                                  |    <0.001 |
|                   no_pipelining.the_addsub                                                    |    <0.001 |
|                     i_lut6.i_lut6_addsub                                                      |    <0.001 |
|                       i_q.i_simple.qreg                                                       |    <0.001 |
|           Iy_sq                                                                               |     0.000 |
|             U0                                                                                |     0.000 |
|               i_mult                                                                          |     0.000 |
|                 gDSP.gDSP_only.iDSP                                                           |     0.000 |
|           Iy_sub                                                                              |    <0.001 |
|             U0                                                                                |    <0.001 |
|               xst_addsub                                                                      |    <0.001 |
|                 i_baseblox.i_baseblox_addsub                                                  |    <0.001 |
|                   no_pipelining.the_addsub                                                    |    <0.001 |
|                     i_lut6.i_lut6_addsub                                                      |    <0.001 |
|                       i_q.i_simple.qreg                                                       |    <0.001 |
|           b1_acc                                                                              |    <0.001 |
|             U0                                                                                |    <0.001 |
|               xst_addsub                                                                      |    <0.001 |
|                 i_baseblox.i_baseblox_addsub                                                  |    <0.001 |
|                   no_pipelining.the_addsub                                                    |    <0.001 |
|                     i_lut6.i_lut6_addsub                                                      |    <0.001 |
|           b2_acc                                                                              |    <0.001 |
|             U0                                                                                |    <0.001 |
|               xst_addsub                                                                      |    <0.001 |
|                 i_baseblox.i_baseblox_addsub                                                  |    <0.001 |
|                   no_pipelining.the_addsub                                                    |    <0.001 |
|                     i_lut6.i_lut6_addsub                                                      |    <0.001 |
|           dI_sub                                                                              |    <0.001 |
|             U0                                                                                |    <0.001 |
|               xst_addsub                                                                      |    <0.001 |
|                 i_baseblox.i_baseblox_addsub                                                  |    <0.001 |
|                   no_pipelining.the_addsub                                                    |    <0.001 |
|                     i_lut6.i_lut6_addsub                                                      |    <0.001 |
|                       i_q.i_simple.qreg                                                       |    <0.001 |
|           db1_mult                                                                            |     0.000 |
|             U0                                                                                |     0.000 |
|               i_mult                                                                          |     0.000 |
|                 gDSP.gDSP_only.iDSP                                                           |     0.000 |
|           db2_mult                                                                            |     0.000 |
|             U0                                                                                |     0.000 |
|               i_mult                                                                          |     0.000 |
|                 gDSP.gDSP_only.iDSP                                                           |     0.000 |
|           int_delay                                                                           |    <0.001 |
|             genblk1[0].puz_i                                                                  |    <0.001 |
|             genblk1[1].puz_i                                                                  |    <0.001 |
|           synch_comp                                                                          |    <0.001 |
|             genblk1[0].puz_i                                                                  |    <0.001 |
|         previous_frame_pixel                                                                  |    <0.001 |
|           memA                                                                                |    <0.001 |
|             U0                                                                                |    <0.001 |
|               inst_blk_mem_gen                                                                |    <0.001 |
|                 gnbram.gnativebmg.native_blk_mem_gen                                          |    <0.001 |
|                   valid.cstr                                                                  |    <0.001 |
|                     ramloop[0].ram.r                                                          |    <0.001 |
|                       prim_noinit.ram                                                         |    <0.001 |
|           memB                                                                                |    <0.001 |
|             U0                                                                                |    <0.001 |
|               inst_blk_mem_gen                                                                |    <0.001 |
|                 gnbram.gnativebmg.native_blk_mem_gen                                          |    <0.001 |
|                   valid.cstr                                                                  |    <0.001 |
|                     ramloop[0].ram.r                                                          |    <0.001 |
|                       prim_noinit.ram                                                         |    <0.001 |
|     bbox21_0                                                                                  |    <0.001 |
|       inst                                                                                    |    <0.001 |
|     clk_wiz_0                                                                                 |     0.111 |
|       inst                                                                                    |     0.111 |
|     dvi2rgb_0                                                                                 |     0.096 |
|       U0                                                                                      |     0.096 |
|         DataDecoders[0].DecoderX                                                              |     0.012 |
|           ChannelBondX                                                                        |    <0.001 |
|             pFIFO_reg_0_31_0_5                                                                |    <0.001 |
|             pFIFO_reg_0_31_6_9                                                                |    <0.001 |
|           InputSERDES_X                                                                       |     0.010 |
|           PhaseAlignX                                                                         |    <0.001 |
|           SyncBaseOvf                                                                         |    <0.001 |
|             SyncAsyncx                                                                        |    <0.001 |
|           SyncBaseRst                                                                         |    <0.001 |
|             SyncAsyncx                                                                        |    <0.001 |
|         DataDecoders[1].DecoderX                                                              |     0.011 |
|           ChannelBondX                                                                        |    <0.001 |
|             pFIFO_reg_0_31_0_5                                                                |    <0.001 |
|             pFIFO_reg_0_31_6_9                                                                |    <0.001 |
|           InputSERDES_X                                                                       |     0.010 |
|           PhaseAlignX                                                                         |    <0.001 |
|           SyncBaseOvf                                                                         |    <0.001 |
|             SyncAsyncx                                                                        |    <0.001 |
|           SyncBaseRst                                                                         |    <0.001 |
|             SyncAsyncx                                                                        |    <0.001 |
|         DataDecoders[2].DecoderX                                                              |     0.011 |
|           ChannelBondX                                                                        |    <0.001 |
|             pFIFO_reg_0_31_0_5                                                                |    <0.001 |
|             pFIFO_reg_0_31_6_9                                                                |    <0.001 |
|           InputSERDES_X                                                                       |     0.010 |
|           PhaseAlignX                                                                         |    <0.001 |
|           SyncBaseOvf                                                                         |    <0.001 |
|             SyncAsyncx                                                                        |    <0.001 |
|           SyncBaseRst                                                                         |    <0.001 |
|             SyncAsyncx                                                                        |    <0.001 |
|         GenerateBUFG.ResyncToBUFG_X                                                           |    <0.001 |
|         GenerateDDC.DDC_EEPROM                                                                |     0.002 |
|           I2C_SlaveController                                                                 |     0.002 |
|             GlitchF_SCL                                                                       |    <0.001 |
|             GlitchF_SDA                                                                       |    <0.001 |
|             SyncSCL                                                                           |    <0.001 |
|             SyncSDA                                                                           |    <0.001 |
|         LockLostReset                                                                         |     0.000 |
|           SyncAsyncx                                                                          |     0.000 |
|         TMDS_ClockingX                                                                        |     0.058 |
|           LockLostReset                                                                       |    <0.001 |
|             SyncAsyncx                                                                        |    <0.001 |
|           MMCM_LockSync                                                                       |    <0.001 |
|           RdyLostReset                                                                        |    <0.001 |
|             SyncAsyncx                                                                        |    <0.001 |
|     rgb2dvi_0                                                                                 |     0.186 |
|       U0                                                                                      |     0.186 |
|         ClockGenInternal.ClockGenX                                                            |     0.054 |
|           LockLostReset                                                                       |     0.000 |
|             SyncAsyncx                                                                        |     0.000 |
|           PLL_LockSyncAsync                                                                   |     0.000 |
|         ClockSerializer                                                                       |     0.033 |
|         DataEncoders[0].DataEncoder                                                           |    <0.001 |
|         DataEncoders[0].DataSerializer                                                        |     0.033 |
|         DataEncoders[1].DataEncoder                                                           |    <0.001 |
|         DataEncoders[1].DataSerializer                                                        |     0.033 |
|         DataEncoders[2].DataEncoder                                                           |    <0.001 |
|         DataEncoders[2].DataSerializer                                                        |     0.033 |
|         LockLostReset                                                                         |     0.000 |
|           SyncAsyncx                                                                          |     0.000 |
|     rgb2ycbcr_0                                                                               |     0.000 |
|       inst                                                                                    |     0.000 |
|         A11                                                                                   |     0.000 |
|           U0                                                                                  |     0.000 |
|             i_mult                                                                            |     0.000 |
|               gDSP.gDSP_only.iDSP                                                             |     0.000 |
|         A12                                                                                   |     0.000 |
|           U0                                                                                  |     0.000 |
|             i_mult                                                                            |     0.000 |
|               gDSP.gDSP_only.iDSP                                                             |     0.000 |
|         A13                                                                                   |     0.000 |
|           U0                                                                                  |     0.000 |
|             i_mult                                                                            |     0.000 |
|               gDSP.gDSP_only.iDSP                                                             |     0.000 |
|         S11                                                                                   |     0.000 |
|           U0                                                                                  |     0.000 |
|             xst_addsub                                                                        |     0.000 |
|               i_baseblox.i_baseblox_addsub                                                    |     0.000 |
|                 no_pipelining.the_addsub                                                      |     0.000 |
|                   i_lut6.i_lut6_addsub                                                        |     0.000 |
|                     i_q.i_simple.qreg                                                         |     0.000 |
|         S12                                                                                   |     0.000 |
|           U0                                                                                  |     0.000 |
|             xst_addsub                                                                        |     0.000 |
|               i_baseblox.i_baseblox_addsub                                                    |     0.000 |
|                 no_pipelining.the_addsub                                                      |     0.000 |
|                   i_lut6.i_lut6_addsub                                                        |     0.000 |
|                     i_q.i_simple.qreg                                                         |     0.000 |
|         delay_Y1                                                                              |     0.000 |
|           genblk1[0].puz_i                                                                    |     0.000 |
|         delay_Y2                                                                              |     0.000 |
|           genblk1[0].puz_i                                                                    |     0.000 |
|         sync_delay                                                                            |     0.000 |
|           genblk1[0].puz_i                                                                    |     0.000 |
|           genblk1[4].puz_i                                                                    |     0.000 |
|           genblk1[5].puz_i                                                                    |     0.000 |
|     xlconstant_0                                                                              |     0.000 |
|     xlconstant_1                                                                              |     0.000 |
+-----------------------------------------------------------------------------------------------+-----------+


