Vivado Simulator 2018.2
Copyright 1986-1999, 2001-2018 Xilinx, Inc. All Rights Reserved.
Running: C:/Xilinx/Vivado/2018.2/bin/unwrapped/win64.o/xelab.exe -wto a6e86397ddca48019c2dcbbc70e9262d --incr --debug typical --relax --mt 2 -L xbip_utils_v3_0_9 -L axi_utils_v2_0_5 -L xbip_pipe_v3_0_5 -L xbip_dsp48_wrapper_v3_0_4 -L xbip_dsp48_addsub_v3_0_5 -L xbip_bram18k_v3_0_5 -L mult_gen_v12_0_14 -L floating_point_v7_0_15 -L xbip_dsp48_mult_v3_0_5 -L xbip_dsp48_multadd_v3_0_5 -L div_gen_v5_1_13 -L xil_defaultlib -L c_reg_fd_v12_0_5 -L xbip_addsub_v3_0_5 -L c_addsub_v12_0_12 -L blk_mem_gen_v8_4_1 -L unisims_ver -L unimacro_ver -L secureip -L xpm --snapshot tb_pyramid_behav xil_defaultlib.tb_pyramid xil_defaultlib.glbl -log elaborate.log 
Using 2 slave threads.
Starting static elaboration
WARNING: [VRFC 10-278] actual bit length 32 differs from formal bit length 13 for port h_size [C:/konkurs/vivado_projekty/klt_pyramid/klt_pyramid.srcs/sources_1/imports/konkurs/vivado_projekty/klt_ddc/klt_ddc.srcs/sources_1/new/context_2x2.v:86]
WARNING: [VRFC 10-278] actual bit length 11 differs from formal bit length 16 for port din [C:/konkurs/vivado_projekty/klt_pyramid/klt_pyramid.srcs/sources_1/imports/konkurs/vivado_projekty/klt_ddc/klt_ddc.srcs/sources_1/new/context_2x2.v:87]
WARNING: [VRFC 10-278] actual bit length 11 differs from formal bit length 16 for port dout [C:/konkurs/vivado_projekty/klt_pyramid/klt_pyramid.srcs/sources_1/imports/konkurs/vivado_projekty/klt_ddc/klt_ddc.srcs/sources_1/new/context_2x2.v:88]
WARNING: [VRFC 10-278] actual bit length 13 differs from formal bit length 11 for port addra [C:/konkurs/vivado_projekty/klt_pyramid/klt_pyramid.srcs/sources_1/imports/moduly/delayLinieBRAM_WP.v:69]
WARNING: [VRFC 10-278] actual bit length 16 differs from formal bit length 17 for port dina [C:/konkurs/vivado_projekty/klt_pyramid/klt_pyramid.srcs/sources_1/imports/moduly/delayLinieBRAM_WP.v:70]
WARNING: [VRFC 10-278] actual bit length 16 differs from formal bit length 17 for port douta [C:/konkurs/vivado_projekty/klt_pyramid/klt_pyramid.srcs/sources_1/imports/moduly/delayLinieBRAM_WP.v:71]
Completed static elaboration
Starting simulation data flow analysis
Completed simulation data flow analysis
Time Resolution for simulation is 1ps
Compiling package std.standard
Compiling package std.textio
Compiling package ieee.std_logic_1164
Compiling package ieee.numeric_std
Compiling package c_addsub_v12_0_12.c_addsub_v12_0_12_viv_comp
Compiling package xbip_utils_v3_0_9.xbip_utils_v3_0_9_pkg
Compiling package xbip_pipe_v3_0_5.xbip_pipe_v3_0_5_viv_comp
Compiling package xbip_addsub_v3_0_5.xbip_addsub_v3_0_5_viv_comp
Compiling package c_addsub_v12_0_12.c_addsub_v12_0_12_pkg
Compiling package c_addsub_v12_0_12.c_addsub_v12_0_12_pkg_legacy
Compiling package c_reg_fd_v12_0_5.c_reg_fd_v12_0_5_viv_comp
Compiling package unisim.vcomponents
Compiling module xil_defaultlib.hdmi_in
Compiling module blk_mem_gen_v8_4_1.blk_mem_gen_v8_4_1_output_stage(...
Compiling module blk_mem_gen_v8_4_1.blk_mem_gen_v8_4_1_output_stage(...
Compiling module blk_mem_gen_v8_4_1.blk_mem_gen_v8_4_1_softecc_outpu...
Compiling module blk_mem_gen_v8_4_1.blk_mem_gen_v8_4_1_mem_module(C_...
Compiling module blk_mem_gen_v8_4_1.blk_mem_gen_v8_4_1(C_FAMILY="kin...
Compiling module xil_defaultlib.delayLineBRAM
Compiling module xil_defaultlib.delayLinieBRAM_WP
Compiling module xil_defaultlib.context_2x2
Compiling architecture structural of entity c_reg_fd_v12_0_5.c_reg_fd_v12_0_5_viv [\c_reg_fd_v12_0_5_viv(c_width=10...]
Compiling architecture muxcy_v of entity unisim.MUXCY [muxcy_default]
Compiling architecture xorcy_v of entity unisim.XORCY [xorcy_default]
Compiling architecture rtl of entity c_addsub_v12_0_12.c_addsub_v12_0_12_lut6_legacy [\c_addsub_v12_0_12_lut6_legacy(c...]
Compiling architecture synth of entity c_addsub_v12_0_12.c_addsub_v12_0_12_fabric_legacy [\c_addsub_v12_0_12_fabric_legacy...]
Compiling architecture synth of entity c_addsub_v12_0_12.c_addsub_v12_0_12_legacy [\c_addsub_v12_0_12_legacy(c_fami...]
Compiling architecture synth of entity c_addsub_v12_0_12.c_addsub_v12_0_12_viv [\c_addsub_v12_0_12_viv(c_xdevice...]
Compiling architecture xilinx of entity c_addsub_v12_0_12.c_addsub_v12_0_12 [\c_addsub_v12_0_12(c_xdevicefami...]
Compiling architecture adder_10p10e10_arch of entity xil_defaultlib.adder_10p10e10 [adder_10p10e10_default]
Compiling module xil_defaultlib.puz(N=3)
Compiling module xil_defaultlib.modul_puz(N=3)
Compiling module xil_defaultlib.scale2x
Compiling module xil_defaultlib.scale2x(CLK_PHASE=1)
Compiling module xil_defaultlib.tb_pyramid
Compiling module xil_defaultlib.glbl
Built simulation snapshot tb_pyramid_behav
