#-----------------------------------------------------------
# Vivado v2018.2 (64-bit)
# SW Build 2258646 on Thu Jun 14 20:03:12 MDT 2018
# IP Build 2256618 on Thu Jun 14 22:10:49 MDT 2018
# Start of session at: Thu Apr  4 18:33:48 2019
# Process ID: 32
# Current directory: C:/konkurs/vivado_projekty/klt_pyramid/klt_pyramid.sim/sim_1/behav/xsim
# Command line: vivado.exe -gui_launcher_event rodinguilauncherevent17616 C:\konkurs\vivado_projekty\klt_pyramid\klt_pyramid.sim\sim_1\behav\xsim\tb_pyramid_behav.wdb
# Log file: C:/konkurs/vivado_projekty/klt_pyramid/klt_pyramid.sim/sim_1/behav/xsim/vivado.log
# Journal file: C:/konkurs/vivado_projekty/klt_pyramid/klt_pyramid.sim/sim_1/behav/xsim\vivado.jou
#-----------------------------------------------------------
start_gui
open_wave_database {C:\konkurs\vivado_projekty\klt_pyramid\klt_pyramid.sim\sim_1\behav\xsim\tb_pyramid_behav.wdb}
INFO: [IP_Flow 19-234] Refreshing IP repositories
INFO: [IP_Flow 19-1704] No user IP repositories specified
INFO: [IP_Flow 19-2313] Loaded Vivado IP repository 'C:/Xilinx/Vivado/2018.2/data/ip'.
current_fileset: Time (s): cpu = 00:00:11 ; elapsed = 00:00:10 . Memory (MB): peak = 757.344 ; gain = 89.961
open_wave_database: Time (s): cpu = 00:00:15 ; elapsed = 00:00:11 . Memory (MB): peak = 757.344 ; gain = 89.961
close_sim
INFO: [Simtcl 6-16] Simulation closed
exit
INFO: [Common 17-206] Exiting Vivado at Fri Apr  5 00:07:18 2019...
