INFO: [VRFC 10-2263] Analyzing Verilog file "C:/konkurs/vivado_projekty/klt_pyramid/klt_pyramid.srcs/sources_1/ip/klt_tracker_w10b2_mult_0/src/frame_delay_sim/sim/frame_delay_sim.v" into library xil_defaultlib
INFO: [VRFC 10-311] analyzing module frame_delay_sim
INFO: [VRFC 10-2263] Analyzing Verilog file "C:/konkurs/vivado_projekty/klt_pyramid/klt_pyramid.srcs/sources_1/ip/klt_tracker_w10b2_mult_0/src/delayLineBRAM/sim/delayLineBRAM.v" into library xil_defaultlib
INFO: [VRFC 10-311] analyzing module delayLineBRAM
INFO: [VRFC 10-2263] Analyzing Verilog file "C:/konkurs/vivado_projekty/klt_pyramid/klt_pyramid.srcs/sources_1/ip/klt_tracker_w10b2_mult_0/sim/context_3x3.v" into library xil_defaultlib
INFO: [VRFC 10-311] analyzing module context_3x3
INFO: [VRFC 10-2263] Analyzing Verilog file "C:/konkurs/vivado_projekty/klt_pyramid/klt_pyramid.srcs/sources_1/ip/klt_tracker_w10b2_mult_0/sim/delayLinieBRAM_WP.v" into library xil_defaultlib
INFO: [VRFC 10-311] analyzing module delayLinieBRAM_WP
INFO: [VRFC 10-2263] Analyzing Verilog file "C:/konkurs/vivado_projekty/klt_pyramid/klt_pyramid.srcs/sources_1/ip/klt_tracker_w10b2_mult_0/sim/in_roi_check.v" into library xil_defaultlib
INFO: [VRFC 10-311] analyzing module in_roi_check
WARNING: [VRFC 10-1315] redeclaration of ansi port latched_x0_int is not allowed [C:/konkurs/vivado_projekty/klt_pyramid/klt_pyramid.srcs/sources_1/ip/klt_tracker_w10b2_mult_0/sim/in_roi_check.v:63]
WARNING: [VRFC 10-1315] redeclaration of ansi port latched_y0_int is not allowed [C:/konkurs/vivado_projekty/klt_pyramid/klt_pyramid.srcs/sources_1/ip/klt_tracker_w10b2_mult_0/sim/in_roi_check.v:64]
INFO: [VRFC 10-2263] Analyzing Verilog file "C:/konkurs/vivado_projekty/klt_pyramid/klt_pyramid.srcs/sources_1/ip/klt_tracker_w10b2_mult_0/sim/klt_integrator.v" into library xil_defaultlib
INFO: [VRFC 10-311] analyzing module klt_integrator
INFO: [VRFC 10-2263] Analyzing Verilog file "C:/konkurs/vivado_projekty/klt_pyramid/klt_pyramid.srcs/sources_1/ip/klt_tracker_w10b2_mult_0/sim/linsolve.v" into library xil_defaultlib
INFO: [VRFC 10-311] analyzing module linsolve
INFO: [VRFC 10-2263] Analyzing Verilog file "C:/konkurs/vivado_projekty/klt_pyramid/klt_pyramid.srcs/sources_1/ip/klt_tracker_w10b2_mult_0/sim/modul_puz.v" into library xil_defaultlib
INFO: [VRFC 10-311] analyzing module modul_puz
INFO: [VRFC 10-2263] Analyzing Verilog file "C:/konkurs/vivado_projekty/klt_pyramid/klt_pyramid.srcs/sources_1/ip/klt_tracker_w10b2_mult_0/sim/pixel_position.v" into library xil_defaultlib
INFO: [VRFC 10-311] analyzing module pixel_position
INFO: [VRFC 10-2263] Analyzing Verilog file "C:/konkurs/vivado_projekty/klt_pyramid/klt_pyramid.srcs/sources_1/ip/klt_tracker_w10b2_mult_0/sim/point_tracker.v" into library xil_defaultlib
INFO: [VRFC 10-311] analyzing module previous_roi_buffer
WARNING: [VRFC 10-1315] redeclaration of ansi port read_offset is not allowed [C:/konkurs/vivado_projekty/klt_pyramid/klt_pyramid.srcs/sources_1/ip/klt_tracker_w10b2_mult_0/sim/point_tracker.v:53]
WARNING: [VRFC 10-1315] redeclaration of ansi port delta_x0 is not allowed [C:/konkurs/vivado_projekty/klt_pyramid/klt_pyramid.srcs/sources_1/ip/klt_tracker_w10b2_mult_0/sim/point_tracker.v:59]
WARNING: [VRFC 10-1315] redeclaration of ansi port delta_y0 is not allowed [C:/konkurs/vivado_projekty/klt_pyramid/klt_pyramid.srcs/sources_1/ip/klt_tracker_w10b2_mult_0/sim/point_tracker.v:60]
WARNING: [VRFC 10-1315] redeclaration of ansi port dy_times_window is not allowed [C:/konkurs/vivado_projekty/klt_pyramid/klt_pyramid.srcs/sources_1/ip/klt_tracker_w10b2_mult_0/sim/point_tracker.v:66]
INFO: [VRFC 10-2263] Analyzing Verilog file "C:/konkurs/vivado_projekty/klt_pyramid/klt_pyramid.srcs/sources_1/ip/klt_tracker_w10b2_mult_0/sim/puz.v" into library xil_defaultlib
INFO: [VRFC 10-311] analyzing module puz
INFO: [VRFC 10-2263] Analyzing Verilog file "C:/konkurs/vivado_projekty/klt_pyramid/klt_pyramid.srcs/sources_1/ip/klt_tracker_w10b2_mult_0/sim/wysw_box.v" into library xil_defaultlib
INFO: [VRFC 10-311] analyzing module wysw_box
INFO: [VRFC 10-2263] Analyzing Verilog file "C:/konkurs/vivado_projekty/klt_pyramid/klt_pyramid.srcs/sources_1/ip/klt_tracker_w10b2_mult_0/sim/klt_tracker.v" into library xil_defaultlib
INFO: [VRFC 10-311] analyzing module klt_tracker
WARNING: [VRFC 10-1315] redeclaration of ansi port point_x0 is not allowed [C:/konkurs/vivado_projekty/klt_pyramid/klt_pyramid.srcs/sources_1/ip/klt_tracker_w10b2_mult_0/sim/klt_tracker.v:87]
WARNING: [VRFC 10-1315] redeclaration of ansi port point_y0 is not allowed [C:/konkurs/vivado_projekty/klt_pyramid/klt_pyramid.srcs/sources_1/ip/klt_tracker_w10b2_mult_0/sim/klt_tracker.v:88]
INFO: [VRFC 10-2263] Analyzing Verilog file "C:/konkurs/vivado_projekty/klt_pyramid/klt_pyramid.srcs/sources_1/ip/klt_tracker_w10b2_mult_0/sim/klt_tracker_w10b2_mult_0.v" into library xil_defaultlib
INFO: [VRFC 10-311] analyzing module klt_tracker_w10b2_mult_0
INFO: [VRFC 10-2263] Analyzing Verilog file "C:/konkurs/vivado_projekty/klt_pyramid/klt_pyramid.srcs/sim_1/imports/tb_src/hdmi_in.v" into library xil_defaultlib
INFO: [VRFC 10-311] analyzing module hdmi_in
INFO: [VRFC 10-2263] Analyzing Verilog file "C:/konkurs/vivado_projekty/klt_pyramid/klt_pyramid.srcs/sim_1/imports/tb_src/hdmi_out.v" into library xil_defaultlib
INFO: [VRFC 10-311] analyzing module hdmi_out
INFO: [VRFC 10-2263] Analyzing Verilog file "C:/konkurs/vivado_projekty/klt_pyramid/klt_pyramid.srcs/sim_1/new/tb_klt.v" into library xil_defaultlib
INFO: [VRFC 10-311] analyzing module tb_klt
