
*** Running vivado
    with args -log centroid_0.vds -m64 -product Vivado -mode batch -messageDb vivado.pb -notrace -source centroid_0.tcl


****** Vivado v2018.2 (64-bit)
  **** SW Build 2258646 on Thu Jun 14 20:02:38 MDT 2018
  **** IP Build 2256618 on Thu Jun 14 22:10:49 MDT 2018
    ** Copyright 1986-2018 Xilinx, Inc. All Rights Reserved.

source centroid_0.tcl -notrace
Command: synth_design -top centroid_0 -part xc7z010clg400-1 -mode out_of_context
Starting synth_design
Attempting to get a license for feature 'Synthesis' and/or device 'xc7z010'
INFO: [Common 17-349] Got license for feature 'Synthesis' and/or device 'xc7z010'
INFO: Launching helper process for spawning children vivado processes
INFO: Helper process launched with PID 1157 
---------------------------------------------------------------------------------
Starting RTL Elaboration : Time (s): cpu = 00:00:03 ; elapsed = 00:00:04 . Memory (MB): peak = 1348.816 ; gain = 83.898 ; free physical = 23076 ; free virtual = 41896
---------------------------------------------------------------------------------
INFO: [Synth 8-6157] synthesizing module 'centroid_0' [/home/inzynier/rzeczy/vivado_projekty/tor_wizyjny/tor_wizyjny.srcs/sources_1/ip/centroid_0/synth/centroid_0.v:57]
INFO: [Synth 8-6157] synthesizing module 'centroid' [/home/inzynier/rzeczy/vivado_projekty/tor_wizyjny/tor_wizyjny.srcs/sources_1/ip/centroid_0/src/centroid.v:23]
INFO: [Synth 8-6157] synthesizing module 'modul_puz' [/home/inzynier/rzeczy/vivado_projekty/tor_wizyjny/tor_wizyjny.srcs/sources_1/ip/centroid_0/src/modul_puz.v:23]
	Parameter N bound to: 1 - type: integer 
	Parameter DELAY bound to: 1 - type: integer 
INFO: [Synth 8-6157] synthesizing module 'puz' [/home/inzynier/rzeczy/vivado_projekty/tor_wizyjny/tor_wizyjny.srcs/sources_1/ip/centroid_0/src/puz.v:23]
	Parameter N bound to: 1 - type: integer 
INFO: [Synth 8-6155] done synthesizing module 'puz' (1#1) [/home/inzynier/rzeczy/vivado_projekty/tor_wizyjny/tor_wizyjny.srcs/sources_1/ip/centroid_0/src/puz.v:23]
INFO: [Synth 8-6155] done synthesizing module 'modul_puz' (2#1) [/home/inzynier/rzeczy/vivado_projekty/tor_wizyjny/tor_wizyjny.srcs/sources_1/ip/centroid_0/src/modul_puz.v:23]
INFO: [Synth 8-6157] synthesizing module 'divider_32_20_0' [/home/inzynier/rzeczy/vivado_projekty/tor_wizyjny/tor_wizyjny.srcs/sources_1/ip/centroid_0/src/divider_32_20_0/synth/divider_32_20_0.v:57]
INFO: [Synth 8-6157] synthesizing module 'divider_32_20' [/home/inzynier/rzeczy/vivado_projekty/tor_wizyjny/tor_wizyjny.srcs/sources_1/ip/centroid_0/src/divider_32_20_0/src/divider_32_20.v:8]
	Parameter LATENCY bound to: 4 - type: integer 
	Parameter DIVIDEND_W bound to: 32 - type: integer 
	Parameter DIVISOR_W bound to: 20 - type: integer 
	Parameter QUOTIENT_W bound to: 32 - type: integer 
	Parameter IDLE bound to: 2'b00 
	Parameter DIV bound to: 2'b01 
	Parameter NOP bound to: 2'b10 
	Parameter END bound to: 2'b11 
INFO: [Synth 8-638] synthesizing module 'mult_32_20_lm' [/home/inzynier/rzeczy/vivado_projekty/tor_wizyjny/tor_wizyjny.srcs/sources_1/ip/centroid_0/src/divider_32_20_0/src/mult_32_20_lm/synth/mult_32_20_lm.vhd:68]
WARNING: [Synth 8-5640] Port 'zero_detect' is missing in component declaration [/home/inzynier/rzeczy/vivado_projekty/tor_wizyjny/tor_wizyjny.srcs/sources_1/ip/centroid_0/src/divider_32_20_0/src/mult_32_20_lm/synth/mult_32_20_lm.vhd:71]
WARNING: [Synth 8-5640] Port 'pcasc' is missing in component declaration [/home/inzynier/rzeczy/vivado_projekty/tor_wizyjny/tor_wizyjny.srcs/sources_1/ip/centroid_0/src/divider_32_20_0/src/mult_32_20_lm/synth/mult_32_20_lm.vhd:71]
	Parameter C_VERBOSITY bound to: 0 - type: integer 
	Parameter C_MODEL_TYPE bound to: 0 - type: integer 
	Parameter C_OPTIMIZE_GOAL bound to: 1 - type: integer 
	Parameter C_XDEVICEFAMILY bound to: zynq - type: string 
	Parameter C_HAS_CE bound to: 0 - type: integer 
	Parameter C_HAS_SCLR bound to: 0 - type: integer 
	Parameter C_LATENCY bound to: 4 - type: integer 
	Parameter C_A_WIDTH bound to: 32 - type: integer 
	Parameter C_A_TYPE bound to: 1 - type: integer 
	Parameter C_B_WIDTH bound to: 20 - type: integer 
	Parameter C_B_TYPE bound to: 1 - type: integer 
	Parameter C_OUT_HIGH bound to: 51 - type: integer 
	Parameter C_OUT_LOW bound to: 0 - type: integer 
	Parameter C_MULT_TYPE bound to: 1 - type: integer 
	Parameter C_CE_OVERRIDES_SCLR bound to: 0 - type: integer 
	Parameter C_CCM_IMP bound to: 0 - type: integer 
	Parameter C_B_VALUE bound to: 10000001 - type: string 
	Parameter C_HAS_ZERO_DETECT bound to: 0 - type: integer 
	Parameter C_ROUND_OUTPUT bound to: 0 - type: integer 
	Parameter C_ROUND_PT bound to: 0 - type: integer 
INFO: [Synth 8-3491] module 'mult_gen_v12_0_14' declared at '/home/inzynier/rzeczy/vivado_projekty/tor_wizyjny/tor_wizyjny.srcs/sources_1/ip/centroid_0/src/divider_32_20_0/src/mult_32_20_lm/hdl/mult_gen_v12_0_vh_rfs.vhd:21013' bound to instance 'U0' of component 'mult_gen_v12_0_14' [/home/inzynier/rzeczy/vivado_projekty/tor_wizyjny/tor_wizyjny.srcs/sources_1/ip/centroid_0/src/divider_32_20_0/src/mult_32_20_lm/synth/mult_32_20_lm.vhd:120]
INFO: [Synth 8-256] done synthesizing module 'mult_32_20_lm' (8#1) [/home/inzynier/rzeczy/vivado_projekty/tor_wizyjny/tor_wizyjny.srcs/sources_1/ip/centroid_0/src/divider_32_20_0/src/mult_32_20_lm/synth/mult_32_20_lm.vhd:68]
INFO: [Synth 8-6155] done synthesizing module 'divider_32_20' (9#1) [/home/inzynier/rzeczy/vivado_projekty/tor_wizyjny/tor_wizyjny.srcs/sources_1/ip/centroid_0/src/divider_32_20_0/src/divider_32_20.v:8]
INFO: [Synth 8-6155] done synthesizing module 'divider_32_20_0' (10#1) [/home/inzynier/rzeczy/vivado_projekty/tor_wizyjny/tor_wizyjny.srcs/sources_1/ip/centroid_0/src/divider_32_20_0/synth/divider_32_20_0.v:57]
INFO: [Synth 8-6155] done synthesizing module 'centroid' (11#1) [/home/inzynier/rzeczy/vivado_projekty/tor_wizyjny/tor_wizyjny.srcs/sources_1/ip/centroid_0/src/centroid.v:23]
INFO: [Synth 8-6155] done synthesizing module 'centroid_0' (12#1) [/home/inzynier/rzeczy/vivado_projekty/tor_wizyjny/tor_wizyjny.srcs/sources_1/ip/centroid_0/synth/centroid_0.v:57]
WARNING: [Synth 8-3331] design delay_line__parameterized4 has unconnected port CLK
WARNING: [Synth 8-3331] design delay_line__parameterized4 has unconnected port CE
WARNING: [Synth 8-3331] design delay_line__parameterized4 has unconnected port SCLR
WARNING: [Synth 8-3331] design delay_line__parameterized3 has unconnected port CE
WARNING: [Synth 8-3331] design delay_line__parameterized3 has unconnected port SCLR
WARNING: [Synth 8-3331] design delay_line__parameterized2 has unconnected port CLK
WARNING: [Synth 8-3331] design delay_line__parameterized2 has unconnected port CE
WARNING: [Synth 8-3331] design delay_line__parameterized2 has unconnected port SCLR
WARNING: [Synth 8-3331] design delay_line__parameterized1 has unconnected port CLK
WARNING: [Synth 8-3331] design delay_line__parameterized1 has unconnected port CE
WARNING: [Synth 8-3331] design delay_line__parameterized1 has unconnected port SCLR
WARNING: [Synth 8-3331] design delay_line__parameterized0 has unconnected port CLK
WARNING: [Synth 8-3331] design delay_line__parameterized0 has unconnected port CE
WARNING: [Synth 8-3331] design delay_line__parameterized0 has unconnected port SCLR
WARNING: [Synth 8-3331] design delay_line has unconnected port CLK
WARNING: [Synth 8-3331] design delay_line has unconnected port CE
WARNING: [Synth 8-3331] design delay_line has unconnected port SCLR
WARNING: [Synth 8-3331] design dsp has unconnected port D_PORT[24]
WARNING: [Synth 8-3331] design dsp has unconnected port D_PORT[23]
WARNING: [Synth 8-3331] design dsp has unconnected port D_PORT[22]
WARNING: [Synth 8-3331] design dsp has unconnected port D_PORT[21]
WARNING: [Synth 8-3331] design dsp has unconnected port D_PORT[20]
WARNING: [Synth 8-3331] design dsp has unconnected port D_PORT[19]
WARNING: [Synth 8-3331] design dsp has unconnected port D_PORT[18]
WARNING: [Synth 8-3331] design dsp has unconnected port D_PORT[17]
WARNING: [Synth 8-3331] design dsp has unconnected port D_PORT[16]
WARNING: [Synth 8-3331] design dsp has unconnected port D_PORT[15]
WARNING: [Synth 8-3331] design dsp has unconnected port D_PORT[14]
WARNING: [Synth 8-3331] design dsp has unconnected port D_PORT[13]
WARNING: [Synth 8-3331] design dsp has unconnected port D_PORT[12]
WARNING: [Synth 8-3331] design dsp has unconnected port D_PORT[11]
WARNING: [Synth 8-3331] design dsp has unconnected port D_PORT[10]
WARNING: [Synth 8-3331] design dsp has unconnected port D_PORT[9]
WARNING: [Synth 8-3331] design dsp has unconnected port D_PORT[8]
WARNING: [Synth 8-3331] design dsp has unconnected port D_PORT[7]
WARNING: [Synth 8-3331] design dsp has unconnected port D_PORT[6]
WARNING: [Synth 8-3331] design dsp has unconnected port D_PORT[5]
WARNING: [Synth 8-3331] design dsp has unconnected port D_PORT[4]
WARNING: [Synth 8-3331] design dsp has unconnected port D_PORT[3]
WARNING: [Synth 8-3331] design dsp has unconnected port D_PORT[2]
WARNING: [Synth 8-3331] design dsp has unconnected port D_PORT[1]
WARNING: [Synth 8-3331] design dsp has unconnected port D_PORT[0]
WARNING: [Synth 8-3331] design dsp has unconnected port CARRY_IN
WARNING: [Synth 8-3331] design mult_gen_v12_0_14_viv has unconnected port CE
WARNING: [Synth 8-3331] design mult_gen_v12_0_14_viv has unconnected port SCLR
WARNING: [Synth 8-3331] design centroid has unconnected port ce
WARNING: [Synth 8-3331] design centroid has unconnected port rst
---------------------------------------------------------------------------------
Finished RTL Elaboration : Time (s): cpu = 00:00:06 ; elapsed = 00:00:09 . Memory (MB): peak = 1417.441 ; gain = 152.523 ; free physical = 23068 ; free virtual = 41888
---------------------------------------------------------------------------------

Report Check Netlist: 
+------+------------------+-------+---------+-------+------------------+
|      |Item              |Errors |Warnings |Status |Description       |
+------+------------------+-------+---------+-------+------------------+
|1     |multi_driven_nets |      0|        0|Passed |Multi driven nets |
+------+------------------+-------+---------+-------+------------------+
---------------------------------------------------------------------------------
Start Handling Custom Attributes
---------------------------------------------------------------------------------
---------------------------------------------------------------------------------
Finished Handling Custom Attributes : Time (s): cpu = 00:00:06 ; elapsed = 00:00:09 . Memory (MB): peak = 1417.441 ; gain = 152.523 ; free physical = 23069 ; free virtual = 41889
---------------------------------------------------------------------------------
---------------------------------------------------------------------------------
Finished RTL Optimization Phase 1 : Time (s): cpu = 00:00:06 ; elapsed = 00:00:09 . Memory (MB): peak = 1417.441 ; gain = 152.523 ; free physical = 23069 ; free virtual = 41889
---------------------------------------------------------------------------------
INFO: [Netlist 29-17] Analyzing 4 Unisim elements for replacement
INFO: [Netlist 29-28] Unisim Transformation completed in 0 CPU seconds
INFO: [Device 21-403] Loading part xc7z010clg400-1
INFO: [Project 1-570] Preparing netlist for logic optimization

Processing XDC Constraints
Initializing timing engine
Parsing XDC File [/home/inzynier/rzeczy/vivado_projekty/tor_wizyjny/tor_wizyjny.runs/centroid_0_synth_1/dont_touch.xdc]
Finished Parsing XDC File [/home/inzynier/rzeczy/vivado_projekty/tor_wizyjny/tor_wizyjny.runs/centroid_0_synth_1/dont_touch.xdc]
Completed Processing XDC Constraints

INFO: [Project 1-111] Unisim Transformation Summary:
No Unisim elements were transformed.

Constraint Validation Runtime : Time (s): cpu = 00:00:00.04 ; elapsed = 00:00:00.03 . Memory (MB): peak = 1682.074 ; gain = 0.000 ; free physical = 22796 ; free virtual = 41616
---------------------------------------------------------------------------------
Finished Constraint Validation : Time (s): cpu = 00:00:18 ; elapsed = 00:00:37 . Memory (MB): peak = 1682.074 ; gain = 417.156 ; free physical = 22869 ; free virtual = 41689
---------------------------------------------------------------------------------
---------------------------------------------------------------------------------
Start Loading Part and Timing Information
---------------------------------------------------------------------------------
Loading part: xc7z010clg400-1
---------------------------------------------------------------------------------
Finished Loading Part and Timing Information : Time (s): cpu = 00:00:18 ; elapsed = 00:00:37 . Memory (MB): peak = 1682.074 ; gain = 417.156 ; free physical = 22869 ; free virtual = 41689
---------------------------------------------------------------------------------
---------------------------------------------------------------------------------
Start Applying 'set_property' XDC Constraints
---------------------------------------------------------------------------------
Applied set_property DONT_TOUCH = true for inst/divx. (constraint file  auto generated constraint, line ).
Applied set_property DONT_TOUCH = true for inst/divy. (constraint file  auto generated constraint, line ).
Applied set_property DONT_TOUCH = true for inst/divx/inst/instance_name. (constraint file  auto generated constraint, line ).
Applied set_property DONT_TOUCH = true for inst/divy/inst/instance_name. (constraint file  auto generated constraint, line ).
---------------------------------------------------------------------------------
Finished applying 'set_property' XDC Constraints : Time (s): cpu = 00:00:18 ; elapsed = 00:00:37 . Memory (MB): peak = 1682.074 ; gain = 417.156 ; free physical = 22872 ; free virtual = 41692
---------------------------------------------------------------------------------
INFO: [Synth 8-802] inferred FSM for state register 'state_reg' in module 'divider_32_20__xdcDup__1'
INFO: [Synth 8-5546] ROM "i" won't be mapped to RAM because it is too sparse
INFO: [Synth 8-5544] ROM "rv_reg" won't be mapped to Block RAM because address size (2) smaller than threshold (5)
INFO: [Synth 8-5544] ROM "lat_cnt" won't be mapped to Block RAM because address size (2) smaller than threshold (5)
INFO: [Synth 8-5546] ROM "state" won't be mapped to RAM because it is too sparse
INFO: [Synth 8-802] inferred FSM for state register 'state_reg' in module 'divider_32_20'
INFO: [Synth 8-5546] ROM "i" won't be mapped to RAM because it is too sparse
INFO: [Synth 8-5544] ROM "rv_reg" won't be mapped to Block RAM because address size (2) smaller than threshold (5)
INFO: [Synth 8-5544] ROM "lat_cnt" won't be mapped to Block RAM because address size (2) smaller than threshold (5)
INFO: [Synth 8-5546] ROM "state" won't be mapped to RAM because it is too sparse
---------------------------------------------------------------------------------------------------
                   State |                     New Encoding |                Previous Encoding 
---------------------------------------------------------------------------------------------------
                    IDLE |                             0001 |                               00
                     DIV |                             0010 |                               01
                     NOP |                             0100 |                               10
                     END |                             1000 |                               11
---------------------------------------------------------------------------------------------------
INFO: [Synth 8-3354] encoded FSM with state register 'state_reg' using encoding 'one-hot' in module 'divider_32_20__xdcDup__1'
---------------------------------------------------------------------------------------------------
                   State |                     New Encoding |                Previous Encoding 
---------------------------------------------------------------------------------------------------
                    IDLE |                             0001 |                               00
                     DIV |                             0010 |                               01
                     NOP |                             0100 |                               10
                     END |                             1000 |                               11
---------------------------------------------------------------------------------------------------
INFO: [Synth 8-3354] encoded FSM with state register 'state_reg' using encoding 'one-hot' in module 'divider_32_20'
---------------------------------------------------------------------------------
Finished RTL Optimization Phase 2 : Time (s): cpu = 00:00:18 ; elapsed = 00:00:37 . Memory (MB): peak = 1682.074 ; gain = 417.156 ; free physical = 22862 ; free virtual = 41682
---------------------------------------------------------------------------------

Report RTL Partitions: 
+-+--------------+------------+----------+
| |RTL Partition |Replication |Instances |
+-+--------------+------------+----------+
+-+--------------+------------+----------+
---------------------------------------------------------------------------------
Start RTL Component Statistics 
---------------------------------------------------------------------------------
---------------------------------------------------------------------------------
Finished RTL Component Statistics 
---------------------------------------------------------------------------------
---------------------------------------------------------------------------------
Start RTL Hierarchical Component Statistics 
---------------------------------------------------------------------------------
---------------------------------------------------------------------------------
Finished RTL Hierarchical Component Statistics
---------------------------------------------------------------------------------
---------------------------------------------------------------------------------
Start Part Resource Summary
---------------------------------------------------------------------------------
Part Resources:
DSPs: 80 (col length:40)
BRAMs: 120 (col length: RAMB18 40 RAMB36 20)
---------------------------------------------------------------------------------
Finished Part Resource Summary
---------------------------------------------------------------------------------
---------------------------------------------------------------------------------
Start Cross Boundary and Area Optimization
---------------------------------------------------------------------------------
Warning: Parallel synthesis criteria is not met 
INFO: [Synth 8-5546] ROM "inst/i" won't be mapped to RAM because it is too sparse
INFO: [Synth 8-5546] ROM "inst/i" won't be mapped to RAM because it is too sparse
WARNING: [Synth 8-3331] design mult_gen_v12_0_14_viv has unconnected port CE
WARNING: [Synth 8-3331] design mult_gen_v12_0_14_viv has unconnected port SCLR
WARNING: [Synth 8-3331] design centroid_0 has unconnected port ce
WARNING: [Synth 8-3331] design centroid_0 has unconnected port rst
---------------------------------------------------------------------------------
Finished Cross Boundary and Area Optimization : Time (s): cpu = 00:00:20 ; elapsed = 00:00:38 . Memory (MB): peak = 1682.074 ; gain = 417.156 ; free physical = 22854 ; free virtual = 41676
---------------------------------------------------------------------------------

Report RTL Partitions: 
+-+--------------+------------+----------+
| |RTL Partition |Replication |Instances |
+-+--------------+------------+----------+
+-+--------------+------------+----------+
---------------------------------------------------------------------------------
Start Applying XDC Timing Constraints
---------------------------------------------------------------------------------
---------------------------------------------------------------------------------
Finished Applying XDC Timing Constraints : Time (s): cpu = 00:00:29 ; elapsed = 00:00:51 . Memory (MB): peak = 1720.059 ; gain = 455.141 ; free physical = 22686 ; free virtual = 41508
---------------------------------------------------------------------------------
---------------------------------------------------------------------------------
Start Timing Optimization
---------------------------------------------------------------------------------
---------------------------------------------------------------------------------
Finished Timing Optimization : Time (s): cpu = 00:00:29 ; elapsed = 00:00:51 . Memory (MB): peak = 1720.059 ; gain = 455.141 ; free physical = 22686 ; free virtual = 41508
---------------------------------------------------------------------------------

Report RTL Partitions: 
+-+--------------+------------+----------+
| |RTL Partition |Replication |Instances |
+-+--------------+------------+----------+
+-+--------------+------------+----------+
---------------------------------------------------------------------------------
Start Technology Mapping
---------------------------------------------------------------------------------
---------------------------------------------------------------------------------
Finished Technology Mapping : Time (s): cpu = 00:00:29 ; elapsed = 00:00:51 . Memory (MB): peak = 1741.105 ; gain = 476.188 ; free physical = 22683 ; free virtual = 41505
---------------------------------------------------------------------------------

Report RTL Partitions: 
+-+--------------+------------+----------+
| |RTL Partition |Replication |Instances |
+-+--------------+------------+----------+
+-+--------------+------------+----------+
---------------------------------------------------------------------------------
Start IO Insertion
---------------------------------------------------------------------------------
---------------------------------------------------------------------------------
Start Flattening Before IO Insertion
---------------------------------------------------------------------------------
---------------------------------------------------------------------------------
Finished Flattening Before IO Insertion
---------------------------------------------------------------------------------
---------------------------------------------------------------------------------
Start Final Netlist Cleanup
---------------------------------------------------------------------------------
---------------------------------------------------------------------------------
Finished Final Netlist Cleanup
---------------------------------------------------------------------------------
---------------------------------------------------------------------------------
Finished IO Insertion : Time (s): cpu = 00:00:30 ; elapsed = 00:00:52 . Memory (MB): peak = 1741.105 ; gain = 476.188 ; free physical = 22682 ; free virtual = 41504
---------------------------------------------------------------------------------

Report Check Netlist: 
+------+------------------+-------+---------+-------+------------------+
|      |Item              |Errors |Warnings |Status |Description       |
+------+------------------+-------+---------+-------+------------------+
|1     |multi_driven_nets |      0|        0|Passed |Multi driven nets |
+------+------------------+-------+---------+-------+------------------+
---------------------------------------------------------------------------------
Start Renaming Generated Instances
---------------------------------------------------------------------------------
---------------------------------------------------------------------------------
Finished Renaming Generated Instances : Time (s): cpu = 00:00:30 ; elapsed = 00:00:52 . Memory (MB): peak = 1741.105 ; gain = 476.188 ; free physical = 22682 ; free virtual = 41504
---------------------------------------------------------------------------------

Report RTL Partitions: 
+-+--------------+------------+----------+
| |RTL Partition |Replication |Instances |
+-+--------------+------------+----------+
+-+--------------+------------+----------+
---------------------------------------------------------------------------------
Start Rebuilding User Hierarchy
---------------------------------------------------------------------------------
---------------------------------------------------------------------------------
Finished Rebuilding User Hierarchy : Time (s): cpu = 00:00:30 ; elapsed = 00:00:52 . Memory (MB): peak = 1741.105 ; gain = 476.188 ; free physical = 22682 ; free virtual = 41504
---------------------------------------------------------------------------------
---------------------------------------------------------------------------------
Start Renaming Generated Ports
---------------------------------------------------------------------------------
---------------------------------------------------------------------------------
Finished Renaming Generated Ports : Time (s): cpu = 00:00:30 ; elapsed = 00:00:52 . Memory (MB): peak = 1741.105 ; gain = 476.188 ; free physical = 22682 ; free virtual = 41504
---------------------------------------------------------------------------------
---------------------------------------------------------------------------------
Start Handling Custom Attributes
---------------------------------------------------------------------------------
---------------------------------------------------------------------------------
Finished Handling Custom Attributes : Time (s): cpu = 00:00:30 ; elapsed = 00:00:52 . Memory (MB): peak = 1741.105 ; gain = 476.188 ; free physical = 22682 ; free virtual = 41504
---------------------------------------------------------------------------------
---------------------------------------------------------------------------------
Start Renaming Generated Nets
---------------------------------------------------------------------------------
---------------------------------------------------------------------------------
Finished Renaming Generated Nets : Time (s): cpu = 00:00:30 ; elapsed = 00:00:52 . Memory (MB): peak = 1741.105 ; gain = 476.188 ; free physical = 22682 ; free virtual = 41504
---------------------------------------------------------------------------------
---------------------------------------------------------------------------------
Start Writing Synthesis Report
---------------------------------------------------------------------------------

Report BlackBoxes: 
+-+--------------+----------+
| |BlackBox name |Instances |
+-+--------------+----------+
+-+--------------+----------+

Report Cell Usage: 
+------+----------+------+
|      |Cell      |Count |
+------+----------+------+
|1     |CARRY4    |    35|
|2     |DSP48E1   |     2|
|3     |DSP48E1_1 |     2|
|4     |LUT1      |     4|
|5     |LUT2      |    82|
|6     |LUT3      |    27|
|7     |LUT4      |    78|
|8     |LUT5      |    33|
|9     |LUT6      |    83|
|10    |FDRE      |   466|
|11    |FDSE      |    12|
+------+----------+------+
---------------------------------------------------------------------------------
Finished Writing Synthesis Report : Time (s): cpu = 00:00:30 ; elapsed = 00:00:52 . Memory (MB): peak = 1741.105 ; gain = 476.188 ; free physical = 22682 ; free virtual = 41504
---------------------------------------------------------------------------------
Synthesis finished with 0 errors, 0 critical warnings and 4 warnings.
Synthesis Optimization Runtime : Time (s): cpu = 00:00:20 ; elapsed = 00:00:27 . Memory (MB): peak = 1741.105 ; gain = 211.555 ; free physical = 22748 ; free virtual = 41570
Synthesis Optimization Complete : Time (s): cpu = 00:00:30 ; elapsed = 00:00:52 . Memory (MB): peak = 1741.113 ; gain = 476.188 ; free physical = 22757 ; free virtual = 41579
INFO: [Project 1-571] Translating synthesized netlist
INFO: [Netlist 29-17] Analyzing 39 Unisim elements for replacement
INFO: [Netlist 29-28] Unisim Transformation completed in 0 CPU seconds
INFO: [Project 1-570] Preparing netlist for logic optimization
INFO: [Opt 31-138] Pushed 0 inverter(s) to 0 load pin(s).
INFO: [Project 1-111] Unisim Transformation Summary:
No Unisim elements were transformed.

INFO: [Common 17-83] Releasing license: Synthesis
42 Infos, 53 Warnings, 0 Critical Warnings and 0 Errors encountered.
synth_design completed successfully
synth_design: Time (s): cpu = 00:00:32 ; elapsed = 00:00:53 . Memory (MB): peak = 1773.121 ; gain = 519.758 ; free physical = 22749 ; free virtual = 41571
WARNING: [Constraints 18-5210] No constraint will be written out.
INFO: [Common 17-1381] The checkpoint '/home/inzynier/rzeczy/vivado_projekty/tor_wizyjny/tor_wizyjny.runs/centroid_0_synth_1/centroid_0.dcp' has been generated.
