INFO: [VRFC 10-2263] Analyzing Verilog file "E:/konkurs/vivado_projekty/klt_ddc/klt_ddc.sim/sim_1/synth/func/xsim/tb_hdmi_func_synth.v" into library xil_defaultlib
INFO: [VRFC 10-311] analyzing module dbg_hub_CV
INFO: [VRFC 10-311] analyzing module tor_wizyjny
INFO: [VRFC 10-311] analyzing module tor_wizyjny_clk_wiz_0_0
INFO: [VRFC 10-311] analyzing module tor_wizyjny_clk_wiz_0_0__tor_wizyjny_clk_wiz_0_0_clk_wiz
INFO: [VRFC 10-311] analyzing module tor_wizyjny_dvi2rgb_0_1
INFO: [VRFC 10-311] analyzing module tor_wizyjny_dvi2rgb_0_1__ChannelBond
INFO: [VRFC 10-311] analyzing module tor_wizyjny_dvi2rgb_0_1__ChannelBond_241
INFO: [VRFC 10-311] analyzing module tor_wizyjny_dvi2rgb_0_1__ChannelBond_248
INFO: [VRFC 10-311] analyzing module tor_wizyjny_dvi2rgb_0_1__EEPROM_8b
INFO: [VRFC 10-311] analyzing module tor_wizyjny_dvi2rgb_0_1__GlitchFilter
INFO: [VRFC 10-311] analyzing module tor_wizyjny_dvi2rgb_0_1__GlitchFilter_0
INFO: [VRFC 10-311] analyzing module tor_wizyjny_dvi2rgb_0_1__InputSERDES
INFO: [VRFC 10-311] analyzing module tor_wizyjny_dvi2rgb_0_1__InputSERDES_242
INFO: [VRFC 10-311] analyzing module tor_wizyjny_dvi2rgb_0_1__InputSERDES_249
INFO: [VRFC 10-311] analyzing module tor_wizyjny_dvi2rgb_0_1__PhaseAlign
INFO: [VRFC 10-311] analyzing module tor_wizyjny_dvi2rgb_0_1__PhaseAlign_243
INFO: [VRFC 10-311] analyzing module tor_wizyjny_dvi2rgb_0_1__PhaseAlign_250
INFO: [VRFC 10-311] analyzing module tor_wizyjny_dvi2rgb_0_1__ResetBridge
INFO: [VRFC 10-311] analyzing module tor_wizyjny_dvi2rgb_0_1__ResetBridge_256
INFO: [VRFC 10-311] analyzing module tor_wizyjny_dvi2rgb_0_1__ResetBridge__3
INFO: [VRFC 10-311] analyzing module tor_wizyjny_dvi2rgb_0_1__ResyncToBUFG
INFO: [VRFC 10-311] analyzing module tor_wizyjny_dvi2rgb_0_1__SyncAsync
INFO: [VRFC 10-311] analyzing module tor_wizyjny_dvi2rgb_0_1__SyncAsync_1
INFO: [VRFC 10-311] analyzing module tor_wizyjny_dvi2rgb_0_1__SyncAsync_240
INFO: [VRFC 10-311] analyzing module tor_wizyjny_dvi2rgb_0_1__SyncAsync_246
INFO: [VRFC 10-311] analyzing module tor_wizyjny_dvi2rgb_0_1__SyncAsync_253
INFO: [VRFC 10-311] analyzing module tor_wizyjny_dvi2rgb_0_1__SyncAsync_255
INFO: [VRFC 10-311] analyzing module tor_wizyjny_dvi2rgb_0_1__SyncAsync_257
INFO: [VRFC 10-311] analyzing module tor_wizyjny_dvi2rgb_0_1__SyncAsync_258
INFO: [VRFC 10-311] analyzing module tor_wizyjny_dvi2rgb_0_1__SyncAsync__parameterized0
INFO: [VRFC 10-311] analyzing module tor_wizyjny_dvi2rgb_0_1__SyncAsync__parameterized0__2
INFO: [VRFC 10-311] analyzing module tor_wizyjny_dvi2rgb_0_1__SyncAsync__parameterized0__3
INFO: [VRFC 10-311] analyzing module tor_wizyjny_dvi2rgb_0_1__SyncAsync__parameterized1
INFO: [VRFC 10-311] analyzing module tor_wizyjny_dvi2rgb_0_1__SyncAsync__parameterized1_247
INFO: [VRFC 10-311] analyzing module tor_wizyjny_dvi2rgb_0_1__SyncAsync__parameterized1_254
INFO: [VRFC 10-311] analyzing module tor_wizyjny_dvi2rgb_0_1__SyncBase
INFO: [VRFC 10-311] analyzing module tor_wizyjny_dvi2rgb_0_1__SyncBase_244
INFO: [VRFC 10-311] analyzing module tor_wizyjny_dvi2rgb_0_1__SyncBase_251
INFO: [VRFC 10-311] analyzing module tor_wizyjny_dvi2rgb_0_1__SyncBase__parameterized0
INFO: [VRFC 10-311] analyzing module tor_wizyjny_dvi2rgb_0_1__SyncBase__parameterized0_245
INFO: [VRFC 10-311] analyzing module tor_wizyjny_dvi2rgb_0_1__SyncBase__parameterized0_252
INFO: [VRFC 10-311] analyzing module tor_wizyjny_dvi2rgb_0_1__TMDS_Clocking
INFO: [VRFC 10-311] analyzing module tor_wizyjny_dvi2rgb_0_1__TMDS_Decoder
INFO: [VRFC 10-311] analyzing module tor_wizyjny_dvi2rgb_0_1__TMDS_Decoder__3
INFO: [VRFC 10-311] analyzing module tor_wizyjny_dvi2rgb_0_1__TMDS_Decoder__4
INFO: [VRFC 10-311] analyzing module tor_wizyjny_dvi2rgb_0_1__TWI_SlaveCtl
INFO: [VRFC 10-311] analyzing module tor_wizyjny_dvi2rgb_0_1__dvi2rgb
INFO: [VRFC 10-311] analyzing module tor_wizyjny_dvi2rgb_0_1__ila_pixclk
INFO: [VRFC 10-311] analyzing module tor_wizyjny_dvi2rgb_0_1__ila_refclk
INFO: [VRFC 10-311] analyzing module tor_wizyjny_rgb2dvi_0_0
INFO: [VRFC 10-311] analyzing module tor_wizyjny_rgb2dvi_0_0_ClockGen
INFO: [VRFC 10-311] analyzing module tor_wizyjny_rgb2dvi_0_0_OutputSERDES
INFO: [VRFC 10-311] analyzing module tor_wizyjny_rgb2dvi_0_0_OutputSERDES_0
INFO: [VRFC 10-311] analyzing module tor_wizyjny_rgb2dvi_0_0_OutputSERDES_2
INFO: [VRFC 10-311] analyzing module tor_wizyjny_rgb2dvi_0_0_OutputSERDES_4
INFO: [VRFC 10-311] analyzing module tor_wizyjny_rgb2dvi_0_0_ResetBridge
INFO: [VRFC 10-311] analyzing module tor_wizyjny_rgb2dvi_0_0_ResetBridge_5
INFO: [VRFC 10-311] analyzing module tor_wizyjny_rgb2dvi_0_0_SyncAsync
INFO: [VRFC 10-311] analyzing module tor_wizyjny_rgb2dvi_0_0_SyncAsync_6
INFO: [VRFC 10-311] analyzing module tor_wizyjny_rgb2dvi_0_0_SyncAsync__parameterized1
INFO: [VRFC 10-311] analyzing module tor_wizyjny_rgb2dvi_0_0_TMDS_Encoder
INFO: [VRFC 10-311] analyzing module tor_wizyjny_rgb2dvi_0_0_TMDS_Encoder_1
INFO: [VRFC 10-311] analyzing module tor_wizyjny_rgb2dvi_0_0_TMDS_Encoder_3
INFO: [VRFC 10-311] analyzing module tor_wizyjny_rgb2dvi_0_0_rgb2dvi
INFO: [VRFC 10-311] analyzing module tor_wizyjny_wrapper
INFO: [VRFC 10-311] analyzing module tor_wizyjny_xlconstant_0_0
INFO: [VRFC 10-311] analyzing module tor_wizyjny_xlconstant_0_1
INFO: [VRFC 10-311] analyzing module tor_wizyjny_dvi2rgb_0_1__blk_mem_gen_generic_cstr
INFO: [VRFC 10-311] analyzing module tor_wizyjny_dvi2rgb_0_1__blk_mem_gen_generic_cstr__parameterized0
INFO: [VRFC 10-311] analyzing module tor_wizyjny_dvi2rgb_0_1__blk_mem_gen_prim_width
INFO: [VRFC 10-311] analyzing module tor_wizyjny_dvi2rgb_0_1__blk_mem_gen_prim_width__parameterized0
INFO: [VRFC 10-311] analyzing module tor_wizyjny_dvi2rgb_0_1__blk_mem_gen_prim_width__parameterized1
INFO: [VRFC 10-311] analyzing module tor_wizyjny_dvi2rgb_0_1__blk_mem_gen_prim_wrapper
INFO: [VRFC 10-311] analyzing module tor_wizyjny_dvi2rgb_0_1__blk_mem_gen_prim_wrapper__parameterized0
INFO: [VRFC 10-311] analyzing module tor_wizyjny_dvi2rgb_0_1__blk_mem_gen_prim_wrapper__parameterized1
INFO: [VRFC 10-311] analyzing module tor_wizyjny_dvi2rgb_0_1__blk_mem_gen_top
INFO: [VRFC 10-311] analyzing module tor_wizyjny_dvi2rgb_0_1__blk_mem_gen_top__parameterized0
INFO: [VRFC 10-311] analyzing module tor_wizyjny_dvi2rgb_0_1__blk_mem_gen_v8_3_6
INFO: [VRFC 10-311] analyzing module tor_wizyjny_dvi2rgb_0_1__blk_mem_gen_v8_3_6__parameterized0
INFO: [VRFC 10-311] analyzing module tor_wizyjny_dvi2rgb_0_1__blk_mem_gen_v8_3_6_synth
INFO: [VRFC 10-311] analyzing module tor_wizyjny_dvi2rgb_0_1__blk_mem_gen_v8_3_6_synth__parameterized0
INFO: [VRFC 10-311] analyzing module tor_wizyjny_dvi2rgb_0_1__ila_v6_2_8_ila
INFO: [VRFC 10-311] analyzing module tor_wizyjny_dvi2rgb_0_1__ila_v6_2_8_ila__parameterized1
INFO: [VRFC 10-311] analyzing module tor_wizyjny_dvi2rgb_0_1__ila_v6_2_8_ila_cap_addrgen
INFO: [VRFC 10-311] analyzing module tor_wizyjny_dvi2rgb_0_1__ila_v6_2_8_ila_cap_addrgen__parameterized0
INFO: [VRFC 10-311] analyzing module tor_wizyjny_dvi2rgb_0_1__ila_v6_2_8_ila_cap_ctrl_legacy
INFO: [VRFC 10-311] analyzing module tor_wizyjny_dvi2rgb_0_1__ila_v6_2_8_ila_cap_ctrl_legacy__parameterized0
INFO: [VRFC 10-311] analyzing module tor_wizyjny_dvi2rgb_0_1__ila_v6_2_8_ila_cap_sample_counter
INFO: [VRFC 10-311] analyzing module tor_wizyjny_dvi2rgb_0_1__ila_v6_2_8_ila_cap_sample_counter__parameterized0
INFO: [VRFC 10-311] analyzing module tor_wizyjny_dvi2rgb_0_1__ila_v6_2_8_ila_cap_window_counter
INFO: [VRFC 10-311] analyzing module tor_wizyjny_dvi2rgb_0_1__ila_v6_2_8_ila_cap_window_counter__parameterized0
INFO: [VRFC 10-311] analyzing module tor_wizyjny_dvi2rgb_0_1__ila_v6_2_8_ila_core
INFO: [VRFC 10-311] analyzing module tor_wizyjny_dvi2rgb_0_1__ila_v6_2_8_ila_core__parameterized0
INFO: [VRFC 10-311] analyzing module tor_wizyjny_dvi2rgb_0_1__ila_v6_2_8_ila_register
INFO: [VRFC 10-311] analyzing module tor_wizyjny_dvi2rgb_0_1__ila_v6_2_8_ila_register__parameterized0
INFO: [VRFC 10-311] analyzing module tor_wizyjny_dvi2rgb_0_1__ila_v6_2_8_ila_reset_ctrl
INFO: [VRFC 10-311] analyzing module tor_wizyjny_dvi2rgb_0_1__ila_v6_2_8_ila_reset_ctrl_100
INFO: [VRFC 10-311] analyzing module tor_wizyjny_dvi2rgb_0_1__ila_v6_2_8_ila_trace_memory
INFO: [VRFC 10-311] analyzing module tor_wizyjny_dvi2rgb_0_1__ila_v6_2_8_ila_trace_memory__parameterized0
INFO: [VRFC 10-311] analyzing module tor_wizyjny_dvi2rgb_0_1__ila_v6_2_8_ila_trig_match
INFO: [VRFC 10-311] analyzing module tor_wizyjny_dvi2rgb_0_1__ila_v6_2_8_ila_trig_match__parameterized0
INFO: [VRFC 10-311] analyzing module tor_wizyjny_dvi2rgb_0_1__ila_v6_2_8_ila_trigger
INFO: [VRFC 10-311] analyzing module tor_wizyjny_dvi2rgb_0_1__ila_v6_2_8_ila_trigger__parameterized0
INFO: [VRFC 10-311] analyzing module tor_wizyjny_dvi2rgb_0_1__ltlib_v1_0_0_all_typeA
INFO: [VRFC 10-311] analyzing module tor_wizyjny_dvi2rgb_0_1__ltlib_v1_0_0_all_typeA_150
INFO: [VRFC 10-311] analyzing module tor_wizyjny_dvi2rgb_0_1__ltlib_v1_0_0_all_typeA_154
INFO: [VRFC 10-311] analyzing module tor_wizyjny_dvi2rgb_0_1__ltlib_v1_0_0_all_typeA_61
INFO: [VRFC 10-311] analyzing module tor_wizyjny_dvi2rgb_0_1__ltlib_v1_0_0_all_typeA__parameterized0
INFO: [VRFC 10-311] analyzing module tor_wizyjny_dvi2rgb_0_1__ltlib_v1_0_0_all_typeA__parameterized0_115
INFO: [VRFC 10-311] analyzing module tor_wizyjny_dvi2rgb_0_1__ltlib_v1_0_0_all_typeA__parameterized0_118
INFO: [VRFC 10-311] analyzing module tor_wizyjny_dvi2rgb_0_1__ltlib_v1_0_0_all_typeA__parameterized0_121
INFO: [VRFC 10-311] analyzing module tor_wizyjny_dvi2rgb_0_1__ltlib_v1_0_0_all_typeA__parameterized0_124
INFO: [VRFC 10-311] analyzing module tor_wizyjny_dvi2rgb_0_1__ltlib_v1_0_0_all_typeA__parameterized0_127
INFO: [VRFC 10-311] analyzing module tor_wizyjny_dvi2rgb_0_1__ltlib_v1_0_0_all_typeA__parameterized0_130
INFO: [VRFC 10-311] analyzing module tor_wizyjny_dvi2rgb_0_1__ltlib_v1_0_0_all_typeA__parameterized0_133
INFO: [VRFC 10-311] analyzing module tor_wizyjny_dvi2rgb_0_1__ltlib_v1_0_0_all_typeA__parameterized0_136
INFO: [VRFC 10-311] analyzing module tor_wizyjny_dvi2rgb_0_1__ltlib_v1_0_0_all_typeA__parameterized0_139
INFO: [VRFC 10-311] analyzing module tor_wizyjny_dvi2rgb_0_1__ltlib_v1_0_0_all_typeA__parameterized0_142
INFO: [VRFC 10-311] analyzing module tor_wizyjny_dvi2rgb_0_1__ltlib_v1_0_0_all_typeA__parameterized0_145
INFO: [VRFC 10-311] analyzing module tor_wizyjny_dvi2rgb_0_1__ltlib_v1_0_0_all_typeA__parameterized0_148
INFO: [VRFC 10-311] analyzing module tor_wizyjny_dvi2rgb_0_1__ltlib_v1_0_0_all_typeA__parameterized0_17
INFO: [VRFC 10-311] analyzing module tor_wizyjny_dvi2rgb_0_1__ltlib_v1_0_0_all_typeA__parameterized0_19
INFO: [VRFC 10-311] analyzing module tor_wizyjny_dvi2rgb_0_1__ltlib_v1_0_0_all_typeA__parameterized0_22
INFO: [VRFC 10-311] analyzing module tor_wizyjny_dvi2rgb_0_1__ltlib_v1_0_0_all_typeA__parameterized0_25
INFO: [VRFC 10-311] analyzing module tor_wizyjny_dvi2rgb_0_1__ltlib_v1_0_0_all_typeA__parameterized0_28
INFO: [VRFC 10-311] analyzing module tor_wizyjny_dvi2rgb_0_1__ltlib_v1_0_0_all_typeA__parameterized0_31
INFO: [VRFC 10-311] analyzing module tor_wizyjny_dvi2rgb_0_1__ltlib_v1_0_0_all_typeA__parameterized0_34
INFO: [VRFC 10-311] analyzing module tor_wizyjny_dvi2rgb_0_1__ltlib_v1_0_0_all_typeA__parameterized0_36
INFO: [VRFC 10-311] analyzing module tor_wizyjny_dvi2rgb_0_1__ltlib_v1_0_0_all_typeA__parameterized0_39
INFO: [VRFC 10-311] analyzing module tor_wizyjny_dvi2rgb_0_1__ltlib_v1_0_0_all_typeA__parameterized0_42
INFO: [VRFC 10-311] analyzing module tor_wizyjny_dvi2rgb_0_1__ltlib_v1_0_0_all_typeA__parameterized0_45
INFO: [VRFC 10-311] analyzing module tor_wizyjny_dvi2rgb_0_1__ltlib_v1_0_0_all_typeA__parameterized0_48
INFO: [VRFC 10-311] analyzing module tor_wizyjny_dvi2rgb_0_1__ltlib_v1_0_0_all_typeA__parameterized0_51
INFO: [VRFC 10-311] analyzing module tor_wizyjny_dvi2rgb_0_1__ltlib_v1_0_0_all_typeA__parameterized0_54
INFO: [VRFC 10-311] analyzing module tor_wizyjny_dvi2rgb_0_1__ltlib_v1_0_0_all_typeA__parameterized0_57
INFO: [VRFC 10-311] analyzing module tor_wizyjny_dvi2rgb_0_1__ltlib_v1_0_0_all_typeA__parameterized1
INFO: [VRFC 10-311] analyzing module tor_wizyjny_dvi2rgb_0_1__ltlib_v1_0_0_all_typeA__parameterized1_225
INFO: [VRFC 10-311] analyzing module tor_wizyjny_dvi2rgb_0_1__ltlib_v1_0_0_all_typeA__parameterized1_229
INFO: [VRFC 10-311] analyzing module tor_wizyjny_dvi2rgb_0_1__ltlib_v1_0_0_all_typeA__parameterized1_237
INFO: [VRFC 10-311] analyzing module tor_wizyjny_dvi2rgb_0_1__ltlib_v1_0_0_all_typeA__parameterized1_89
INFO: [VRFC 10-311] analyzing module tor_wizyjny_dvi2rgb_0_1__ltlib_v1_0_0_all_typeA__parameterized1_97
INFO: [VRFC 10-311] analyzing module tor_wizyjny_dvi2rgb_0_1__ltlib_v1_0_0_all_typeA_slice
INFO: [VRFC 10-311] analyzing module tor_wizyjny_dvi2rgb_0_1__ltlib_v1_0_0_all_typeA_slice_151
INFO: [VRFC 10-311] analyzing module tor_wizyjny_dvi2rgb_0_1__ltlib_v1_0_0_all_typeA_slice_155
INFO: [VRFC 10-311] analyzing module tor_wizyjny_dvi2rgb_0_1__ltlib_v1_0_0_all_typeA_slice_62
INFO: [VRFC 10-311] analyzing module tor_wizyjny_dvi2rgb_0_1__ltlib_v1_0_0_all_typeA_slice__parameterized0
INFO: [VRFC 10-311] analyzing module tor_wizyjny_dvi2rgb_0_1__ltlib_v1_0_0_all_typeA_slice__parameterized0_116
INFO: [VRFC 10-311] analyzing module tor_wizyjny_dvi2rgb_0_1__ltlib_v1_0_0_all_typeA_slice__parameterized0_119
INFO: [VRFC 10-311] analyzing module tor_wizyjny_dvi2rgb_0_1__ltlib_v1_0_0_all_typeA_slice__parameterized0_122
INFO: [VRFC 10-311] analyzing module tor_wizyjny_dvi2rgb_0_1__ltlib_v1_0_0_all_typeA_slice__parameterized0_125
INFO: [VRFC 10-311] analyzing module tor_wizyjny_dvi2rgb_0_1__ltlib_v1_0_0_all_typeA_slice__parameterized0_128
INFO: [VRFC 10-311] analyzing module tor_wizyjny_dvi2rgb_0_1__ltlib_v1_0_0_all_typeA_slice__parameterized0_131
INFO: [VRFC 10-311] analyzing module tor_wizyjny_dvi2rgb_0_1__ltlib_v1_0_0_all_typeA_slice__parameterized0_134
INFO: [VRFC 10-311] analyzing module tor_wizyjny_dvi2rgb_0_1__ltlib_v1_0_0_all_typeA_slice__parameterized0_137
INFO: [VRFC 10-311] analyzing module tor_wizyjny_dvi2rgb_0_1__ltlib_v1_0_0_all_typeA_slice__parameterized0_140
INFO: [VRFC 10-311] analyzing module tor_wizyjny_dvi2rgb_0_1__ltlib_v1_0_0_all_typeA_slice__parameterized0_143
INFO: [VRFC 10-311] analyzing module tor_wizyjny_dvi2rgb_0_1__ltlib_v1_0_0_all_typeA_slice__parameterized0_146
INFO: [VRFC 10-311] analyzing module tor_wizyjny_dvi2rgb_0_1__ltlib_v1_0_0_all_typeA_slice__parameterized0_149
INFO: [VRFC 10-311] analyzing module tor_wizyjny_dvi2rgb_0_1__ltlib_v1_0_0_all_typeA_slice__parameterized0_152
INFO: [VRFC 10-311] analyzing module tor_wizyjny_dvi2rgb_0_1__ltlib_v1_0_0_all_typeA_slice__parameterized0_156
INFO: [VRFC 10-311] analyzing module tor_wizyjny_dvi2rgb_0_1__ltlib_v1_0_0_all_typeA_slice__parameterized0_18
INFO: [VRFC 10-311] analyzing module tor_wizyjny_dvi2rgb_0_1__ltlib_v1_0_0_all_typeA_slice__parameterized0_20
INFO: [VRFC 10-311] analyzing module tor_wizyjny_dvi2rgb_0_1__ltlib_v1_0_0_all_typeA_slice__parameterized0_23
INFO: [VRFC 10-311] analyzing module tor_wizyjny_dvi2rgb_0_1__ltlib_v1_0_0_all_typeA_slice__parameterized0_26
INFO: [VRFC 10-311] analyzing module tor_wizyjny_dvi2rgb_0_1__ltlib_v1_0_0_all_typeA_slice__parameterized0_29
INFO: [VRFC 10-311] analyzing module tor_wizyjny_dvi2rgb_0_1__ltlib_v1_0_0_all_typeA_slice__parameterized0_32
INFO: [VRFC 10-311] analyzing module tor_wizyjny_dvi2rgb_0_1__ltlib_v1_0_0_all_typeA_slice__parameterized0_35
INFO: [VRFC 10-311] analyzing module tor_wizyjny_dvi2rgb_0_1__ltlib_v1_0_0_all_typeA_slice__parameterized0_37
INFO: [VRFC 10-311] analyzing module tor_wizyjny_dvi2rgb_0_1__ltlib_v1_0_0_all_typeA_slice__parameterized0_40
INFO: [VRFC 10-311] analyzing module tor_wizyjny_dvi2rgb_0_1__ltlib_v1_0_0_all_typeA_slice__parameterized0_43
INFO: [VRFC 10-311] analyzing module tor_wizyjny_dvi2rgb_0_1__ltlib_v1_0_0_all_typeA_slice__parameterized0_46
INFO: [VRFC 10-311] analyzing module tor_wizyjny_dvi2rgb_0_1__ltlib_v1_0_0_all_typeA_slice__parameterized0_49
INFO: [VRFC 10-311] analyzing module tor_wizyjny_dvi2rgb_0_1__ltlib_v1_0_0_all_typeA_slice__parameterized0_52
INFO: [VRFC 10-311] analyzing module tor_wizyjny_dvi2rgb_0_1__ltlib_v1_0_0_all_typeA_slice__parameterized0_55
INFO: [VRFC 10-311] analyzing module tor_wizyjny_dvi2rgb_0_1__ltlib_v1_0_0_all_typeA_slice__parameterized0_58
INFO: [VRFC 10-311] analyzing module tor_wizyjny_dvi2rgb_0_1__ltlib_v1_0_0_all_typeA_slice__parameterized0_59
INFO: [VRFC 10-311] analyzing module tor_wizyjny_dvi2rgb_0_1__ltlib_v1_0_0_all_typeA_slice__parameterized0_63
INFO: [VRFC 10-311] analyzing module tor_wizyjny_dvi2rgb_0_1__ltlib_v1_0_0_all_typeA_slice__parameterized1
INFO: [VRFC 10-311] analyzing module tor_wizyjny_dvi2rgb_0_1__ltlib_v1_0_0_all_typeA_slice__parameterized1_226
INFO: [VRFC 10-311] analyzing module tor_wizyjny_dvi2rgb_0_1__ltlib_v1_0_0_all_typeA_slice__parameterized1_230
INFO: [VRFC 10-311] analyzing module tor_wizyjny_dvi2rgb_0_1__ltlib_v1_0_0_all_typeA_slice__parameterized1_238
INFO: [VRFC 10-311] analyzing module tor_wizyjny_dvi2rgb_0_1__ltlib_v1_0_0_all_typeA_slice__parameterized1_90
INFO: [VRFC 10-311] analyzing module tor_wizyjny_dvi2rgb_0_1__ltlib_v1_0_0_all_typeA_slice__parameterized1_98
INFO: [VRFC 10-311] analyzing module tor_wizyjny_dvi2rgb_0_1__ltlib_v1_0_0_all_typeA_slice__parameterized2
INFO: [VRFC 10-311] analyzing module tor_wizyjny_dvi2rgb_0_1__ltlib_v1_0_0_all_typeA_slice__parameterized2_227
INFO: [VRFC 10-311] analyzing module tor_wizyjny_dvi2rgb_0_1__ltlib_v1_0_0_all_typeA_slice__parameterized2_231
INFO: [VRFC 10-311] analyzing module tor_wizyjny_dvi2rgb_0_1__ltlib_v1_0_0_all_typeA_slice__parameterized2_239
INFO: [VRFC 10-311] analyzing module tor_wizyjny_dvi2rgb_0_1__ltlib_v1_0_0_all_typeA_slice__parameterized2_91
INFO: [VRFC 10-311] analyzing module tor_wizyjny_dvi2rgb_0_1__ltlib_v1_0_0_all_typeA_slice__parameterized2_99
INFO: [VRFC 10-311] analyzing module tor_wizyjny_dvi2rgb_0_1__ltlib_v1_0_0_allx_typeA
INFO: [VRFC 10-311] analyzing module tor_wizyjny_dvi2rgb_0_1__ltlib_v1_0_0_allx_typeA_153
INFO: [VRFC 10-311] analyzing module tor_wizyjny_dvi2rgb_0_1__ltlib_v1_0_0_allx_typeA__parameterized0
INFO: [VRFC 10-311] analyzing module tor_wizyjny_dvi2rgb_0_1__ltlib_v1_0_0_allx_typeA__parameterized0_114
INFO: [VRFC 10-311] analyzing module tor_wizyjny_dvi2rgb_0_1__ltlib_v1_0_0_allx_typeA__parameterized0_117
INFO: [VRFC 10-311] analyzing module tor_wizyjny_dvi2rgb_0_1__ltlib_v1_0_0_allx_typeA__parameterized0_120
INFO: [VRFC 10-311] analyzing module tor_wizyjny_dvi2rgb_0_1__ltlib_v1_0_0_allx_typeA__parameterized0_123
INFO: [VRFC 10-311] analyzing module tor_wizyjny_dvi2rgb_0_1__ltlib_v1_0_0_allx_typeA__parameterized0_126
INFO: [VRFC 10-311] analyzing module tor_wizyjny_dvi2rgb_0_1__ltlib_v1_0_0_allx_typeA__parameterized0_129
INFO: [VRFC 10-311] analyzing module tor_wizyjny_dvi2rgb_0_1__ltlib_v1_0_0_allx_typeA__parameterized0_132
INFO: [VRFC 10-311] analyzing module tor_wizyjny_dvi2rgb_0_1__ltlib_v1_0_0_allx_typeA__parameterized0_135
INFO: [VRFC 10-311] analyzing module tor_wizyjny_dvi2rgb_0_1__ltlib_v1_0_0_allx_typeA__parameterized0_138
INFO: [VRFC 10-311] analyzing module tor_wizyjny_dvi2rgb_0_1__ltlib_v1_0_0_allx_typeA__parameterized0_141
INFO: [VRFC 10-311] analyzing module tor_wizyjny_dvi2rgb_0_1__ltlib_v1_0_0_allx_typeA__parameterized0_144
INFO: [VRFC 10-311] analyzing module tor_wizyjny_dvi2rgb_0_1__ltlib_v1_0_0_allx_typeA__parameterized0_147
INFO: [VRFC 10-311] analyzing module tor_wizyjny_dvi2rgb_0_1__ltlib_v1_0_0_allx_typeA__parameterized0_56
INFO: [VRFC 10-311] analyzing module tor_wizyjny_dvi2rgb_0_1__ltlib_v1_0_0_allx_typeA__parameterized1
INFO: [VRFC 10-311] analyzing module tor_wizyjny_dvi2rgb_0_1__ltlib_v1_0_0_allx_typeA__parameterized1_60
INFO: [VRFC 10-311] analyzing module tor_wizyjny_dvi2rgb_0_1__ltlib_v1_0_0_allx_typeA__parameterized2
INFO: [VRFC 10-311] analyzing module tor_wizyjny_dvi2rgb_0_1__ltlib_v1_0_0_allx_typeA__parameterized2_21
INFO: [VRFC 10-311] analyzing module tor_wizyjny_dvi2rgb_0_1__ltlib_v1_0_0_allx_typeA__parameterized2_24
INFO: [VRFC 10-311] analyzing module tor_wizyjny_dvi2rgb_0_1__ltlib_v1_0_0_allx_typeA__parameterized2_27
INFO: [VRFC 10-311] analyzing module tor_wizyjny_dvi2rgb_0_1__ltlib_v1_0_0_allx_typeA__parameterized2_30
INFO: [VRFC 10-311] analyzing module tor_wizyjny_dvi2rgb_0_1__ltlib_v1_0_0_allx_typeA__parameterized2_33
INFO: [VRFC 10-311] analyzing module tor_wizyjny_dvi2rgb_0_1__ltlib_v1_0_0_allx_typeA__parameterized3
INFO: [VRFC 10-311] analyzing module tor_wizyjny_dvi2rgb_0_1__ltlib_v1_0_0_allx_typeA__parameterized3_16
INFO: [VRFC 10-311] analyzing module tor_wizyjny_dvi2rgb_0_1__ltlib_v1_0_0_allx_typeA__parameterized3_38
INFO: [VRFC 10-311] analyzing module tor_wizyjny_dvi2rgb_0_1__ltlib_v1_0_0_allx_typeA__parameterized3_41
INFO: [VRFC 10-311] analyzing module tor_wizyjny_dvi2rgb_0_1__ltlib_v1_0_0_allx_typeA__parameterized3_44
INFO: [VRFC 10-311] analyzing module tor_wizyjny_dvi2rgb_0_1__ltlib_v1_0_0_allx_typeA__parameterized3_47
INFO: [VRFC 10-311] analyzing module tor_wizyjny_dvi2rgb_0_1__ltlib_v1_0_0_allx_typeA__parameterized3_50
INFO: [VRFC 10-311] analyzing module tor_wizyjny_dvi2rgb_0_1__ltlib_v1_0_0_allx_typeA__parameterized3_53
INFO: [VRFC 10-311] analyzing module tor_wizyjny_dvi2rgb_0_1__ltlib_v1_0_0_allx_typeA_nodelay
INFO: [VRFC 10-311] analyzing module tor_wizyjny_dvi2rgb_0_1__ltlib_v1_0_0_allx_typeA_nodelay_228
INFO: [VRFC 10-311] analyzing module tor_wizyjny_dvi2rgb_0_1__ltlib_v1_0_0_allx_typeA_nodelay_236
INFO: [VRFC 10-311] analyzing module tor_wizyjny_dvi2rgb_0_1__ltlib_v1_0_0_allx_typeA_nodelay__parameterized0
INFO: [VRFC 10-311] analyzing module tor_wizyjny_dvi2rgb_0_1__ltlib_v1_0_0_allx_typeA_nodelay__parameterized0_88
INFO: [VRFC 10-311] analyzing module tor_wizyjny_dvi2rgb_0_1__ltlib_v1_0_0_allx_typeA_nodelay__parameterized0_96
INFO: [VRFC 10-311] analyzing module tor_wizyjny_dvi2rgb_0_1__ltlib_v1_0_0_async_edge_xfer
INFO: [VRFC 10-311] analyzing module tor_wizyjny_dvi2rgb_0_1__ltlib_v1_0_0_async_edge_xfer_158
INFO: [VRFC 10-311] analyzing module tor_wizyjny_dvi2rgb_0_1__ltlib_v1_0_0_async_edge_xfer_159
INFO: [VRFC 10-311] analyzing module tor_wizyjny_dvi2rgb_0_1__ltlib_v1_0_0_async_edge_xfer_160
INFO: [VRFC 10-311] analyzing module tor_wizyjny_dvi2rgb_0_1__ltlib_v1_0_0_async_edge_xfer_161
INFO: [VRFC 10-311] analyzing module tor_wizyjny_dvi2rgb_0_1__ltlib_v1_0_0_async_edge_xfer_64
INFO: [VRFC 10-311] analyzing module tor_wizyjny_dvi2rgb_0_1__ltlib_v1_0_0_async_edge_xfer_65
INFO: [VRFC 10-311] analyzing module tor_wizyjny_dvi2rgb_0_1__ltlib_v1_0_0_async_edge_xfer_66
INFO: [VRFC 10-311] analyzing module tor_wizyjny_dvi2rgb_0_1__ltlib_v1_0_0_cfglut4
INFO: [VRFC 10-311] analyzing module tor_wizyjny_dvi2rgb_0_1__ltlib_v1_0_0_cfglut4_221
INFO: [VRFC 10-311] analyzing module tor_wizyjny_dvi2rgb_0_1__ltlib_v1_0_0_cfglut4_232
INFO: [VRFC 10-311] analyzing module tor_wizyjny_dvi2rgb_0_1__ltlib_v1_0_0_cfglut4_92
INFO: [VRFC 10-311] analyzing module tor_wizyjny_dvi2rgb_0_1__ltlib_v1_0_0_cfglut5
INFO: [VRFC 10-311] analyzing module tor_wizyjny_dvi2rgb_0_1__ltlib_v1_0_0_cfglut5_222
INFO: [VRFC 10-311] analyzing module tor_wizyjny_dvi2rgb_0_1__ltlib_v1_0_0_cfglut5_223
INFO: [VRFC 10-311] analyzing module tor_wizyjny_dvi2rgb_0_1__ltlib_v1_0_0_cfglut5_233
INFO: [VRFC 10-311] analyzing module tor_wizyjny_dvi2rgb_0_1__ltlib_v1_0_0_cfglut5_86
INFO: [VRFC 10-311] analyzing module tor_wizyjny_dvi2rgb_0_1__ltlib_v1_0_0_cfglut5_93
INFO: [VRFC 10-311] analyzing module tor_wizyjny_dvi2rgb_0_1__ltlib_v1_0_0_cfglut6
INFO: [VRFC 10-311] analyzing module tor_wizyjny_dvi2rgb_0_1__ltlib_v1_0_0_cfglut6_220
INFO: [VRFC 10-311] analyzing module tor_wizyjny_dvi2rgb_0_1__ltlib_v1_0_0_cfglut6_234
INFO: [VRFC 10-311] analyzing module tor_wizyjny_dvi2rgb_0_1__ltlib_v1_0_0_cfglut6_94
INFO: [VRFC 10-311] analyzing module tor_wizyjny_dvi2rgb_0_1__ltlib_v1_0_0_cfglut6__parameterized0
INFO: [VRFC 10-311] analyzing module tor_wizyjny_dvi2rgb_0_1__ltlib_v1_0_0_cfglut6__parameterized0_217
INFO: [VRFC 10-311] analyzing module tor_wizyjny_dvi2rgb_0_1__ltlib_v1_0_0_cfglut7
INFO: [VRFC 10-311] analyzing module tor_wizyjny_dvi2rgb_0_1__ltlib_v1_0_0_cfglut7_218
INFO: [VRFC 10-311] analyzing module tor_wizyjny_dvi2rgb_0_1__ltlib_v1_0_0_cfglut7_219
INFO: [VRFC 10-311] analyzing module tor_wizyjny_dvi2rgb_0_1__ltlib_v1_0_0_cfglut7_85
INFO: [VRFC 10-311] analyzing module tor_wizyjny_dvi2rgb_0_1__ltlib_v1_0_0_generic_memrd
INFO: [VRFC 10-311] analyzing module tor_wizyjny_dvi2rgb_0_1__ltlib_v1_0_0_generic_memrd__parameterized0
INFO: [VRFC 10-311] analyzing module tor_wizyjny_dvi2rgb_0_1__ltlib_v1_0_0_match
INFO: [VRFC 10-311] analyzing module tor_wizyjny_dvi2rgb_0_1__ltlib_v1_0_0_match_101
INFO: [VRFC 10-311] analyzing module tor_wizyjny_dvi2rgb_0_1__ltlib_v1_0_0_match__parameterized0
INFO: [VRFC 10-311] analyzing module tor_wizyjny_dvi2rgb_0_1__ltlib_v1_0_0_match__parameterized0_102
INFO: [VRFC 10-311] analyzing module tor_wizyjny_dvi2rgb_0_1__ltlib_v1_0_0_match__parameterized0_103
INFO: [VRFC 10-311] analyzing module tor_wizyjny_dvi2rgb_0_1__ltlib_v1_0_0_match__parameterized0_104
INFO: [VRFC 10-311] analyzing module tor_wizyjny_dvi2rgb_0_1__ltlib_v1_0_0_match__parameterized0_105
INFO: [VRFC 10-311] analyzing module tor_wizyjny_dvi2rgb_0_1__ltlib_v1_0_0_match__parameterized0_106
INFO: [VRFC 10-311] analyzing module tor_wizyjny_dvi2rgb_0_1__ltlib_v1_0_0_match__parameterized0_107
INFO: [VRFC 10-311] analyzing module tor_wizyjny_dvi2rgb_0_1__ltlib_v1_0_0_match__parameterized0_108
INFO: [VRFC 10-311] analyzing module tor_wizyjny_dvi2rgb_0_1__ltlib_v1_0_0_match__parameterized0_109
INFO: [VRFC 10-311] analyzing module tor_wizyjny_dvi2rgb_0_1__ltlib_v1_0_0_match__parameterized0_110
INFO: [VRFC 10-311] analyzing module tor_wizyjny_dvi2rgb_0_1__ltlib_v1_0_0_match__parameterized0_111
INFO: [VRFC 10-311] analyzing module tor_wizyjny_dvi2rgb_0_1__ltlib_v1_0_0_match__parameterized0_112
INFO: [VRFC 10-311] analyzing module tor_wizyjny_dvi2rgb_0_1__ltlib_v1_0_0_match__parameterized0_113
INFO: [VRFC 10-311] analyzing module tor_wizyjny_dvi2rgb_0_1__ltlib_v1_0_0_match__parameterized0_8
INFO: [VRFC 10-311] analyzing module tor_wizyjny_dvi2rgb_0_1__ltlib_v1_0_0_match__parameterized1
INFO: [VRFC 10-311] analyzing module tor_wizyjny_dvi2rgb_0_1__ltlib_v1_0_0_match__parameterized1_2
INFO: [VRFC 10-311] analyzing module tor_wizyjny_dvi2rgb_0_1__ltlib_v1_0_0_match__parameterized2
INFO: [VRFC 10-311] analyzing module tor_wizyjny_dvi2rgb_0_1__ltlib_v1_0_0_match__parameterized2_10
INFO: [VRFC 10-311] analyzing module tor_wizyjny_dvi2rgb_0_1__ltlib_v1_0_0_match__parameterized2_11
INFO: [VRFC 10-311] analyzing module tor_wizyjny_dvi2rgb_0_1__ltlib_v1_0_0_match__parameterized2_12
INFO: [VRFC 10-311] analyzing module tor_wizyjny_dvi2rgb_0_1__ltlib_v1_0_0_match__parameterized2_13
INFO: [VRFC 10-311] analyzing module tor_wizyjny_dvi2rgb_0_1__ltlib_v1_0_0_match__parameterized2_9
INFO: [VRFC 10-311] analyzing module tor_wizyjny_dvi2rgb_0_1__ltlib_v1_0_0_match__parameterized3
INFO: [VRFC 10-311] analyzing module tor_wizyjny_dvi2rgb_0_1__ltlib_v1_0_0_match__parameterized3_14
INFO: [VRFC 10-311] analyzing module tor_wizyjny_dvi2rgb_0_1__ltlib_v1_0_0_match__parameterized3_15
INFO: [VRFC 10-311] analyzing module tor_wizyjny_dvi2rgb_0_1__ltlib_v1_0_0_match__parameterized3_3
INFO: [VRFC 10-311] analyzing module tor_wizyjny_dvi2rgb_0_1__ltlib_v1_0_0_match__parameterized3_4
INFO: [VRFC 10-311] analyzing module tor_wizyjny_dvi2rgb_0_1__ltlib_v1_0_0_match__parameterized3_5
INFO: [VRFC 10-311] analyzing module tor_wizyjny_dvi2rgb_0_1__ltlib_v1_0_0_match__parameterized3_6
INFO: [VRFC 10-311] analyzing module tor_wizyjny_dvi2rgb_0_1__ltlib_v1_0_0_match__parameterized3_7
INFO: [VRFC 10-311] analyzing module tor_wizyjny_dvi2rgb_0_1__ltlib_v1_0_0_match_nodelay
INFO: [VRFC 10-311] analyzing module tor_wizyjny_dvi2rgb_0_1__ltlib_v1_0_0_match_nodelay_224
INFO: [VRFC 10-311] analyzing module tor_wizyjny_dvi2rgb_0_1__ltlib_v1_0_0_match_nodelay_235
INFO: [VRFC 10-311] analyzing module tor_wizyjny_dvi2rgb_0_1__ltlib_v1_0_0_match_nodelay__parameterized0
INFO: [VRFC 10-311] analyzing module tor_wizyjny_dvi2rgb_0_1__ltlib_v1_0_0_match_nodelay__parameterized0_87
INFO: [VRFC 10-311] analyzing module tor_wizyjny_dvi2rgb_0_1__ltlib_v1_0_0_match_nodelay__parameterized0_95
INFO: [VRFC 10-311] analyzing module tor_wizyjny_dvi2rgb_0_1__ltlib_v1_0_0_rising_edge_detection
INFO: [VRFC 10-311] analyzing module tor_wizyjny_dvi2rgb_0_1__ltlib_v1_0_0_rising_edge_detection_157
INFO: [VRFC 10-311] analyzing module tor_wizyjny_dvi2rgb_0_1__ltlib_v1_0_0_rising_edge_detection_162
INFO: [VRFC 10-311] analyzing module tor_wizyjny_dvi2rgb_0_1__ltlib_v1_0_0_rising_edge_detection_67
INFO: [VRFC 10-311] analyzing module tor_wizyjny_dvi2rgb_0_1__xsdbs_v1_0_2_reg__parameterized27
INFO: [VRFC 10-311] analyzing module tor_wizyjny_dvi2rgb_0_1__xsdbs_v1_0_2_reg__parameterized27_183
INFO: [VRFC 10-311] analyzing module tor_wizyjny_dvi2rgb_0_1__xsdbs_v1_0_2_reg__parameterized28
INFO: [VRFC 10-311] analyzing module tor_wizyjny_dvi2rgb_0_1__xsdbs_v1_0_2_reg__parameterized29
INFO: [VRFC 10-311] analyzing module tor_wizyjny_dvi2rgb_0_1__xsdbs_v1_0_2_reg__parameterized29_184
INFO: [VRFC 10-311] analyzing module tor_wizyjny_dvi2rgb_0_1__xsdbs_v1_0_2_reg__parameterized30
INFO: [VRFC 10-311] analyzing module tor_wizyjny_dvi2rgb_0_1__xsdbs_v1_0_2_reg__parameterized30_193
INFO: [VRFC 10-311] analyzing module tor_wizyjny_dvi2rgb_0_1__xsdbs_v1_0_2_reg__parameterized42
INFO: [VRFC 10-311] analyzing module tor_wizyjny_dvi2rgb_0_1__xsdbs_v1_0_2_reg__parameterized42_177
INFO: [VRFC 10-311] analyzing module tor_wizyjny_dvi2rgb_0_1__xsdbs_v1_0_2_reg__parameterized43
INFO: [VRFC 10-311] analyzing module tor_wizyjny_dvi2rgb_0_1__xsdbs_v1_0_2_reg__parameterized43_178
INFO: [VRFC 10-311] analyzing module tor_wizyjny_dvi2rgb_0_1__xsdbs_v1_0_2_reg__parameterized44
INFO: [VRFC 10-311] analyzing module tor_wizyjny_dvi2rgb_0_1__xsdbs_v1_0_2_reg__parameterized44_179
INFO: [VRFC 10-311] analyzing module tor_wizyjny_dvi2rgb_0_1__xsdbs_v1_0_2_reg__parameterized45
INFO: [VRFC 10-311] analyzing module tor_wizyjny_dvi2rgb_0_1__xsdbs_v1_0_2_reg__parameterized45_180
INFO: [VRFC 10-311] analyzing module tor_wizyjny_dvi2rgb_0_1__xsdbs_v1_0_2_reg__parameterized46
INFO: [VRFC 10-311] analyzing module tor_wizyjny_dvi2rgb_0_1__xsdbs_v1_0_2_reg__parameterized46_181
INFO: [VRFC 10-311] analyzing module tor_wizyjny_dvi2rgb_0_1__xsdbs_v1_0_2_reg__parameterized47
INFO: [VRFC 10-311] analyzing module tor_wizyjny_dvi2rgb_0_1__xsdbs_v1_0_2_reg__parameterized47_182
INFO: [VRFC 10-311] analyzing module tor_wizyjny_dvi2rgb_0_1__xsdbs_v1_0_2_reg__parameterized48
INFO: [VRFC 10-311] analyzing module tor_wizyjny_dvi2rgb_0_1__xsdbs_v1_0_2_reg__parameterized48_185
INFO: [VRFC 10-311] analyzing module tor_wizyjny_dvi2rgb_0_1__xsdbs_v1_0_2_reg__parameterized49
INFO: [VRFC 10-311] analyzing module tor_wizyjny_dvi2rgb_0_1__xsdbs_v1_0_2_reg__parameterized49_186
INFO: [VRFC 10-311] analyzing module tor_wizyjny_dvi2rgb_0_1__xsdbs_v1_0_2_reg__parameterized50
INFO: [VRFC 10-311] analyzing module tor_wizyjny_dvi2rgb_0_1__xsdbs_v1_0_2_reg__parameterized50_187
INFO: [VRFC 10-311] analyzing module tor_wizyjny_dvi2rgb_0_1__xsdbs_v1_0_2_reg__parameterized51
INFO: [VRFC 10-311] analyzing module tor_wizyjny_dvi2rgb_0_1__xsdbs_v1_0_2_reg__parameterized51_188
INFO: [VRFC 10-311] analyzing module tor_wizyjny_dvi2rgb_0_1__xsdbs_v1_0_2_reg__parameterized52
INFO: [VRFC 10-311] analyzing module tor_wizyjny_dvi2rgb_0_1__xsdbs_v1_0_2_reg__parameterized52_189
INFO: [VRFC 10-311] analyzing module tor_wizyjny_dvi2rgb_0_1__xsdbs_v1_0_2_reg__parameterized53
INFO: [VRFC 10-311] analyzing module tor_wizyjny_dvi2rgb_0_1__xsdbs_v1_0_2_reg__parameterized53_190
INFO: [VRFC 10-311] analyzing module tor_wizyjny_dvi2rgb_0_1__xsdbs_v1_0_2_reg__parameterized55
INFO: [VRFC 10-311] analyzing module tor_wizyjny_dvi2rgb_0_1__xsdbs_v1_0_2_reg__parameterized55_191
INFO: [VRFC 10-311] analyzing module tor_wizyjny_dvi2rgb_0_1__xsdbs_v1_0_2_reg__parameterized57
INFO: [VRFC 10-311] analyzing module tor_wizyjny_dvi2rgb_0_1__xsdbs_v1_0_2_reg__parameterized57_192
INFO: [VRFC 10-311] analyzing module tor_wizyjny_dvi2rgb_0_1__xsdbs_v1_0_2_reg__parameterized60
INFO: [VRFC 10-311] analyzing module tor_wizyjny_dvi2rgb_0_1__xsdbs_v1_0_2_reg__parameterized60__1
INFO: [VRFC 10-311] analyzing module tor_wizyjny_dvi2rgb_0_1__xsdbs_v1_0_2_reg__parameterized67
INFO: [VRFC 10-311] analyzing module tor_wizyjny_dvi2rgb_0_1__xsdbs_v1_0_2_reg_ctl
INFO: [VRFC 10-311] analyzing module tor_wizyjny_dvi2rgb_0_1__xsdbs_v1_0_2_reg_ctl_198
INFO: [VRFC 10-311] analyzing module tor_wizyjny_dvi2rgb_0_1__xsdbs_v1_0_2_reg_ctl_202
INFO: [VRFC 10-311] analyzing module tor_wizyjny_dvi2rgb_0_1__xsdbs_v1_0_2_reg_ctl_203
INFO: [VRFC 10-311] analyzing module tor_wizyjny_dvi2rgb_0_1__xsdbs_v1_0_2_reg_ctl_204
INFO: [VRFC 10-311] analyzing module tor_wizyjny_dvi2rgb_0_1__xsdbs_v1_0_2_reg_ctl_206
INFO: [VRFC 10-311] analyzing module tor_wizyjny_dvi2rgb_0_1__xsdbs_v1_0_2_reg_ctl_209
INFO: [VRFC 10-311] analyzing module tor_wizyjny_dvi2rgb_0_1__xsdbs_v1_0_2_reg_ctl_211
INFO: [VRFC 10-311] analyzing module tor_wizyjny_dvi2rgb_0_1__xsdbs_v1_0_2_reg_ctl_212
INFO: [VRFC 10-311] analyzing module tor_wizyjny_dvi2rgb_0_1__xsdbs_v1_0_2_reg_ctl_213
INFO: [VRFC 10-311] analyzing module tor_wizyjny_dvi2rgb_0_1__xsdbs_v1_0_2_reg_ctl_214
INFO: [VRFC 10-311] analyzing module tor_wizyjny_dvi2rgb_0_1__xsdbs_v1_0_2_reg_ctl_215
INFO: [VRFC 10-311] analyzing module tor_wizyjny_dvi2rgb_0_1__xsdbs_v1_0_2_reg_ctl_71
INFO: [VRFC 10-311] analyzing module tor_wizyjny_dvi2rgb_0_1__xsdbs_v1_0_2_reg_ctl_72
INFO: [VRFC 10-311] analyzing module tor_wizyjny_dvi2rgb_0_1__xsdbs_v1_0_2_reg_ctl_73
INFO: [VRFC 10-311] analyzing module tor_wizyjny_dvi2rgb_0_1__xsdbs_v1_0_2_reg_ctl_74
INFO: [VRFC 10-311] analyzing module tor_wizyjny_dvi2rgb_0_1__xsdbs_v1_0_2_reg_ctl_77
INFO: [VRFC 10-311] analyzing module tor_wizyjny_dvi2rgb_0_1__xsdbs_v1_0_2_reg_ctl_79
INFO: [VRFC 10-311] analyzing module tor_wizyjny_dvi2rgb_0_1__xsdbs_v1_0_2_reg_ctl_80
INFO: [VRFC 10-311] analyzing module tor_wizyjny_dvi2rgb_0_1__xsdbs_v1_0_2_reg_ctl_81
INFO: [VRFC 10-311] analyzing module tor_wizyjny_dvi2rgb_0_1__xsdbs_v1_0_2_reg_ctl_82
INFO: [VRFC 10-311] analyzing module tor_wizyjny_dvi2rgb_0_1__xsdbs_v1_0_2_reg_ctl_83
INFO: [VRFC 10-311] analyzing module tor_wizyjny_dvi2rgb_0_1__xsdbs_v1_0_2_reg_ctl__parameterized0
INFO: [VRFC 10-311] analyzing module tor_wizyjny_dvi2rgb_0_1__xsdbs_v1_0_2_reg_ctl__parameterized1
INFO: [VRFC 10-311] analyzing module tor_wizyjny_dvi2rgb_0_1__xsdbs_v1_0_2_reg_ctl__parameterized1_205
INFO: [VRFC 10-311] analyzing module tor_wizyjny_dvi2rgb_0_1__xsdbs_v1_0_2_reg_ctl__parameterized1_207
INFO: [VRFC 10-311] analyzing module tor_wizyjny_dvi2rgb_0_1__xsdbs_v1_0_2_reg_ctl__parameterized1_210
INFO: [VRFC 10-311] analyzing module tor_wizyjny_dvi2rgb_0_1__xsdbs_v1_0_2_reg_ctl__parameterized1_75
INFO: [VRFC 10-311] analyzing module tor_wizyjny_dvi2rgb_0_1__xsdbs_v1_0_2_reg_ctl__parameterized1_78
INFO: [VRFC 10-311] analyzing module tor_wizyjny_dvi2rgb_0_1__xsdbs_v1_0_2_reg_ctl__parameterized2
INFO: [VRFC 10-311] analyzing module tor_wizyjny_dvi2rgb_0_1__xsdbs_v1_0_2_reg_p2s
INFO: [VRFC 10-311] analyzing module tor_wizyjny_dvi2rgb_0_1__xsdbs_v1_0_2_reg_p2s_163
INFO: [VRFC 10-311] analyzing module tor_wizyjny_dvi2rgb_0_1__xsdbs_v1_0_2_reg_p2s__parameterized0
INFO: [VRFC 10-311] analyzing module tor_wizyjny_dvi2rgb_0_1__xsdbs_v1_0_2_reg_p2s__parameterized0_166
INFO: [VRFC 10-311] analyzing module tor_wizyjny_dvi2rgb_0_1__xsdbs_v1_0_2_reg_p2s__parameterized1
INFO: [VRFC 10-311] analyzing module tor_wizyjny_dvi2rgb_0_1__xsdbs_v1_0_2_reg_p2s__parameterized10
INFO: [VRFC 10-311] analyzing module tor_wizyjny_dvi2rgb_0_1__xsdbs_v1_0_2_reg_p2s__parameterized10_165
INFO: [VRFC 10-311] analyzing module tor_wizyjny_dvi2rgb_0_1__xsdbs_v1_0_2_reg_p2s__parameterized11
INFO: [VRFC 10-311] analyzing module tor_wizyjny_dvi2rgb_0_1__xsdbs_v1_0_2_reg_p2s__parameterized11_176
INFO: [VRFC 10-311] analyzing module tor_wizyjny_dvi2rgb_0_1__xsdbs_v1_0_2_reg_p2s__parameterized12
INFO: [VRFC 10-311] analyzing module tor_wizyjny_dvi2rgb_0_1__xsdbs_v1_0_2_reg_p2s__parameterized12_175
INFO: [VRFC 10-311] analyzing module tor_wizyjny_dvi2rgb_0_1__xsdbs_v1_0_2_reg_p2s__parameterized13
INFO: [VRFC 10-311] analyzing module tor_wizyjny_dvi2rgb_0_1__xsdbs_v1_0_2_reg_p2s__parameterized13_194
INFO: [VRFC 10-311] analyzing module tor_wizyjny_dvi2rgb_0_1__xsdbs_v1_0_2_reg_p2s__parameterized14
INFO: [VRFC 10-311] analyzing module tor_wizyjny_dvi2rgb_0_1__xsdbs_v1_0_2_reg_p2s__parameterized15
INFO: [VRFC 10-311] analyzing module tor_wizyjny_dvi2rgb_0_1__xsdbs_v1_0_2_reg_p2s__parameterized16
INFO: [VRFC 10-311] analyzing module tor_wizyjny_dvi2rgb_0_1__xsdbs_v1_0_2_reg_p2s__parameterized17
INFO: [VRFC 10-311] analyzing module tor_wizyjny_dvi2rgb_0_1__xsdbs_v1_0_2_reg_p2s__parameterized1_167
INFO: [VRFC 10-311] analyzing module tor_wizyjny_dvi2rgb_0_1__xsdbs_v1_0_2_reg_p2s__parameterized2
INFO: [VRFC 10-311] analyzing module tor_wizyjny_dvi2rgb_0_1__xsdbs_v1_0_2_reg_p2s__parameterized2_168
INFO: [VRFC 10-311] analyzing module tor_wizyjny_dvi2rgb_0_1__xsdbs_v1_0_2_reg_p2s__parameterized3
INFO: [VRFC 10-311] analyzing module tor_wizyjny_dvi2rgb_0_1__xsdbs_v1_0_2_reg_p2s__parameterized3_169
INFO: [VRFC 10-311] analyzing module tor_wizyjny_dvi2rgb_0_1__xsdbs_v1_0_2_reg_p2s__parameterized4
INFO: [VRFC 10-311] analyzing module tor_wizyjny_dvi2rgb_0_1__xsdbs_v1_0_2_reg_p2s__parameterized4_170
INFO: [VRFC 10-311] analyzing module tor_wizyjny_dvi2rgb_0_1__xsdbs_v1_0_2_reg_p2s__parameterized5
INFO: [VRFC 10-311] analyzing module tor_wizyjny_dvi2rgb_0_1__xsdbs_v1_0_2_reg_p2s__parameterized5_171
INFO: [VRFC 10-311] analyzing module tor_wizyjny_dvi2rgb_0_1__xsdbs_v1_0_2_reg_p2s__parameterized6
INFO: [VRFC 10-311] analyzing module tor_wizyjny_dvi2rgb_0_1__xsdbs_v1_0_2_reg_p2s__parameterized6_172
INFO: [VRFC 10-311] analyzing module tor_wizyjny_dvi2rgb_0_1__xsdbs_v1_0_2_reg_p2s__parameterized7
INFO: [VRFC 10-311] analyzing module tor_wizyjny_dvi2rgb_0_1__xsdbs_v1_0_2_reg_p2s__parameterized7_173
INFO: [VRFC 10-311] analyzing module tor_wizyjny_dvi2rgb_0_1__xsdbs_v1_0_2_reg_p2s__parameterized8
INFO: [VRFC 10-311] analyzing module tor_wizyjny_dvi2rgb_0_1__xsdbs_v1_0_2_reg_p2s__parameterized8_174
INFO: [VRFC 10-311] analyzing module tor_wizyjny_dvi2rgb_0_1__xsdbs_v1_0_2_reg_p2s__parameterized9
INFO: [VRFC 10-311] analyzing module tor_wizyjny_dvi2rgb_0_1__xsdbs_v1_0_2_reg_p2s__parameterized9_164
INFO: [VRFC 10-311] analyzing module tor_wizyjny_dvi2rgb_0_1__xsdbs_v1_0_2_reg_stat
INFO: [VRFC 10-311] analyzing module tor_wizyjny_dvi2rgb_0_1__xsdbs_v1_0_2_reg_stat_197
INFO: [VRFC 10-311] analyzing module tor_wizyjny_dvi2rgb_0_1__xsdbs_v1_0_2_reg_stat_199
INFO: [VRFC 10-311] analyzing module tor_wizyjny_dvi2rgb_0_1__xsdbs_v1_0_2_reg_stat_200
INFO: [VRFC 10-311] analyzing module tor_wizyjny_dvi2rgb_0_1__xsdbs_v1_0_2_reg_stat_201
INFO: [VRFC 10-311] analyzing module tor_wizyjny_dvi2rgb_0_1__xsdbs_v1_0_2_reg_stat_208
INFO: [VRFC 10-311] analyzing module tor_wizyjny_dvi2rgb_0_1__xsdbs_v1_0_2_reg_stat_216
INFO: [VRFC 10-311] analyzing module tor_wizyjny_dvi2rgb_0_1__xsdbs_v1_0_2_reg_stat_68
INFO: [VRFC 10-311] analyzing module tor_wizyjny_dvi2rgb_0_1__xsdbs_v1_0_2_reg_stat_69
INFO: [VRFC 10-311] analyzing module tor_wizyjny_dvi2rgb_0_1__xsdbs_v1_0_2_reg_stat_70
INFO: [VRFC 10-311] analyzing module tor_wizyjny_dvi2rgb_0_1__xsdbs_v1_0_2_reg_stat_76
INFO: [VRFC 10-311] analyzing module tor_wizyjny_dvi2rgb_0_1__xsdbs_v1_0_2_reg_stat_84
INFO: [VRFC 10-311] analyzing module tor_wizyjny_dvi2rgb_0_1__xsdbs_v1_0_2_reg_stream
INFO: [VRFC 10-311] analyzing module tor_wizyjny_dvi2rgb_0_1__xsdbs_v1_0_2_reg_stream_195
INFO: [VRFC 10-311] analyzing module tor_wizyjny_dvi2rgb_0_1__xsdbs_v1_0_2_reg_stream__parameterized0
INFO: [VRFC 10-311] analyzing module tor_wizyjny_dvi2rgb_0_1__xsdbs_v1_0_2_reg_stream__parameterized0_196
INFO: [VRFC 10-311] analyzing module tor_wizyjny_dvi2rgb_0_1__xsdbs_v1_0_2_xsdbs
INFO: [VRFC 10-311] analyzing module tor_wizyjny_dvi2rgb_0_1__xsdbs_v1_0_2_xsdbs__1
INFO: [VRFC 10-311] analyzing module glbl
INFO: [VRFC 10-2263] Analyzing Verilog file "E:/konkurs/vivado_projekty/klt_ddc/klt_ddc.srcs/sources_1/new/context_3x3.v" into library xil_defaultlib
INFO: [VRFC 10-311] analyzing module context_3x3
INFO: [VRFC 10-2263] Analyzing Verilog file "E:/konkurs/vivado_projekty/klt_ddc/klt_ddc.srcs/sources_1/imports/moduly/delayLinieBRAM_WP.v" into library xil_defaultlib
INFO: [VRFC 10-311] analyzing module delayLinieBRAM_WP
INFO: [VRFC 10-2263] Analyzing Verilog file "E:/konkurs/vivado_projekty/klt_ddc/klt_ddc.srcs/sim_1/imports/tb_src/hdmi_in.v" into library xil_defaultlib
INFO: [VRFC 10-311] analyzing module hdmi_in
INFO: [VRFC 10-2263] Analyzing Verilog file "E:/konkurs/vivado_projekty/klt_ddc/klt_ddc.srcs/sim_1/imports/tb_src/hdmi_out.v" into library xil_defaultlib
INFO: [VRFC 10-311] analyzing module hdmi_out
INFO: [VRFC 10-2263] Analyzing Verilog file "E:/konkurs/vivado_projekty/klt_ddc/klt_ddc.srcs/sources_1/new/in_roi_check.v" into library xil_defaultlib
INFO: [VRFC 10-311] analyzing module in_roi_check
INFO: [VRFC 10-2263] Analyzing Verilog file "E:/konkurs/vivado_projekty/klt_ddc/klt_ddc.srcs/sources_1/new/klt_integrator.v" into library xil_defaultlib
INFO: [VRFC 10-311] analyzing module klt_integrator
INFO: [VRFC 10-2263] Analyzing Verilog file "E:/konkurs/vivado_projekty/klt_ddc/klt_ddc.srcs/sources_1/new/linsolve.v" into library xil_defaultlib
INFO: [VRFC 10-311] analyzing module linsolve
INFO: [VRFC 10-2263] Analyzing Verilog file "E:/konkurs/vivado_projekty/klt_ddc/klt_ddc.srcs/sources_1/imports/moduly/modul_puz.v" into library xil_defaultlib
INFO: [VRFC 10-311] analyzing module modul_puz
INFO: [VRFC 10-2263] Analyzing Verilog file "E:/konkurs/vivado_projekty/klt_ddc/klt_ddc.srcs/sources_1/new/pixel_position.v" into library xil_defaultlib
INFO: [VRFC 10-311] analyzing module pixel_position
INFO: [VRFC 10-2263] Analyzing Verilog file "E:/konkurs/vivado_projekty/klt_ddc/klt_ddc.srcs/sources_1/new/point_tracker.v" into library xil_defaultlib
INFO: [VRFC 10-311] analyzing module previous_roi_buffer
INFO: [VRFC 10-2263] Analyzing Verilog file "E:/konkurs/vivado_projekty/klt_ddc/klt_ddc.srcs/sources_1/imports/moduly/puz.v" into library xil_defaultlib
INFO: [VRFC 10-311] analyzing module puz
INFO: [VRFC 10-2263] Analyzing Verilog file "E:/konkurs/vivado_projekty/klt_ddc/klt_ddc.srcs/sources_1/imports/moduly/wysw_box.v" into library xil_defaultlib
INFO: [VRFC 10-311] analyzing module wysw_box
INFO: [VRFC 10-2263] Analyzing Verilog file "E:/konkurs/vivado_projekty/klt_ddc/klt_ddc.srcs/sim_1/imports/tb_src/tb_hdmi.v" into library xil_defaultlib
INFO: [VRFC 10-311] analyzing module tb_hdmi
