#-----------------------------------------------------------
# Webtalk v2018.2 (64-bit)
# SW Build 2258646 on Thu Jun 14 20:02:38 MDT 2018
# 
# Start of session at: Tue Nov 13 17:46:31 2018
# Process ID: 15443
# Current directory: /home/inzynier/rzeczy/tor_wizyjny/tor_wizyjny.sdk/webtalk
# Command line: wbtcv -mode batch -source sdk_webtalk.tcl
# Log file: /home/inzynier/rzeczy/tor_wizyjny/tor_wizyjny.sdk/webtalk/webtalk.log
# Journal file: /home/inzynier/rzeczy/tor_wizyjny/tor_wizyjny.sdk/webtalk/webtalk.jou
#-----------------------------------------------------------
source sdk_webtalk.tcl
# webtalk_init -webtalk_dir /home/inzynier/rzeczy/tor_wizyjny/tor_wizyjny.sdk/webtalk
# webtalk_register_client -client project
# webtalk_add_data -client project -key date_generated -value "2018-11-13 17:46:30" -context "software_version_and_target_device"
# webtalk_add_data -client project -key product_version -value "SDK v2018.2" -context "software_version_and_target_device"
# webtalk_add_data -client project -key build_version -value "2018.2" -context "software_version_and_target_device"
# webtalk_add_data -client project -key os_platform -value "amd64" -context "software_version_and_target_device"
# webtalk_add_data -client project -key registration_id -value "" -context "software_version_and_target_device"
# webtalk_add_data -client project -key tool_flow -value "SDK" -context "software_version_and_target_device"
# webtalk_add_data -client project -key beta -value "false" -context "software_version_and_target_device"
# webtalk_add_data -client project -key route_design -value "NA" -context "software_version_and_target_device"
# webtalk_add_data -client project -key target_family -value "NA" -context "software_version_and_target_device"
# webtalk_add_data -client project -key target_device -value "NA" -context "software_version_and_target_device"
# webtalk_add_data -client project -key target_package -value "NA" -context "software_version_and_target_device"
# webtalk_add_data -client project -key target_speed -value "NA" -context "software_version_and_target_device"
# webtalk_add_data -client project -key random_id -value "cp5tsbgc0uuhjg8i1ndnjt85go" -context "software_version_and_target_device"
# webtalk_add_data -client project -key project_id -value "2018.2_5" -context "software_version_and_target_device"
# webtalk_add_data -client project -key project_iteration -value "5" -context "software_version_and_target_device"
# webtalk_add_data -client project -key os_name -value "Ubuntu" -context "user_environment"
# webtalk_add_data -client project -key os_release -value "Ubuntu 16.04.5 LTS" -context "user_environment"
# webtalk_add_data -client project -key cpu_name -value "Intel(R) Core(TM) i7-2600 CPU @ 3.40GHz" -context "user_environment"
# webtalk_add_data -client project -key cpu_speed -value "2328.046 MHz" -context "user_environment"
# webtalk_add_data -client project -key total_processors -value "1" -context "user_environment"
# webtalk_add_data -client project -key system_ram -value "33,713 GB" -context "user_environment"
# webtalk_register_client -client sdk
# webtalk_add_data -client sdk -key uid -value "1542125555000" -context "sdk\\\\bsp/1542125555000"
# webtalk_add_data -client sdk -key hwid -value "1542121329000" -context "sdk\\\\bsp/1542125555000"
# webtalk_add_data -client sdk -key os -value "standalone" -context "sdk\\\\bsp/1542125555000"
# webtalk_add_data -client sdk -key apptemplate -value "hello_world" -context "sdk\\\\bsp/1542125555000"
# webtalk_add_data -client sdk -key RecordType -value "BSPCreation" -context "sdk\\\\bsp/1542125555000"
# webtalk_add_data -client sdk -key uid -value "1542125557000" -context "sdk\\\\application/1542125557000"
# webtalk_add_data -client sdk -key hwid -value "1542121329000" -context "sdk\\\\application/1542125557000"
# webtalk_add_data -client sdk -key bspid -value "1542125555000" -context "sdk\\\\application/1542125557000"
# webtalk_add_data -client sdk -key newbsp -value "true" -context "sdk\\\\application/1542125557000"
# webtalk_add_data -client sdk -key os -value "standalone" -context "sdk\\\\application/1542125557000"
# webtalk_add_data -client sdk -key apptemplate -value "hello_world" -context "sdk\\\\application/1542125557000"
# webtalk_add_data -client sdk -key RecordType -value "APPCreation" -context "sdk\\\\application/1542125557000"
# webtalk_add_data -client sdk -key LangUsed -value "C" -context "sdk\\\\application/1542125557000"
# webtalk_add_data -client sdk -key Procused -value "ps7_cortexa9" -context "sdk\\\\application/1542125557000"
# webtalk_add_data -client sdk -key projSize -value "279.19140625" -context "sdk\\\\application/1542125557000"
# webtalk_add_data -client sdk -key uid -value "NA" -context "sdk\\\\bsp/1542127590557"
# webtalk_add_data -client sdk -key RecordType -value "ToolUsage" -context "sdk\\\\bsp/1542127590557"
# webtalk_add_data -client sdk -key BootgenCount -value "0" -context "sdk\\\\bsp/1542127590557"
# webtalk_add_data -client sdk -key DebugCount -value "0" -context "sdk\\\\bsp/1542127590557"
# webtalk_add_data -client sdk -key PerfCount -value "0" -context "sdk\\\\bsp/1542127590557"
# webtalk_add_data -client sdk -key FlashCount -value "0" -context "sdk\\\\bsp/1542127590557"
# webtalk_add_data -client sdk -key CrossTriggCount -value "0" -context "sdk\\\\bsp/1542127590557"
# webtalk_add_data -client sdk -key QemuDebugCount -value "0" -context "sdk\\\\bsp/1542127590557"
# webtalk_transmit -clientid 1221217555 -regid "" -xml /home/inzynier/rzeczy/tor_wizyjny/tor_wizyjny.sdk/webtalk/usage_statistics_ext_sdk.xml -html /home/inzynier/rzeczy/tor_wizyjny/tor_wizyjny.sdk/webtalk/usage_statistics_ext_sdk.html -wdm /home/inzynier/rzeczy/tor_wizyjny/tor_wizyjny.sdk/webtalk/sdk_webtalk.wdm -intro "<H3>SDK Usage Report</H3><BR>"
INFO: [Common 17-186] '/home/inzynier/rzeczy/tor_wizyjny/tor_wizyjny.sdk/webtalk/usage_statistics_ext_sdk.xml' has been successfully sent to Xilinx on Tue Nov 13 17:46:34 2018. For additional details about this file, please refer to the WebTalk help file at /opt/Xilinx/SDK/2018.2/doc/webtalk_introduction.html.
# webtalk_terminate
INFO: [Common 17-206] Exiting Webtalk at Tue Nov 13 17:46:34 2018...
