#-----------------------------------------------------------
# Webtalk v2018.2 (64-bit)
# SW Build 2258646 on Thu Jun 14 20:02:38 MDT 2018
# 
# Start of session at: Thu Nov 15 15:35:36 2018
# Process ID: 5810
# Current directory: /home/inzynier/rzeczy/vivado_projekty/tor_wizyjny/tor_wizyjny.sdk/webtalk
# Command line: wbtcv -mode batch -source sdk_webtalk.tcl
# Log file: /home/inzynier/rzeczy/vivado_projekty/tor_wizyjny/tor_wizyjny.sdk/webtalk/webtalk.log
# Journal file: /home/inzynier/rzeczy/vivado_projekty/tor_wizyjny/tor_wizyjny.sdk/webtalk/webtalk.jou
#-----------------------------------------------------------
source sdk_webtalk.tcl
# webtalk_init -webtalk_dir /home/inzynier/rzeczy/vivado_projekty/tor_wizyjny/tor_wizyjny.sdk/webtalk
# webtalk_register_client -client project
# webtalk_add_data -client project -key date_generated -value "2018-11-15 15:35:35" -context "software_version_and_target_device"
# webtalk_add_data -client project -key product_version -value "SDK v2018.2" -context "software_version_and_target_device"
# webtalk_add_data -client project -key build_version -value "2018.2" -context "software_version_and_target_device"
# webtalk_add_data -client project -key os_platform -value "amd64" -context "software_version_and_target_device"
# webtalk_add_data -client project -key registration_id -value "" -context "software_version_and_target_device"
# webtalk_add_data -client project -key tool_flow -value "SDK" -context "software_version_and_target_device"
# webtalk_add_data -client project -key beta -value "false" -context "software_version_and_target_device"
# webtalk_add_data -client project -key route_design -value "NA" -context "software_version_and_target_device"
# webtalk_add_data -client project -key target_family -value "NA" -context "software_version_and_target_device"
# webtalk_add_data -client project -key target_device -value "NA" -context "software_version_and_target_device"
# webtalk_add_data -client project -key target_package -value "NA" -context "software_version_and_target_device"
# webtalk_add_data -client project -key target_speed -value "NA" -context "software_version_and_target_device"
# webtalk_add_data -client project -key random_id -value "jsf70q10g14oaq8915bmqivm3a" -context "software_version_and_target_device"
# webtalk_add_data -client project -key project_id -value "2018.2_6" -context "software_version_and_target_device"
# webtalk_add_data -client project -key project_iteration -value "6" -context "software_version_and_target_device"
# webtalk_add_data -client project -key os_name -value "Ubuntu" -context "user_environment"
# webtalk_add_data -client project -key os_release -value "Ubuntu 16.04.5 LTS" -context "user_environment"
# webtalk_add_data -client project -key cpu_name -value "Intel(R) Core(TM) i7-2600 CPU @ 3.40GHz" -context "user_environment"
# webtalk_add_data -client project -key cpu_speed -value "1921.044 MHz" -context "user_environment"
# webtalk_add_data -client project -key total_processors -value "1" -context "user_environment"
# webtalk_add_data -client project -key system_ram -value "33,713 GB" -context "user_environment"
# webtalk_register_client -client sdk
# webtalk_add_data -client sdk -key uid -value "1542292349000" -context "sdk\\\\hardware/1542292349000"
# webtalk_add_data -client sdk -key isZynq -value "true" -context "sdk\\\\hardware/1542292349000"
# webtalk_add_data -client sdk -key isZynqMP -value "false" -context "sdk\\\\hardware/1542292349000"
# webtalk_add_data -client sdk -key Processors -value "2" -context "sdk\\\\hardware/1542292349000"
# webtalk_add_data -client sdk -key VivadoVersion -value "2018.2" -context "sdk\\\\hardware/1542292349000"
# webtalk_add_data -client sdk -key Arch -value "zynq" -context "sdk\\\\hardware/1542292349000"
# webtalk_add_data -client sdk -key Device -value "7z010" -context "sdk\\\\hardware/1542292349000"
# webtalk_add_data -client sdk -key IsHandoff -value "true" -context "sdk\\\\hardware/1542292349000"
# webtalk_add_data -client sdk -key os -value "NA" -context "sdk\\\\hardware/1542292349000"
# webtalk_add_data -client sdk -key apptemplate -value "NA" -context "sdk\\\\hardware/1542292349000"
# webtalk_add_data -client sdk -key RecordType -value "HWCreation" -context "sdk\\\\hardware/1542292349000"
# webtalk_add_data -client sdk -key uid -value "NA" -context "sdk\\\\bsp/1542292535008"
# webtalk_add_data -client sdk -key RecordType -value "ToolUsage" -context "sdk\\\\bsp/1542292535008"
# webtalk_add_data -client sdk -key BootgenCount -value "0" -context "sdk\\\\bsp/1542292535008"
# webtalk_add_data -client sdk -key DebugCount -value "0" -context "sdk\\\\bsp/1542292535008"
# webtalk_add_data -client sdk -key PerfCount -value "0" -context "sdk\\\\bsp/1542292535008"
# webtalk_add_data -client sdk -key FlashCount -value "0" -context "sdk\\\\bsp/1542292535008"
# webtalk_add_data -client sdk -key CrossTriggCount -value "0" -context "sdk\\\\bsp/1542292535008"
# webtalk_add_data -client sdk -key QemuDebugCount -value "0" -context "sdk\\\\bsp/1542292535008"
# webtalk_transmit -clientid 239371222 -regid "" -xml /home/inzynier/rzeczy/vivado_projekty/tor_wizyjny/tor_wizyjny.sdk/webtalk/usage_statistics_ext_sdk.xml -html /home/inzynier/rzeczy/vivado_projekty/tor_wizyjny/tor_wizyjny.sdk/webtalk/usage_statistics_ext_sdk.html -wdm /home/inzynier/rzeczy/vivado_projekty/tor_wizyjny/tor_wizyjny.sdk/webtalk/sdk_webtalk.wdm -intro "<H3>SDK Usage Report</H3><BR>"
INFO: [Common 17-186] '/home/inzynier/rzeczy/vivado_projekty/tor_wizyjny/tor_wizyjny.sdk/webtalk/usage_statistics_ext_sdk.xml' has been successfully sent to Xilinx on Thu Nov 15 15:35:38 2018. For additional details about this file, please refer to the WebTalk help file at /opt/Xilinx/SDK/2018.2/doc/webtalk_introduction.html.
# webtalk_terminate
INFO: [Common 17-206] Exiting Webtalk at Thu Nov 15 15:35:38 2018...
