16:43:00 **** Auto Build of configuration Debug for project clientboys ****
make pre-build main-build 
a9-linaro-pre-build-step
' '
'Building file: ../src/i2c_access.c'
'Invoking: ARM v7 gcc compiler'
arm-none-eabi-gcc -Wall -O0 -g3 -c -fmessage-length=0 -MT"src/i2c_access.o" -mcpu=cortex-a9 -mfpu=vfpv3 -mfloat-abi=hard -I../../clientboys_bsp/ps7_cortexa9_0/include -MMD -MP -MF"src/i2c_access.d" -MT"src/i2c_access.o" -o "src/i2c_access.o" "../src/i2c_access.c"
'Finished building: ../src/i2c_access.c'
' '
'Building file: ../src/iic_phyreset.c'
'Invoking: ARM v7 gcc compiler'
arm-none-eabi-gcc -Wall -O0 -g3 -c -fmessage-length=0 -MT"src/iic_phyreset.o" -mcpu=cortex-a9 -mfpu=vfpv3 -mfloat-abi=hard -I../../clientboys_bsp/ps7_cortexa9_0/include -MMD -MP -MF"src/iic_phyreset.d" -MT"src/iic_phyreset.o" -o "src/iic_phyreset.o" "../src/iic_phyreset.c"
'Finished building: ../src/iic_phyreset.c'
' '
'Building file: ../src/main.c'
'Invoking: ARM v7 gcc compiler'
arm-none-eabi-gcc -Wall -O0 -g3 -c -fmessage-length=0 -MT"src/main.o" -mcpu=cortex-a9 -mfpu=vfpv3 -mfloat-abi=hard -I../../clientboys_bsp/ps7_cortexa9_0/include -MMD -MP -MF"src/main.d" -MT"src/main.o" -o "src/main.o" "../src/main.c"
../src/main.c: In function 'main':
../src/main.c:249:4: warning: implicit declaration of function 'transfer_data' [-Wimplicit-function-declaration]
    transfer_data(x, y);
    ^~~~~~~~~~~~~
../src/main.c:254:3: warning: implicit declaration of function 'closeMyConnection' [-Wimplicit-function-declaration]
   closeMyConnection();
   ^~~~~~~~~~~~~~~~~
'Finished building: ../src/main.c'
' '
'Building file: ../src/platform.c'
'Invoking: ARM v7 gcc compiler'
arm-none-eabi-gcc -Wall -O0 -g3 -c -fmessage-length=0 -MT"src/platform.o" -mcpu=cortex-a9 -mfpu=vfpv3 -mfloat-abi=hard -I../../clientboys_bsp/ps7_cortexa9_0/include -MMD -MP -MF"src/platform.d" -MT"src/platform.o" -o "src/platform.o" "../src/platform.c"
'Finished building: ../src/platform.c'
' '
'Building file: ../src/platform_mb.c'
'Invoking: ARM v7 gcc compiler'
arm-none-eabi-gcc -Wall -O0 -g3 -c -fmessage-length=0 -MT"src/platform_mb.o" -mcpu=cortex-a9 -mfpu=vfpv3 -mfloat-abi=hard -I../../clientboys_bsp/ps7_cortexa9_0/include -MMD -MP -MF"src/platform_mb.d" -MT"src/platform_mb.o" -o "src/platform_mb.o" "../src/platform_mb.c"
'Finished building: ../src/platform_mb.c'
' '
'Building file: ../src/platform_zynq.c'
'Invoking: ARM v7 gcc compiler'
arm-none-eabi-gcc -Wall -O0 -g3 -c -fmessage-length=0 -MT"src/platform_zynq.o" -mcpu=cortex-a9 -mfpu=vfpv3 -mfloat-abi=hard -I../../clientboys_bsp/ps7_cortexa9_0/include -MMD -MP -MF"src/platform_zynq.d" -MT"src/platform_zynq.o" -o "src/platform_zynq.o" "../src/platform_zynq.c"
In file included from ../src/platform_zynq.c:64:0:
../../clientboys_bsp/ps7_cortexa9_0/include/xtime_l.h:89:9: note: #pragma message: For the sleep routines, Global timer is being used
 #pragma message ("For the sleep routines, Global timer is being used")
         ^~~~~~~
'Finished building: ../src/platform_zynq.c'
' '
'Building file: ../src/platform_zynqmp.c'
'Invoking: ARM v7 gcc compiler'
arm-none-eabi-gcc -Wall -O0 -g3 -c -fmessage-length=0 -MT"src/platform_zynqmp.o" -mcpu=cortex-a9 -mfpu=vfpv3 -mfloat-abi=hard -I../../clientboys_bsp/ps7_cortexa9_0/include -MMD -MP -MF"src/platform_zynqmp.d" -MT"src/platform_zynqmp.o" -o "src/platform_zynqmp.o" "../src/platform_zynqmp.c"
'Finished building: ../src/platform_zynqmp.c'
' '
'Building file: ../src/sfp.c'
'Invoking: ARM v7 gcc compiler'
arm-none-eabi-gcc -Wall -O0 -g3 -c -fmessage-length=0 -MT"src/sfp.o" -mcpu=cortex-a9 -mfpu=vfpv3 -mfloat-abi=hard -I../../clientboys_bsp/ps7_cortexa9_0/include -MMD -MP -MF"src/sfp.d" -MT"src/sfp.o" -o "src/sfp.o" "../src/sfp.c"
'Finished building: ../src/sfp.c'
' '
'Building file: ../src/si5324.c'
'Invoking: ARM v7 gcc compiler'
arm-none-eabi-gcc -Wall -O0 -g3 -c -fmessage-length=0 -MT"src/si5324.o" -mcpu=cortex-a9 -mfpu=vfpv3 -mfloat-abi=hard -I../../clientboys_bsp/ps7_cortexa9_0/include -MMD -MP -MF"src/si5324.d" -MT"src/si5324.o" -o "src/si5324.o" "../src/si5324.c"
'Finished building: ../src/si5324.c'
' '
'Building file: ../src/tcp_perf_client.c'
'Invoking: ARM v7 gcc compiler'
arm-none-eabi-gcc -Wall -O0 -g3 -c -fmessage-length=0 -MT"src/tcp_perf_client.o" -mcpu=cortex-a9 -mfpu=vfpv3 -mfloat-abi=hard -I../../clientboys_bsp/ps7_cortexa9_0/include -MMD -MP -MF"src/tcp_perf_client.d" -MT"src/tcp_perf_client.o" -o "src/tcp_perf_client.o" "../src/tcp_perf_client.c"
../src/tcp_perf_client.c: In function 'tcp_send_perf_traffic':
../src/tcp_perf_client.c:264:10: warning: too many arguments for format [-Wformat-extra-args]
   printf("sending: %s", buff, requestLength);
          ^~~~~~~~~~~~~
../src/tcp_perf_client.c: In function 'start_application':
../src/tcp_perf_client.c:367:8: warning: unused variable 'i' [-Wunused-variable]
  u32_t i;
        ^
At top level:
../src/tcp_perf_client.c:38:13: warning: 'send_buf' defined but not used [-Wunused-variable]
 static char send_buf[TCP_SEND_BUFSIZE];
             ^~~~~~~~
'Finished building: ../src/tcp_perf_client.c'
' '
'Building target: clientboys.elf'
'Invoking: ARM v7 gcc linker'
arm-none-eabi-gcc -mcpu=cortex-a9 -mfpu=vfpv3 -mfloat-abi=hard -Wl,-build-id=none -specs=Xilinx.spec -Wl,-T -Wl,../src/lscript.ld -L../../clientboys_bsp/ps7_cortexa9_0/lib -o "clientboys.elf"  ./src/i2c_access.o ./src/iic_phyreset.o ./src/main.o ./src/platform.o ./src/platform_mb.o ./src/platform_zynq.o ./src/platform_zynqmp.o ./src/sfp.o ./src/si5324.o ./src/tcp_perf_client.o   
e:/xilinx/sdk/2018.2/gnu/aarch32/nt/gcc-arm-none-eabi/bin/../lib/gcc/arm-none-eabi/7.2.1/../../../../arm-none-eabi/bin/ld.exe: warning: cannot find entry symbol _vector_table; defaulting to 0000000000100000
./src/main.o: In function `print_ip':
E:\studia\rzeczy\vivado_projekty\tor_wizyjny\tor_wizyjny.sdk\clientboys\Debug/../src/main.c:102: undefined reference to `print'
E:\studia\rzeczy\vivado_projekty\tor_wizyjny\tor_wizyjny.sdk\clientboys\Debug/../src/main.c:103: undefined reference to `xil_printf'
./src/main.o: In function `assign_default_ip':
E:\studia\rzeczy\vivado_projekty\tor_wizyjny\tor_wizyjny.sdk\clientboys\Debug/../src/main.c:118: undefined reference to `xil_printf'
E:\studia\rzeczy\vivado_projekty\tor_wizyjny\tor_wizyjny.sdk\clientboys\Debug/../src/main.c:120: undefined reference to `ip4addr_aton'
E:\studia\rzeczy\vivado_projekty\tor_wizyjny\tor_wizyjny.sdk\clientboys\Debug/../src/main.c:122: undefined reference to `xil_printf'
E:\studia\rzeczy\vivado_projekty\tor_wizyjny\tor_wizyjny.sdk\clientboys\Debug/../src/main.c:124: undefined reference to `ip4addr_aton'
E:\studia\rzeczy\vivado_projekty\tor_wizyjny\tor_wizyjny.sdk\clientboys\Debug/../src/main.c:126: undefined reference to `xil_printf'
E:\studia\rzeczy\vivado_projekty\tor_wizyjny\tor_wizyjny.sdk\clientboys\Debug/../src/main.c:128: undefined reference to `ip4addr_aton'
E:\studia\rzeczy\vivado_projekty\tor_wizyjny\tor_wizyjny.sdk\clientboys\Debug/../src/main.c:130: undefined reference to `xil_printf'
./src/main.o: In function `main':
E:\studia\rzeczy\vivado_projekty\tor_wizyjny\tor_wizyjny.sdk\clientboys\Debug/../src/main.c:161: undefined reference to `xil_printf'
E:\studia\rzeczy\vivado_projekty\tor_wizyjny\tor_wizyjny.sdk\clientboys\Debug/../src/main.c:162: undefined reference to `xil_printf'
E:\studia\rzeczy\vivado_projekty\tor_wizyjny\tor_wizyjny.sdk\clientboys\Debug/../src/main.c:165: undefined reference to `lwip_init'
E:\studia\rzeczy\vivado_projekty\tor_wizyjny\tor_wizyjny.sdk\clientboys\Debug/../src/main.c:168: undefined reference to `xemac_add'
E:\studia\rzeczy\vivado_projekty\tor_wizyjny\tor_wizyjny.sdk\clientboys\Debug/../src/main.c:170: undefined reference to `xil_printf'
E:\studia\rzeczy\vivado_projekty\tor_wizyjny\tor_wizyjny.sdk\clientboys\Debug/../src/main.c:180: undefined reference to `netif_set_default'
E:\studia\rzeczy\vivado_projekty\tor_wizyjny\tor_wizyjny.sdk\clientboys\Debug/../src/main.c:186: undefined reference to `netif_set_up'
E:\studia\rzeczy\vivado_projekty\tor_wizyjny\tor_wizyjny.sdk\clientboys\Debug/../src/main.c:213: undefined reference to `xil_printf'
E:\studia\rzeczy\vivado_projekty\tor_wizyjny\tor_wizyjny.sdk\clientboys\Debug/../src/main.c:219: undefined reference to `xil_printf'
E:\studia\rzeczy\vivado_projekty\tor_wizyjny\tor_wizyjny.sdk\clientboys\Debug/../src/main.c:241: undefined reference to `tcp_fasttmr'
E:\studia\rzeczy\vivado_projekty\tor_wizyjny\tor_wizyjny.sdk\clientboys\Debug/../src/main.c:245: undefined reference to `tcp_slowtmr'
E:\studia\rzeczy\vivado_projekty\tor_wizyjny\tor_wizyjny.sdk\clientboys\Debug/../src/main.c:248: undefined reference to `xemacif_input'
./src/platform_zynq.o: In function `timer_callback':
E:\studia\rzeczy\vivado_projekty\tor_wizyjny\tor_wizyjny.sdk\clientboys\Debug/../src/platform_zynq.c:132: undefined reference to `xemacpsif_resetrx_on_no_rxdata'
./src/platform_zynq.o: In function `platform_setup_timer':
E:\studia\rzeczy\vivado_projekty\tor_wizyjny\tor_wizyjny.sdk\clientboys\Debug/../src/platform_zynq.c:145: undefined reference to `XScuTimer_LookupConfig'
E:\studia\rzeczy\vivado_projekty\tor_wizyjny\tor_wizyjny.sdk\clientboys\Debug/../src/platform_zynq.c:146: undefined reference to `XScuTimer_CfgInitialize'
E:\studia\rzeczy\vivado_projekty\tor_wizyjny\tor_wizyjny.sdk\clientboys\Debug/../src/platform_zynq.c:150: undefined reference to `xil_printf'
E:\studia\rzeczy\vivado_projekty\tor_wizyjny\tor_wizyjny.sdk\clientboys\Debug/../src/platform_zynq.c:155: undefined reference to `XScuTimer_SelfTest'
E:\studia\rzeczy\vivado_projekty\tor_wizyjny\tor_wizyjny.sdk\clientboys\Debug/../src/platform_zynq.c:157: undefined reference to `xil_printf'
./src/platform_zynq.o: In function `platform_setup_interrupts':
E:\studia\rzeczy\vivado_projekty\tor_wizyjny\tor_wizyjny.sdk\clientboys\Debug/../src/platform_zynq.c:175: undefined reference to `Xil_ExceptionInit'
E:\studia\rzeczy\vivado_projekty\tor_wizyjny\tor_wizyjny.sdk\clientboys\Debug/../src/platform_zynq.c:177: undefined reference to `XScuGic_DeviceInitialize'
E:\studia\rzeczy\vivado_projekty\tor_wizyjny\tor_wizyjny.sdk\clientboys\Debug/../src/platform_zynq.c:183: undefined reference to `XScuGic_DeviceInterruptHandler'
E:\studia\rzeczy\vivado_projekty\tor_wizyjny\tor_wizyjny.sdk\clientboys\Debug/../src/platform_zynq.c:183: undefined reference to `XScuGic_DeviceInterruptHandler'
E:\studia\rzeczy\vivado_projekty\tor_wizyjny\tor_wizyjny.sdk\clientboys\Debug/../src/platform_zynq.c:183: undefined reference to `Xil_ExceptionRegisterHandler'
E:\studia\rzeczy\vivado_projekty\tor_wizyjny\tor_wizyjny.sdk\clientboys\Debug/../src/platform_zynq.c:191: undefined reference to `XScuGic_RegisterHandler'
./src/platform_zynq.o: In function `platform_enable_interrupts':
E:\studia\rzeczy\vivado_projekty\tor_wizyjny\tor_wizyjny.sdk\clientboys\Debug/../src/platform_zynq.c:209: undefined reference to `XScuTimer_Start'
./src/platform_zynq.o: In function `cleanup_platform':
E:\studia\rzeczy\vivado_projekty\tor_wizyjny\tor_wizyjny.sdk\clientboys\Debug/../src/platform_zynq.c:223: undefined reference to `Xil_ICacheDisable'
E:\studia\rzeczy\vivado_projekty\tor_wizyjny\tor_wizyjny.sdk\clientboys\Debug/../src/platform_zynq.c:224: undefined reference to `Xil_DCacheDisable'
./src/platform_zynq.o: In function `get_time_ms':
E:\studia\rzeczy\vivado_projekty\tor_wizyjny\tor_wizyjny.sdk\clientboys\Debug/../src/platform_zynq.c:232: undefined reference to `XTime_GetTime'
./src/tcp_perf_client.o: In function `print_app_header':
E:\studia\rzeczy\vivado_projekty\tor_wizyjny\tor_wizyjny.sdk\clientboys\Debug/../src/tcp_perf_client.c:49: undefined reference to `xil_printf'
E:\studia\rzeczy\vivado_projekty\tor_wizyjny\tor_wizyjny.sdk\clientboys\Debug/../src/tcp_perf_client.c:51: undefined reference to `xil_printf'
./src/tcp_perf_client.o: In function `tcp_conn_report':
E:\studia\rzeczy\vivado_projekty\tor_wizyjny\tor_wizyjny.sdk\clientboys\Debug/../src/tcp_perf_client.c:133: undefined reference to `xil_printf'
./src/tcp_perf_client.o: In function `tcp_client_close':
E:\studia\rzeczy\vivado_projekty\tor_wizyjny\tor_wizyjny.sdk\clientboys\Debug/../src/tcp_perf_client.c:146: undefined reference to `tcp_sent'
E:\studia\rzeczy\vivado_projekty\tor_wizyjny\tor_wizyjny.sdk\clientboys\Debug/../src/tcp_perf_client.c:147: undefined reference to `tcp_err'
E:\studia\rzeczy\vivado_projekty\tor_wizyjny\tor_wizyjny.sdk\clientboys\Debug/../src/tcp_perf_client.c:148: undefined reference to `tcp_close'
E:\studia\rzeczy\vivado_projekty\tor_wizyjny\tor_wizyjny.sdk\clientboys\Debug/../src/tcp_perf_client.c:151: undefined reference to `tcp_abort'
./src/tcp_perf_client.o: In function `tcp_send_perf_traffic':
E:\studia\rzeczy\vivado_projekty\tor_wizyjny\tor_wizyjny.sdk\clientboys\Debug/../src/tcp_perf_client.c:266: undefined reference to `tcp_write'
E:\studia\rzeczy\vivado_projekty\tor_wizyjny\tor_wizyjny.sdk\clientboys\Debug/../src/tcp_perf_client.c:273: undefined reference to `tcp_output'
E:\studia\rzeczy\vivado_projekty\tor_wizyjny\tor_wizyjny.sdk\clientboys\Debug/../src/tcp_perf_client.c:275: undefined reference to `xil_printf'
./src/tcp_perf_client.o: In function `tcp_client_connected':
E:\studia\rzeczy\vivado_projekty\tor_wizyjny\tor_wizyjny.sdk\clientboys\Debug/../src/tcp_perf_client.c:327: undefined reference to `xil_printf'
E:\studia\rzeczy\vivado_projekty\tor_wizyjny\tor_wizyjny.sdk\clientboys\Debug/../src/tcp_perf_client.c:347: undefined reference to `tcp_arg'
E:\studia\rzeczy\vivado_projekty\tor_wizyjny\tor_wizyjny.sdk\clientboys\Debug/../src/tcp_perf_client.c:348: undefined reference to `tcp_sent'
E:\studia\rzeczy\vivado_projekty\tor_wizyjny\tor_wizyjny.sdk\clientboys\Debug/../src/tcp_perf_client.c:349: undefined reference to `tcp_err'
./src/tcp_perf_client.o: In function `start_application':
E:\studia\rzeczy\vivado_projekty\tor_wizyjny\tor_wizyjny.sdk\clientboys\Debug/../src/tcp_perf_client.c:373: undefined reference to `ip4addr_aton'
E:\studia\rzeczy\vivado_projekty\tor_wizyjny\tor_wizyjny.sdk\clientboys\Debug/../src/tcp_perf_client.c:377: undefined reference to `xil_printf'
E:\studia\rzeczy\vivado_projekty\tor_wizyjny\tor_wizyjny.sdk\clientboys\Debug/../src/tcp_perf_client.c:382: undefined reference to `tcp_new_ip_type'
E:\studia\rzeczy\vivado_projekty\tor_wizyjny\tor_wizyjny.sdk\clientboys\Debug/../src/tcp_perf_client.c:384: undefined reference to `xil_printf'
E:\studia\rzeczy\vivado_projekty\tor_wizyjny\tor_wizyjny.sdk\clientboys\Debug/../src/tcp_perf_client.c:388: undefined reference to `tcp_connect'
E:\studia\rzeczy\vivado_projekty\tor_wizyjny\tor_wizyjny.sdk\clientboys\Debug/../src/tcp_perf_client.c:391: undefined reference to `xil_printf'
e:/xilinx/sdk/2018.2/gnu/aarch32/nt/gcc-arm-none-eabi/bin/../arm-none-eabi/libc/usr/lib/v7-a/fpv3/hard\libc.a(lib_a-sbrkr.o): In function `_sbrk_r':
/proj/esdt_sdk/gnu_abe/ABE/builds/lin/arm/arm-linux/snapshots/newlib-newlib-2_4_0/newlib/libc/reent/sbrkr.c:58: undefined reference to `_sbrk'
e:/xilinx/sdk/2018.2/gnu/aarch32/nt/gcc-arm-none-eabi/bin/../arm-none-eabi/libc/usr/lib/v7-a/fpv3/hard\libc.a(lib_a-writer.o): In function `_write_r':
/proj/esdt_sdk/gnu_abe/ABE/builds/lin/arm/arm-linux/snapshots/newlib-newlib-2_4_0/newlib/libc/reent/writer.c:58: undefined reference to `_write'
e:/xilinx/sdk/2018.2/gnu/aarch32/nt/gcc-arm-none-eabi/bin/../arm-none-eabi/libc/usr/lib/v7-a/fpv3/hard\libc.a(lib_a-closer.o): In function `_close_r':
/proj/esdt_sdk/gnu_abe/ABE/builds/lin/arm/arm-linux/snapshots/newlib-newlib-2_4_0/newlib/libc/reent/closer.c:53: undefined reference to `_close'
e:/xilinx/sdk/2018.2/gnu/aarch32/nt/gcc-arm-none-eabi/bin/../arm-none-eabi/libc/usr/lib/v7-a/fpv3/hard\libc.a(lib_a-fstatr.o): In function `_fstat_r':
/proj/esdt_sdk/gnu_abe/ABE/builds/lin/arm/arm-linux/snapshots/newlib-newlib-2_4_0/newlib/libc/reent/fstatr.c:62: undefined reference to `_fstat'
e:/xilinx/sdk/2018.2/gnu/aarch32/nt/gcc-arm-none-eabi/bin/../arm-none-eabi/libc/usr/lib/v7-a/fpv3/hard\libc.a(lib_a-isattyr.o): In function `_isatty_r':
/proj/esdt_sdk/gnu_abe/ABE/builds/lin/arm/arm-linux/snapshots/newlib-newlib-2_4_0/newlib/libc/reent/isattyr.c:58: undefined reference to `_isatty'
e:/xilinx/sdk/2018.2/gnu/aarch32/nt/gcc-arm-none-eabi/bin/../arm-none-eabi/libc/usr/lib/v7-a/fpv3/hard\libc.a(lib_a-lseekr.o): In function `_lseek_r':
/proj/esdt_sdk/gnu_abe/ABE/builds/lin/arm/arm-linux/snapshots/newlib-newlib-2_4_0/newlib/libc/reent/lseekr.c:58: undefined reference to `_lseek'
e:/xilinx/sdk/2018.2/gnu/aarch32/nt/gcc-arm-none-eabi/bin/../arm-none-eabi/libc/usr/lib/v7-a/fpv3/hard\libc.a(lib_a-readr.o): In function `_read_r':
/proj/esdt_sdk/gnu_abe/ABE/builds/lin/arm/arm-linux/snapshots/newlib-newlib-2_4_0/newlib/libc/reent/readr.c:58: undefined reference to `_read'
collect2.exe: error: ld returned 1 exit status
make: *** [clientboys.elf] B³¹d 1

16:43:17 Build Finished (took 16s.447ms)

